[1.075s] DEBUG:colcon:Command line arguments: ['/usr/bin/colcon', 'build', '--packages-select', 'puppy_brain']
[1.076s] DEBUG:colcon:Parsed command line arguments: Namespace(log_base=None, log_level=None, verb_name='build', build_base='build', install_base='install', merge_install=False, symlink_install=False, test_result_base=None, continue_on_error=False, executor='parallel', parallel_workers=8, event_handlers=None, ignore_user_meta=False, metas=['./colcon.meta'], base_paths=['.'], packages_ignore=None, packages_ignore_regex=None, paths=None, packages_up_to=None, packages_up_to_regex=None, packages_above=None, packages_above_and_dependencies=None, packages_above_depth=None, packages_select_by_dep=None, packages_skip_by_dep=None, packages_skip_up_to=None, packages_select_build_failed=False, packages_skip_build_finished=False, packages_select_test_failures=False, packages_skip_test_passed=False, packages_select=['puppy_brain'], packages_skip=None, packages_select_regex=None, packages_skip_regex=None, packages_start=None, packages_end=None, allow_overriding=[], cmake_args=None, cmake_target=None, cmake_target_skip_unavailable=False, cmake_clean_cache=False, cmake_clean_first=False, cmake_force_configure=False, ament_cmake_args=None, catkin_cmake_args=None, catkin_skip_building_tests=False, verb_parser=<colcon_defaults.argument_parser.defaults.DefaultArgumentsDecorator object at 0xffff97153370>, verb_extension=<colcon_core.verb.build.BuildVerb object at 0xffff97152e30>, main=<bound method BuildVerb.main of <colcon_core.verb.build.BuildVerb object at 0xffff97152e30>>)
[1.478s] Level 1:colcon.colcon_core.package_discovery:discover_packages(colcon_meta) check parameters
[1.479s] Level 1:colcon.colcon_core.package_discovery:discover_packages(recursive) check parameters
[1.479s] Level 1:colcon.colcon_core.package_discovery:discover_packages(ignore) check parameters
[1.479s] Level 1:colcon.colcon_core.package_discovery:discover_packages(path) check parameters
[1.480s] Level 1:colcon.colcon_core.package_discovery:discover_packages(colcon_meta) discover
[1.480s] Level 1:colcon.colcon_core.package_discovery:discover_packages(recursive) discover
[1.480s] INFO:colcon.colcon_core.package_discovery:Crawling recursively for packages in '/app/puppy_ws'
[1.482s] Level 1:colcon.colcon_core.package_identification:_identify(.) by extensions ['ignore', 'ignore_ament_install']
[1.485s] Level 1:colcon.colcon_core.package_identification:_identify(.) by extension 'ignore'
[1.487s] Level 1:colcon.colcon_core.package_identification:_identify(.) by extension 'ignore_ament_install'
[1.488s] Level 1:colcon.colcon_core.package_identification:_identify(.) by extensions ['colcon_pkg']
[1.489s] Level 1:colcon.colcon_core.package_identification:_identify(.) by extension 'colcon_pkg'
[1.489s] Level 1:colcon.colcon_core.package_identification:_identify(.) by extensions ['colcon_meta']
[1.490s] Level 1:colcon.colcon_core.package_identification:_identify(.) by extension 'colcon_meta'
[1.490s] Level 1:colcon.colcon_core.package_identification:_identify(.) by extensions ['ros']
[1.490s] Level 1:colcon.colcon_core.package_identification:_identify(.) by extension 'ros'
[1.642s] Level 1:colcon.colcon_core.package_identification:_identify(.) by extensions ['cmake', 'python']
[1.642s] Level 1:colcon.colcon_core.package_identification:_identify(.) by extension 'cmake'
[1.643s] Level 1:colcon.colcon_core.package_identification:_identify(.) by extension 'python'
[1.643s] Level 1:colcon.colcon_core.package_identification:_identify(.) by extensions ['python_setup_py']
[1.644s] Level 1:colcon.colcon_core.package_identification:_identify(.) by extension 'python_setup_py'
[1.645s] Level 1:colcon.colcon_core.package_identification:_identify(build) by extensions ['ignore', 'ignore_ament_install']
[1.647s] Level 1:colcon.colcon_core.package_identification:_identify(build) by extension 'ignore'
[1.649s] Level 1:colcon.colcon_core.package_identification:_identify(build) ignored
[1.651s] Level 1:colcon.colcon_core.package_identification:_identify(install) by extensions ['ignore', 'ignore_ament_install']
[1.652s] Level 1:colcon.colcon_core.package_identification:_identify(install) by extension 'ignore'
[1.653s] Level 1:colcon.colcon_core.package_identification:_identify(install) ignored
[1.654s] Level 1:colcon.colcon_core.package_identification:_identify(log) by extensions ['ignore', 'ignore_ament_install']
[1.655s] Level 1:colcon.colcon_core.package_identification:_identify(log) by extension 'ignore'
[1.656s] Level 1:colcon.colcon_core.package_identification:_identify(log) ignored
[1.658s] Level 1:colcon.colcon_core.package_identification:_identify(src) by extensions ['ignore', 'ignore_ament_install']
[1.658s] Level 1:colcon.colcon_core.package_identification:_identify(src) by extension 'ignore'
[1.659s] Level 1:colcon.colcon_core.package_identification:_identify(src) by extension 'ignore_ament_install'
[1.659s] Level 1:colcon.colcon_core.package_identification:_identify(src) by extensions ['colcon_pkg']
[1.660s] Level 1:colcon.colcon_core.package_identification:_identify(src) by extension 'colcon_pkg'
[1.660s] Level 1:colcon.colcon_core.package_identification:_identify(src) by extensions ['colcon_meta']
[1.660s] Level 1:colcon.colcon_core.package_identification:_identify(src) by extension 'colcon_meta'
[1.661s] Level 1:colcon.colcon_core.package_identification:_identify(src) by extensions ['ros']
[1.661s] Level 1:colcon.colcon_core.package_identification:_identify(src) by extension 'ros'
[1.661s] Level 1:colcon.colcon_core.package_identification:_identify(src) by extensions ['cmake', 'python']
[1.661s] Level 1:colcon.colcon_core.package_identification:_identify(src) by extension 'cmake'
[1.662s] Level 1:colcon.colcon_core.package_identification:_identify(src) by extension 'python'
[1.662s] Level 1:colcon.colcon_core.package_identification:_identify(src) by extensions ['python_setup_py']
[1.662s] Level 1:colcon.colcon_core.package_identification:_identify(src) by extension 'python_setup_py'
[1.663s] Level 1:colcon.colcon_core.package_identification:_identify(src/puppy_brain) by extensions ['ignore', 'ignore_ament_install']
[1.663s] Level 1:colcon.colcon_core.package_identification:_identify(src/puppy_brain) by extension 'ignore'
[1.664s] Level 1:colcon.colcon_core.package_identification:_identify(src/puppy_brain) by extension 'ignore_ament_install'
[1.664s] Level 1:colcon.colcon_core.package_identification:_identify(src/puppy_brain) by extensions ['colcon_pkg']
[1.664s] Level 1:colcon.colcon_core.package_identification:_identify(src/puppy_brain) by extension 'colcon_pkg'
[1.665s] Level 1:colcon.colcon_core.package_identification:_identify(src/puppy_brain) by extensions ['colcon_meta']
[1.665s] Level 1:colcon.colcon_core.package_identification:_identify(src/puppy_brain) by extension 'colcon_meta'
[1.665s] Level 1:colcon.colcon_core.package_identification:_identify(src/puppy_brain) by extensions ['ros']
[1.665s] Level 1:colcon.colcon_core.package_identification:_identify(src/puppy_brain) by extension 'ros'
[1.690s] DEBUG:colcon.colcon_core.package_identification:Package 'src/puppy_brain' with type 'ros.ament_python' and name 'puppy_brain'
[1.690s] Level 1:colcon.colcon_core.package_discovery:discover_packages(recursive) using defaults
[1.691s] Level 1:colcon.colcon_core.package_discovery:discover_packages(ignore) discover
[1.692s] Level 1:colcon.colcon_core.package_discovery:discover_packages(ignore) using defaults
[1.692s] Level 1:colcon.colcon_core.package_discovery:discover_packages(path) discover
[1.692s] Level 1:colcon.colcon_core.package_discovery:discover_packages(path) using defaults
[1.884s] Level 1:colcon.colcon_core.package_discovery:discover_packages(prefix_path) check parameters
[1.885s] Level 1:colcon.colcon_core.package_discovery:discover_packages(prefix_path) discover
[1.900s] DEBUG:colcon.colcon_installed_package_information.package_discovery:Found 58 installed packages in /opt/tros/humble
[1.910s] DEBUG:colcon.colcon_installed_package_information.package_discovery:Found 183 installed packages in /opt/ros/humble
[1.921s] Level 1:colcon.colcon_core.package_discovery:discover_packages(prefix_path) using defaults
[2.249s] Level 5:colcon.colcon_core.verb:set package 'puppy_brain' build argument 'cmake_args' from command line to 'None'
[2.250s] Level 5:colcon.colcon_core.verb:set package 'puppy_brain' build argument 'cmake_target' from command line to 'None'
[2.250s] Level 5:colcon.colcon_core.verb:set package 'puppy_brain' build argument 'cmake_target_skip_unavailable' from command line to 'False'
[2.251s] Level 5:colcon.colcon_core.verb:set package 'puppy_brain' build argument 'cmake_clean_cache' from command line to 'False'
[2.252s] Level 5:colcon.colcon_core.verb:set package 'puppy_brain' build argument 'cmake_clean_first' from command line to 'False'
[2.252s] Level 5:colcon.colcon_core.verb:set package 'puppy_brain' build argument 'cmake_force_configure' from command line to 'False'
[2.253s] Level 5:colcon.colcon_core.verb:set package 'puppy_brain' build argument 'ament_cmake_args' from command line to 'None'
[2.253s] Level 5:colcon.colcon_core.verb:set package 'puppy_brain' build argument 'catkin_cmake_args' from command line to 'None'
[2.254s] Level 5:colcon.colcon_core.verb:set package 'puppy_brain' build argument 'catkin_skip_building_tests' from command line to 'False'
[2.255s] DEBUG:colcon.colcon_core.verb:Building package 'puppy_brain' with the following arguments: {'ament_cmake_args': None, 'build_base': '/app/puppy_ws/build/puppy_brain', 'catkin_cmake_args': None, 'catkin_skip_building_tests': False, 'cmake_args': None, 'cmake_clean_cache': False, 'cmake_clean_first': False, 'cmake_force_configure': False, 'cmake_target': None, 'cmake_target_skip_unavailable': False, 'install_base': '/app/puppy_ws/install/puppy_brain', 'merge_install': False, 'path': '/app/puppy_ws/src/puppy_brain', 'symlink_install': False, 'test_result_base': None}
[2.256s] INFO:colcon.colcon_core.executor:Executing jobs using 'parallel' executor
[2.262s] DEBUG:colcon.colcon_parallel_executor.executor.parallel:run_until_complete
[2.264s] INFO:colcon.colcon_ros.task.ament_python.build:Building ROS package in '/app/puppy_ws/src/puppy_brain' with build type 'ament_python'
[2.266s] Level 1:colcon.colcon_core.shell:create_environment_hook('puppy_brain', 'ament_prefix_path')
[2.286s] INFO:colcon.colcon_core.plugin_system:Skipping extension 'colcon_core.shell.bat': Not used on non-Windows systems
[2.287s] INFO:colcon.colcon_core.shell:Creating environment hook '/app/puppy_ws/install/puppy_brain/share/puppy_brain/hook/ament_prefix_path.ps1'
[2.291s] INFO:colcon.colcon_core.shell:Creating environment descriptor '/app/puppy_ws/install/puppy_brain/share/puppy_brain/hook/ament_prefix_path.dsv'
[2.296s] INFO:colcon.colcon_core.shell:Creating environment hook '/app/puppy_ws/install/puppy_brain/share/puppy_brain/hook/ament_prefix_path.sh'
[2.304s] INFO:colcon.colcon_core.shell:Skip shell extension 'powershell' for command environment: Not usable outside of PowerShell
[2.305s] DEBUG:colcon.colcon_core.shell:Skip shell extension 'dsv' for command environment
[4.615s] INFO:colcon.colcon_core.task.python.build:Building Python package in '/app/puppy_ws/src/puppy_brain'
[4.618s] INFO:colcon.colcon_core.shell:Skip shell extension 'powershell' for command environment: Not usable outside of PowerShell
[4.619s] DEBUG:colcon.colcon_core.shell:Skip shell extension 'dsv' for command environment
[8.508s] DEBUG:colcon.colcon_core.event_handler.log_command:Invoking command in '/app/puppy_ws/src/puppy_brain': PYTHONPATH=/app/puppy_ws/build/puppy_brain/prefix_override:/usr/lib/python3/dist-packages/colcon_core/task/python/colcon_distutils_commands:/app/puppy_ws/install/puppy_brain/lib/python3.10/site-packages:${PYTHONPATH} /usr/bin/python3 -W ignore:setup.py install is deprecated -W ignore:easy_install command is deprecated setup.py egg_info --egg-base ../../build/puppy_brain build --build-base /app/puppy_ws/build/puppy_brain/build install --record /app/puppy_ws/build/puppy_brain/install.log --single-version-externally-managed install_data
[12.300s] DEBUG:colcon.colcon_core.event_handler.log_command:Invoked command in '/app/puppy_ws/src/puppy_brain' returned '0': PYTHONPATH=/app/puppy_ws/build/puppy_brain/prefix_override:/usr/lib/python3/dist-packages/colcon_core/task/python/colcon_distutils_commands:/app/puppy_ws/install/puppy_brain/lib/python3.10/site-packages:${PYTHONPATH} /usr/bin/python3 -W ignore:setup.py install is deprecated -W ignore:easy_install command is deprecated setup.py egg_info --egg-base ../../build/puppy_brain build --build-base /app/puppy_ws/build/puppy_brain/build install --record /app/puppy_ws/build/puppy_brain/install.log --single-version-externally-managed install_data
[12.322s] Level 1:colcon.colcon_core.environment:checking '/app/puppy_ws/install/puppy_brain' for CMake module files
[12.325s] Level 1:colcon.colcon_core.environment:checking '/app/puppy_ws/install/puppy_brain' for CMake config files
[12.330s] Level 1:colcon.colcon_core.environment:checking '/app/puppy_ws/install/puppy_brain/lib'
[12.332s] Level 1:colcon.colcon_core.environment:checking '/app/puppy_ws/install/puppy_brain/bin'
[12.333s] Level 1:colcon.colcon_core.environment:checking '/app/puppy_ws/install/puppy_brain/lib/pkgconfig/puppy_brain.pc'
[12.335s] Level 1:colcon.colcon_core.environment:checking '/app/puppy_ws/install/puppy_brain/lib/python3.10/site-packages'
[12.336s] Level 1:colcon.colcon_core.shell:create_environment_hook('puppy_brain', 'pythonpath')
[12.339s] INFO:colcon.colcon_core.shell:Creating environment hook '/app/puppy_ws/install/puppy_brain/share/puppy_brain/hook/pythonpath.ps1'
[12.344s] INFO:colcon.colcon_core.shell:Creating environment descriptor '/app/puppy_ws/install/puppy_brain/share/puppy_brain/hook/pythonpath.dsv'
[12.350s] INFO:colcon.colcon_core.shell:Creating environment hook '/app/puppy_ws/install/puppy_brain/share/puppy_brain/hook/pythonpath.sh'
[12.357s] Level 1:colcon.colcon_core.environment:checking '/app/puppy_ws/install/puppy_brain/bin'
[12.357s] Level 1:colcon.colcon_core.environment:create_environment_scripts_only(puppy_brain)
[12.360s] INFO:colcon.colcon_core.shell:Creating package script '/app/puppy_ws/install/puppy_brain/share/puppy_brain/package.ps1'
[12.365s] INFO:colcon.colcon_core.shell:Creating package descriptor '/app/puppy_ws/install/puppy_brain/share/puppy_brain/package.dsv'
[12.371s] INFO:colcon.colcon_core.shell:Creating package script '/app/puppy_ws/install/puppy_brain/share/puppy_brain/package.sh'
[12.384s] INFO:colcon.colcon_core.shell:Creating package script '/app/puppy_ws/install/puppy_brain/share/puppy_brain/package.bash'
[12.390s] INFO:colcon.colcon_core.shell:Creating package script '/app/puppy_ws/install/puppy_brain/share/puppy_brain/package.zsh'
[12.397s] Level 1:colcon.colcon_core.environment:create_file_with_runtime_dependencies(/app/puppy_ws/install/puppy_brain/share/colcon-core/packages/puppy_brain)
[12.400s] DEBUG:colcon.colcon_parallel_executor.executor.parallel:closing loop
[12.401s] DEBUG:colcon.colcon_parallel_executor.executor.parallel:loop closed
[12.402s] DEBUG:colcon.colcon_parallel_executor.executor.parallel:run_until_complete finished with '0'
[12.402s] DEBUG:colcon.colcon_core.event_reactor:joining thread
[12.445s] INFO:colcon.colcon_core.plugin_system:Skipping extension 'colcon_notification.desktop_notification.notify_send': Could not find 'notify-send'
[12.447s] INFO:colcon.colcon_core.plugin_system:Skipping extension 'colcon_notification.desktop_notification.terminal_notifier': Not used on non-Darwin systems
[12.449s] INFO:colcon.colcon_core.plugin_system:Skipping extension 'colcon_notification.desktop_notification.win32': Not used on non-Windows systems
[12.449s] INFO:colcon.colcon_notification.desktop_notification:Sending desktop notification using 'notify2'
[12.481s] DEBUG:colcon.colcon_core.event_reactor:joined thread
[12.483s] INFO:colcon.colcon_core.shell:Creating prefix script '/app/puppy_ws/install/local_setup.ps1'
[12.492s] INFO:colcon.colcon_core.shell:Creating prefix util module '/app/puppy_ws/install/_local_setup_util_ps1.py'
[12.505s] INFO:colcon.colcon_core.shell:Creating prefix chain script '/app/puppy_ws/install/setup.ps1'
[12.516s] INFO:colcon.colcon_core.shell:Creating prefix script '/app/puppy_ws/install/local_setup.sh'
[12.522s] INFO:colcon.colcon_core.shell:Creating prefix util module '/app/puppy_ws/install/_local_setup_util_sh.py'
[12.526s] INFO:colcon.colcon_core.shell:Creating prefix chain script '/app/puppy_ws/install/setup.sh'
[12.535s] INFO:colcon.colcon_core.shell:Creating prefix script '/app/puppy_ws/install/local_setup.bash'
[12.540s] INFO:colcon.colcon_core.shell:Creating prefix chain script '/app/puppy_ws/install/setup.bash'
[12.551s] INFO:colcon.colcon_core.shell:Creating prefix script '/app/puppy_ws/install/local_setup.zsh'
[12.556s] INFO:colcon.colcon_core.shell:Creating prefix chain script '/app/puppy_ws/install/setup.zsh'
