[0.633s] DEBUG:colcon:Command line arguments: ['/usr/bin/colcon', 'build', '--packages-select', 'puppy_brain']
[0.633s] DEBUG:colcon:Parsed command line arguments: Namespace(log_base=None, log_level=None, verb_name='build', build_base='build', install_base='install', merge_install=False, symlink_install=False, test_result_base=None, continue_on_error=False, executor='parallel', parallel_workers=8, event_handlers=None, ignore_user_meta=False, metas=['./colcon.meta'], base_paths=['.'], packages_ignore=None, packages_ignore_regex=None, paths=None, packages_up_to=None, packages_up_to_regex=None, packages_above=None, packages_above_and_dependencies=None, packages_above_depth=None, packages_select_by_dep=None, packages_skip_by_dep=None, packages_skip_up_to=None, packages_select_build_failed=False, packages_skip_build_finished=False, packages_select_test_failures=False, packages_skip_test_passed=False, packages_select=['puppy_brain'], packages_skip=None, packages_select_regex=None, packages_skip_regex=None, packages_start=None, packages_end=None, allow_overriding=[], cmake_args=None, cmake_target=None, cmake_target_skip_unavailable=False, cmake_clean_cache=False, cmake_clean_first=False, cmake_force_configure=False, ament_cmake_args=None, catkin_cmake_args=None, catkin_skip_building_tests=False, verb_parser=<colcon_defaults.argument_parser.defaults.DefaultArgumentsDecorator object at 0xffffaa273670>, verb_extension=<colcon_core.verb.build.BuildVerb object at 0xffffaa273130>, main=<bound method BuildVerb.main of <colcon_core.verb.build.BuildVerb object at 0xffffaa273130>>)
[0.882s] Level 1:colcon.colcon_core.package_discovery:discover_packages(colcon_meta) check parameters
[0.882s] Level 1:colcon.colcon_core.package_discovery:discover_packages(recursive) check parameters
[0.883s] Level 1:colcon.colcon_core.package_discovery:discover_packages(ignore) check parameters
[0.883s] Level 1:colcon.colcon_core.package_discovery:discover_packages(path) check parameters
[0.883s] Level 1:colcon.colcon_core.package_discovery:discover_packages(colcon_meta) discover
[0.883s] Level 1:colcon.colcon_core.package_discovery:discover_packages(recursive) discover
[0.884s] INFO:colcon.colcon_core.package_discovery:Crawling recursively for packages in '/app/puppy_ws'
[0.884s] Level 1:colcon.colcon_core.package_identification:_identify(.) by extensions ['ignore', 'ignore_ament_install']
[0.885s] Level 1:colcon.colcon_core.package_identification:_identify(.) by extension 'ignore'
[0.885s] Level 1:colcon.colcon_core.package_identification:_identify(.) by extension 'ignore_ament_install'
[0.885s] Level 1:colcon.colcon_core.package_identification:_identify(.) by extensions ['colcon_pkg']
[0.886s] Level 1:colcon.colcon_core.package_identification:_identify(.) by extension 'colcon_pkg'
[0.886s] Level 1:colcon.colcon_core.package_identification:_identify(.) by extensions ['colcon_meta']
[0.886s] Level 1:colcon.colcon_core.package_identification:_identify(.) by extension 'colcon_meta'
[0.886s] Level 1:colcon.colcon_core.package_identification:_identify(.) by extensions ['ros']
[0.886s] Level 1:colcon.colcon_core.package_identification:_identify(.) by extension 'ros'
[0.984s] Level 1:colcon.colcon_core.package_identification:_identify(.) by extensions ['cmake', 'python']
[0.984s] Level 1:colcon.colcon_core.package_identification:_identify(.) by extension 'cmake'
[0.985s] Level 1:colcon.colcon_core.package_identification:_identify(.) by extension 'python'
[0.985s] Level 1:colcon.colcon_core.package_identification:_identify(.) by extensions ['python_setup_py']
[0.985s] Level 1:colcon.colcon_core.package_identification:_identify(.) by extension 'python_setup_py'
[0.986s] Level 1:colcon.colcon_core.package_identification:_identify(build) by extensions ['ignore', 'ignore_ament_install']
[0.986s] Level 1:colcon.colcon_core.package_identification:_identify(build) by extension 'ignore'
[0.987s] Level 1:colcon.colcon_core.package_identification:_identify(build) ignored
[0.987s] Level 1:colcon.colcon_core.package_identification:_identify(install) by extensions ['ignore', 'ignore_ament_install']
[0.988s] Level 1:colcon.colcon_core.package_identification:_identify(install) by extension 'ignore'
[0.988s] Level 1:colcon.colcon_core.package_identification:_identify(install) ignored
[0.989s] Level 1:colcon.colcon_core.package_identification:_identify(log) by extensions ['ignore', 'ignore_ament_install']
[0.989s] Level 1:colcon.colcon_core.package_identification:_identify(log) by extension 'ignore'
[0.989s] Level 1:colcon.colcon_core.package_identification:_identify(log) ignored
[0.990s] Level 1:colcon.colcon_core.package_identification:_identify(src) by extensions ['ignore', 'ignore_ament_install']
[0.990s] Level 1:colcon.colcon_core.package_identification:_identify(src) by extension 'ignore'
[0.990s] Level 1:colcon.colcon_core.package_identification:_identify(src) by extension 'ignore_ament_install'
[0.991s] Level 1:colcon.colcon_core.package_identification:_identify(src) by extensions ['colcon_pkg']
[0.991s] Level 1:colcon.colcon_core.package_identification:_identify(src) by extension 'colcon_pkg'
[0.991s] Level 1:colcon.colcon_core.package_identification:_identify(src) by extensions ['colcon_meta']
[0.991s] Level 1:colcon.colcon_core.package_identification:_identify(src) by extension 'colcon_meta'
[0.992s] Level 1:colcon.colcon_core.package_identification:_identify(src) by extensions ['ros']
[0.992s] Level 1:colcon.colcon_core.package_identification:_identify(src) by extension 'ros'
[0.992s] Level 1:colcon.colcon_core.package_identification:_identify(src) by extensions ['cmake', 'python']
[0.993s] Level 1:colcon.colcon_core.package_identification:_identify(src) by extension 'cmake'
[0.993s] Level 1:colcon.colcon_core.package_identification:_identify(src) by extension 'python'
[0.993s] Level 1:colcon.colcon_core.package_identification:_identify(src) by extensions ['python_setup_py']
[0.993s] Level 1:colcon.colcon_core.package_identification:_identify(src) by extension 'python_setup_py'
[0.994s] Level 1:colcon.colcon_core.package_identification:_identify(src/puppy_brain) by extensions ['ignore', 'ignore_ament_install']
[0.994s] Level 1:colcon.colcon_core.package_identification:_identify(src/puppy_brain) by extension 'ignore'
[0.995s] Level 1:colcon.colcon_core.package_identification:_identify(src/puppy_brain) by extension 'ignore_ament_install'
[0.995s] Level 1:colcon.colcon_core.package_identification:_identify(src/puppy_brain) by extensions ['colcon_pkg']
[0.995s] Level 1:colcon.colcon_core.package_identification:_identify(src/puppy_brain) by extension 'colcon_pkg'
[0.995s] Level 1:colcon.colcon_core.package_identification:_identify(src/puppy_brain) by extensions ['colcon_meta']
[0.996s] Level 1:colcon.colcon_core.package_identification:_identify(src/puppy_brain) by extension 'colcon_meta'
[0.996s] Level 1:colcon.colcon_core.package_identification:_identify(src/puppy_brain) by extensions ['ros']
[0.996s] Level 1:colcon.colcon_core.package_identification:_identify(src/puppy_brain) by extension 'ros'
[1.012s] DEBUG:colcon.colcon_core.package_identification:Package 'src/puppy_brain' with type 'ros.ament_python' and name 'puppy_brain'
[1.012s] Level 1:colcon.colcon_core.package_discovery:discover_packages(recursive) using defaults
[1.012s] Level 1:colcon.colcon_core.package_discovery:discover_packages(ignore) discover
[1.013s] Level 1:colcon.colcon_core.package_discovery:discover_packages(ignore) using defaults
[1.013s] Level 1:colcon.colcon_core.package_discovery:discover_packages(path) discover
[1.013s] Level 1:colcon.colcon_core.package_discovery:discover_packages(path) using defaults
[1.136s] Level 1:colcon.colcon_core.package_discovery:discover_packages(prefix_path) check parameters
[1.136s] Level 1:colcon.colcon_core.package_discovery:discover_packages(prefix_path) discover
[1.141s] WARNING:colcon.colcon_ros.prefix_path.ament:The path '/app/puppy_ws/install/puppy_brain' in the environment variable AMENT_PREFIX_PATH doesn't exist
[1.146s] DEBUG:colcon.colcon_installed_package_information.package_discovery:Found 0 installed packages in /app/puppy_ws/install
[1.149s] DEBUG:colcon.colcon_installed_package_information.package_discovery:Found 58 installed packages in /opt/tros/humble
[1.157s] DEBUG:colcon.colcon_installed_package_information.package_discovery:Found 183 installed packages in /opt/ros/humble
[1.166s] Level 1:colcon.colcon_core.package_discovery:discover_packages(prefix_path) using defaults
[1.381s] Level 5:colcon.colcon_core.verb:set package 'puppy_brain' build argument 'cmake_args' from command line to 'None'
[1.381s] Level 5:colcon.colcon_core.verb:set package 'puppy_brain' build argument 'cmake_target' from command line to 'None'
[1.382s] Level 5:colcon.colcon_core.verb:set package 'puppy_brain' build argument 'cmake_target_skip_unavailable' from command line to 'False'
[1.382s] Level 5:colcon.colcon_core.verb:set package 'puppy_brain' build argument 'cmake_clean_cache' from command line to 'False'
[1.382s] Level 5:colcon.colcon_core.verb:set package 'puppy_brain' build argument 'cmake_clean_first' from command line to 'False'
[1.382s] Level 5:colcon.colcon_core.verb:set package 'puppy_brain' build argument 'cmake_force_configure' from command line to 'False'
[1.382s] Level 5:colcon.colcon_core.verb:set package 'puppy_brain' build argument 'ament_cmake_args' from command line to 'None'
[1.382s] Level 5:colcon.colcon_core.verb:set package 'puppy_brain' build argument 'catkin_cmake_args' from command line to 'None'
[1.383s] Level 5:colcon.colcon_core.verb:set package 'puppy_brain' build argument 'catkin_skip_building_tests' from command line to 'False'
[1.383s] DEBUG:colcon.colcon_core.verb:Building package 'puppy_brain' with the following arguments: {'ament_cmake_args': None, 'build_base': '/app/puppy_ws/build/puppy_brain', 'catkin_cmake_args': None, 'catkin_skip_building_tests': False, 'cmake_args': None, 'cmake_clean_cache': False, 'cmake_clean_first': False, 'cmake_force_configure': False, 'cmake_target': None, 'cmake_target_skip_unavailable': False, 'install_base': '/app/puppy_ws/install/puppy_brain', 'merge_install': False, 'path': '/app/puppy_ws/src/puppy_brain', 'symlink_install': False, 'test_result_base': None}
[1.384s] INFO:colcon.colcon_core.executor:Executing jobs using 'parallel' executor
[1.389s] DEBUG:colcon.colcon_parallel_executor.executor.parallel:run_until_complete
[1.390s] INFO:colcon.colcon_ros.task.ament_python.build:Building ROS package in '/app/puppy_ws/src/puppy_brain' with build type 'ament_python'
[1.391s] Level 1:colcon.colcon_core.shell:create_environment_hook('puppy_brain', 'ament_prefix_path')
[1.402s] INFO:colcon.colcon_core.plugin_system:Skipping extension 'colcon_core.shell.bat': Not used on non-Windows systems
[1.403s] INFO:colcon.colcon_core.shell:Creating environment hook '/app/puppy_ws/install/puppy_brain/share/puppy_brain/hook/ament_prefix_path.ps1'
[1.408s] INFO:colcon.colcon_core.shell:Creating environment descriptor '/app/puppy_ws/install/puppy_brain/share/puppy_brain/hook/ament_prefix_path.dsv'
[1.411s] INFO:colcon.colcon_core.shell:Creating environment hook '/app/puppy_ws/install/puppy_brain/share/puppy_brain/hook/ament_prefix_path.sh'
[1.415s] INFO:colcon.colcon_core.shell:Skip shell extension 'powershell' for command environment: Not usable outside of PowerShell
[1.416s] DEBUG:colcon.colcon_core.shell:Skip shell extension 'dsv' for command environment
[2.702s] INFO:colcon.colcon_core.task.python.build:Building Python package in '/app/puppy_ws/src/puppy_brain'
[2.704s] INFO:colcon.colcon_core.shell:Skip shell extension 'powershell' for command environment: Not usable outside of PowerShell
[2.704s] DEBUG:colcon.colcon_core.shell:Skip shell extension 'dsv' for command environment
[5.271s] DEBUG:colcon.colcon_core.event_handler.log_command:Invoking command in '/app/puppy_ws/src/puppy_brain': PYTHONPATH=/app/puppy_ws/build/puppy_brain/prefix_override:/usr/lib/python3/dist-packages/colcon_core/task/python/colcon_distutils_commands:/app/puppy_ws/install/puppy_brain/lib/python3.10/site-packages:${PYTHONPATH} /usr/bin/python3 -W ignore:setup.py install is deprecated -W ignore:easy_install command is deprecated setup.py egg_info --egg-base ../../build/puppy_brain build --build-base /app/puppy_ws/build/puppy_brain/build install --record /app/puppy_ws/build/puppy_brain/install.log --single-version-externally-managed install_data
[7.786s] DEBUG:colcon.colcon_core.event_handler.log_command:Invoked command in '/app/puppy_ws/src/puppy_brain' returned '0': PYTHONPATH=/app/puppy_ws/build/puppy_brain/prefix_override:/usr/lib/python3/dist-packages/colcon_core/task/python/colcon_distutils_commands:/app/puppy_ws/install/puppy_brain/lib/python3.10/site-packages:${PYTHONPATH} /usr/bin/python3 -W ignore:setup.py install is deprecated -W ignore:easy_install command is deprecated setup.py egg_info --egg-base ../../build/puppy_brain build --build-base /app/puppy_ws/build/puppy_brain/build install --record /app/puppy_ws/build/puppy_brain/install.log --single-version-externally-managed install_data
[7.823s] Level 1:colcon.colcon_core.environment:checking '/app/puppy_ws/install/puppy_brain' for CMake module files
[7.829s] Level 1:colcon.colcon_core.environment:checking '/app/puppy_ws/install/puppy_brain' for CMake config files
[7.837s] Level 1:colcon.colcon_core.environment:checking '/app/puppy_ws/install/puppy_brain/lib'
[7.838s] Level 1:colcon.colcon_core.environment:checking '/app/puppy_ws/install/puppy_brain/bin'
[7.838s] Level 1:colcon.colcon_core.environment:checking '/app/puppy_ws/install/puppy_brain/lib/pkgconfig/puppy_brain.pc'
[7.840s] Level 1:colcon.colcon_core.environment:checking '/app/puppy_ws/install/puppy_brain/lib/python3.10/site-packages'
[7.840s] Level 1:colcon.colcon_core.shell:create_environment_hook('puppy_brain', 'pythonpath')
[7.842s] INFO:colcon.colcon_core.shell:Creating environment hook '/app/puppy_ws/install/puppy_brain/share/puppy_brain/hook/pythonpath.ps1'
[7.845s] INFO:colcon.colcon_core.shell:Creating environment descriptor '/app/puppy_ws/install/puppy_brain/share/puppy_brain/hook/pythonpath.dsv'
[7.848s] INFO:colcon.colcon_core.shell:Creating environment hook '/app/puppy_ws/install/puppy_brain/share/puppy_brain/hook/pythonpath.sh'
[7.857s] Level 1:colcon.colcon_core.environment:checking '/app/puppy_ws/install/puppy_brain/bin'
[7.857s] Level 1:colcon.colcon_core.environment:create_environment_scripts_only(puppy_brain)
[7.860s] INFO:colcon.colcon_core.shell:Creating package script '/app/puppy_ws/install/puppy_brain/share/puppy_brain/package.ps1'
[7.869s] INFO:colcon.colcon_core.shell:Creating package descriptor '/app/puppy_ws/install/puppy_brain/share/puppy_brain/package.dsv'
[7.873s] INFO:colcon.colcon_core.shell:Creating package script '/app/puppy_ws/install/puppy_brain/share/puppy_brain/package.sh'
[7.879s] INFO:colcon.colcon_core.shell:Creating package script '/app/puppy_ws/install/puppy_brain/share/puppy_brain/package.bash'
[7.885s] INFO:colcon.colcon_core.shell:Creating package script '/app/puppy_ws/install/puppy_brain/share/puppy_brain/package.zsh'
[7.892s] Level 1:colcon.colcon_core.environment:create_file_with_runtime_dependencies(/app/puppy_ws/install/puppy_brain/share/colcon-core/packages/puppy_brain)
[7.895s] DEBUG:colcon.colcon_parallel_executor.executor.parallel:closing loop
[7.897s] DEBUG:colcon.colcon_parallel_executor.executor.parallel:loop closed
[7.897s] DEBUG:colcon.colcon_parallel_executor.executor.parallel:run_until_complete finished with '0'
[7.898s] DEBUG:colcon.colcon_core.event_reactor:joining thread
[7.928s] INFO:colcon.colcon_core.plugin_system:Skipping extension 'colcon_notification.desktop_notification.notify_send': Could not find 'notify-send'
[7.929s] INFO:colcon.colcon_core.plugin_system:Skipping extension 'colcon_notification.desktop_notification.terminal_notifier': Not used on non-Darwin systems
[7.929s] INFO:colcon.colcon_core.plugin_system:Skipping extension 'colcon_notification.desktop_notification.win32': Not used on non-Windows systems
[7.930s] INFO:colcon.colcon_notification.desktop_notification:Sending desktop notification using 'notify2'
[7.955s] DEBUG:colcon.colcon_core.event_reactor:joined thread
[7.957s] INFO:colcon.colcon_core.shell:Creating prefix script '/app/puppy_ws/install/local_setup.ps1'
[7.964s] INFO:colcon.colcon_core.shell:Creating prefix util module '/app/puppy_ws/install/_local_setup_util_ps1.py'
[7.976s] INFO:colcon.colcon_core.shell:Creating prefix chain script '/app/puppy_ws/install/setup.ps1'
[7.985s] INFO:colcon.colcon_core.shell:Creating prefix script '/app/puppy_ws/install/local_setup.sh'
[7.989s] INFO:colcon.colcon_core.shell:Creating prefix util module '/app/puppy_ws/install/_local_setup_util_sh.py'
[7.993s] INFO:colcon.colcon_core.shell:Creating prefix chain script '/app/puppy_ws/install/setup.sh'
[8.000s] INFO:colcon.colcon_core.shell:Creating prefix script '/app/puppy_ws/install/local_setup.bash'
[8.003s] INFO:colcon.colcon_core.shell:Creating prefix chain script '/app/puppy_ws/install/setup.bash'
[8.010s] INFO:colcon.colcon_core.shell:Creating prefix script '/app/puppy_ws/install/local_setup.zsh'
[8.013s] INFO:colcon.colcon_core.shell:Creating prefix chain script '/app/puppy_ws/install/setup.zsh'
