[3.972s] Invoking command in '/app/puppy_ws/src/puppy_brain': PYTHONPATH=/app/puppy_ws/build/puppy_brain/prefix_override:/usr/lib/python3/dist-packages/colcon_core/task/python/colcon_distutils_commands:/app/puppy_ws/install/puppy_brain/lib/python3.10/site-packages:${PYTHONPATH} /usr/bin/python3 -W ignore:setup.py install is deprecated -W ignore:easy_install command is deprecated setup.py egg_info --egg-base ../../build/puppy_brain build --build-base /app/puppy_ws/build/puppy_brain/build install --record /app/puppy_ws/build/puppy_brain/install.log --single-version-externally-managed install_data
[4.916s] /usr/local/lib/python3.10/dist-packages/setuptools/_distutils/dist.py:289: UserWarning: Unknown distribution option: 'tests_require'
[4.917s]   warnings.warn(msg)
[5.454s] running egg_info
[5.543s] writing ../../build/puppy_brain/puppy_brain.egg-info/PKG-INFO
[5.545s] writing dependency_links to ../../build/puppy_brain/puppy_brain.egg-info/dependency_links.txt
[5.547s] writing entry points to ../../build/puppy_brain/puppy_brain.egg-info/entry_points.txt
[5.549s] writing requirements to ../../build/puppy_brain/puppy_brain.egg-info/requires.txt
[5.550s] writing top-level names to ../../build/puppy_brain/puppy_brain.egg-info/top_level.txt
[5.735s] reading manifest file '../../build/puppy_brain/puppy_brain.egg-info/SOURCES.txt'
[5.745s] writing manifest file '../../build/puppy_brain/puppy_brain.egg-info/SOURCES.txt'
[5.746s] running build
[5.747s] running build_py
[5.748s] copying puppy_brain/gesture_adapter_node.py -> /app/puppy_ws/build/puppy_brain/build/lib/puppy_brain
[5.750s] copying puppy_brain/imu_node_ros2.py -> /app/puppy_ws/build/puppy_brain/build/lib/puppy_brain
[5.751s] copying puppy_brain/ros_udp_bridge.py -> /app/puppy_ws/build/puppy_brain/build/lib/puppy_brain
[5.753s] copying puppy_brain/intent_router_node.py -> /app/puppy_ws/build/puppy_brain/build/lib/puppy_brain
[5.754s] copying puppy_brain/debug_preview_node.py -> /app/puppy_ws/build/puppy_brain/build/lib/puppy_brain
[5.755s] copying puppy_brain/ai_vision_node.py -> /app/puppy_ws/build/puppy_brain/build/lib/puppy_brain
[5.756s] copying puppy_brain/usb_asr_text_node.py -> /app/puppy_ws/build/puppy_brain/build/lib/puppy_brain
[5.758s] copying puppy_brain/perception_node.py -> /app/puppy_ws/build/puppy_brain/build/lib/puppy_brain
[5.759s] copying puppy_brain/__init__.py -> /app/puppy_ws/build/puppy_brain/build/lib/puppy_brain
[5.760s] copying puppy_brain/voice_control_node.py -> /app/puppy_ws/build/puppy_brain/build/lib/puppy_brain
[5.762s] copying puppy_brain/decision_node.py -> /app/puppy_ws/build/puppy_brain/build/lib/puppy_brain
[5.765s] running install
[5.799s] running install_lib
[5.892s] running install_data
[5.893s] copying resource/puppy_brain -> /app/puppy_ws/install/puppy_brain/share/ament_index/resource_index/packages
[5.895s] copying package.xml -> /app/puppy_ws/install/puppy_brain/share/puppy_brain
[5.896s] copying launch/follow_only.launch.py -> /app/puppy_ws/install/puppy_brain/share/puppy_brain/launch
[5.898s] copying launch/gesture_only.launch.py -> /app/puppy_ws/install/puppy_brain/share/puppy_brain/launch
[5.899s] copying launch/full_system.launch.py -> /app/puppy_ws/install/puppy_brain/share/puppy_brain/launch
[5.900s] copying launch/gesture_control_test.launch.py -> /app/puppy_ws/install/puppy_brain/share/puppy_brain/launch
[5.901s] copying launch/gesture_official_test.launch.py -> /app/puppy_ws/install/puppy_brain/share/puppy_brain/launch
[5.902s] running install_egg_info
[5.997s] removing '/app/puppy_ws/install/puppy_brain/lib/python3.10/site-packages/puppy_brain-0.0.0-py3.10.egg-info' (and everything under it)
[5.999s] Copying ../../build/puppy_brain/puppy_brain.egg-info to /app/puppy_ws/install/puppy_brain/lib/python3.10/site-packages/puppy_brain-0.0.0-py3.10.egg-info
[6.003s] running install_scripts
[6.191s] Installing debug_preview_node script to /app/puppy_ws/install/puppy_brain/lib/puppy_brain
[6.192s] Installing decision_node script to /app/puppy_ws/install/puppy_brain/lib/puppy_brain
[6.193s] Installing decision_node_gesture_test script to /app/puppy_ws/install/puppy_brain/lib/puppy_brain
[6.195s] Installing gesture_adapter_node script to /app/puppy_ws/install/puppy_brain/lib/puppy_brain
[6.196s] Installing imu_node_ros2 script to /app/puppy_ws/install/puppy_brain/lib/puppy_brain
[6.197s] Installing intent_router_node script to /app/puppy_ws/install/puppy_brain/lib/puppy_brain
[6.198s] Installing perception_node script to /app/puppy_ws/install/puppy_brain/lib/puppy_brain
[6.199s] Installing ros_udp_bridge script to /app/puppy_ws/install/puppy_brain/lib/puppy_brain
[6.200s] Installing usb_asr_text_node script to /app/puppy_ws/install/puppy_brain/lib/puppy_brain
[6.201s] Installing voice_control_node script to /app/puppy_ws/install/puppy_brain/lib/puppy_brain
[6.206s] writing list of installed files to '/app/puppy_ws/build/puppy_brain/install.log'
[6.418s] Invoked command in '/app/puppy_ws/src/puppy_brain' returned '0': PYTHONPATH=/app/puppy_ws/build/puppy_brain/prefix_override:/usr/lib/python3/dist-packages/colcon_core/task/python/colcon_distutils_commands:/app/puppy_ws/install/puppy_brain/lib/python3.10/site-packages:${PYTHONPATH} /usr/bin/python3 -W ignore:setup.py install is deprecated -W ignore:easy_install command is deprecated setup.py egg_info --egg-base ../../build/puppy_brain build --build-base /app/puppy_ws/build/puppy_brain/build install --record /app/puppy_ws/build/puppy_brain/install.log --single-version-externally-managed install_data
