[3.815s] Invoking command in '/app/puppy_ws/src/puppy_brain': PYTHONPATH=/app/puppy_ws/build/puppy_brain/prefix_override:/usr/lib/python3/dist-packages/colcon_core/task/python/colcon_distutils_commands:/app/puppy_ws/install/puppy_brain/lib/python3.10/site-packages:${PYTHONPATH} /usr/bin/python3 -W ignore:setup.py install is deprecated -W ignore:easy_install command is deprecated setup.py egg_info --egg-base ../../build/puppy_brain build --build-base /app/puppy_ws/build/puppy_brain/build install --record /app/puppy_ws/build/puppy_brain/install.log --single-version-externally-managed install_data
[4.759s] /usr/local/lib/python3.10/dist-packages/setuptools/_distutils/dist.py:289: UserWarning: Unknown distribution option: 'tests_require'
[4.760s]   warnings.warn(msg)
[5.279s] running egg_info
[5.362s] writing ../../build/puppy_brain/puppy_brain.egg-info/PKG-INFO
[5.365s] writing dependency_links to ../../build/puppy_brain/puppy_brain.egg-info/dependency_links.txt
[5.366s] writing entry points to ../../build/puppy_brain/puppy_brain.egg-info/entry_points.txt
[5.368s] writing requirements to ../../build/puppy_brain/puppy_brain.egg-info/requires.txt
[5.368s] writing top-level names to ../../build/puppy_brain/puppy_brain.egg-info/top_level.txt
[5.547s] reading manifest file '../../build/puppy_brain/puppy_brain.egg-info/SOURCES.txt'
[5.557s] writing manifest file '../../build/puppy_brain/puppy_brain.egg-info/SOURCES.txt'
[5.558s] running build
[5.559s] running build_py
[5.560s] copying puppy_brain/gesture_adapter_node.py -> /app/puppy_ws/build/puppy_brain/build/lib/puppy_brain
[5.561s] copying puppy_brain/imu_node_ros2.py -> /app/puppy_ws/build/puppy_brain/build/lib/puppy_brain
[5.562s] copying puppy_brain/ros_udp_bridge.py -> /app/puppy_ws/build/puppy_brain/build/lib/puppy_brain
[5.563s] copying puppy_brain/debug_preview_node.py -> /app/puppy_ws/build/puppy_brain/build/lib/puppy_brain
[5.565s] copying puppy_brain/ai_vision_node.py -> /app/puppy_ws/build/puppy_brain/build/lib/puppy_brain
[5.566s] copying puppy_brain/perception_node.py -> /app/puppy_ws/build/puppy_brain/build/lib/puppy_brain
[5.570s] copying puppy_brain/__init__.py -> /app/puppy_ws/build/puppy_brain/build/lib/puppy_brain
[5.571s] copying puppy_brain/decision_node.py -> /app/puppy_ws/build/puppy_brain/build/lib/puppy_brain
[5.572s] running install
[5.606s] running install_lib
[5.692s] copying /app/puppy_ws/build/puppy_brain/build/lib/puppy_brain/decision_node.py -> /app/puppy_ws/install/puppy_brain/lib/python3.10/site-packages/puppy_brain
[5.697s] byte-compiling /app/puppy_ws/install/puppy_brain/lib/python3.10/site-packages/puppy_brain/decision_node.py to decision_node.cpython-310.pyc
[5.711s] running install_data
[5.713s] copying resource/puppy_brain -> /app/puppy_ws/install/puppy_brain/share/ament_index/resource_index/packages
[5.714s] copying package.xml -> /app/puppy_ws/install/puppy_brain/share/puppy_brain
[5.716s] copying launch/follow_only.launch.py -> /app/puppy_ws/install/puppy_brain/share/puppy_brain/launch
[5.717s] copying launch/gesture_only.launch.py -> /app/puppy_ws/install/puppy_brain/share/puppy_brain/launch
[5.718s] copying launch/full_system.launch.py -> /app/puppy_ws/install/puppy_brain/share/puppy_brain/launch
[5.719s] copying launch/gesture_control_test.launch.py -> /app/puppy_ws/install/puppy_brain/share/puppy_brain/launch
[5.720s] copying launch/gesture_official_test.launch.py -> /app/puppy_ws/install/puppy_brain/share/puppy_brain/launch
[5.721s] running install_egg_info
[5.811s] removing '/app/puppy_ws/install/puppy_brain/lib/python3.10/site-packages/puppy_brain-0.0.0-py3.10.egg-info' (and everything under it)
[5.813s] Copying ../../build/puppy_brain/puppy_brain.egg-info to /app/puppy_ws/install/puppy_brain/lib/python3.10/site-packages/puppy_brain-0.0.0-py3.10.egg-info
[5.818s] running install_scripts
[5.994s] Installing debug_preview_node script to /app/puppy_ws/install/puppy_brain/lib/puppy_brain
[5.995s] Installing decision_node script to /app/puppy_ws/install/puppy_brain/lib/puppy_brain
[5.996s] Installing decision_node_gesture_test script to /app/puppy_ws/install/puppy_brain/lib/puppy_brain
[5.997s] Installing gesture_adapter_node script to /app/puppy_ws/install/puppy_brain/lib/puppy_brain
[5.998s] Installing imu_node_ros2 script to /app/puppy_ws/install/puppy_brain/lib/puppy_brain
[5.999s] Installing perception_node script to /app/puppy_ws/install/puppy_brain/lib/puppy_brain
[6.000s] Installing ros_udp_bridge script to /app/puppy_ws/install/puppy_brain/lib/puppy_brain
[6.004s] writing list of installed files to '/app/puppy_ws/build/puppy_brain/install.log'
[6.212s] Invoked command in '/app/puppy_ws/src/puppy_brain' returned '0': PYTHONPATH=/app/puppy_ws/build/puppy_brain/prefix_override:/usr/lib/python3/dist-packages/colcon_core/task/python/colcon_distutils_commands:/app/puppy_ws/install/puppy_brain/lib/python3.10/site-packages:${PYTHONPATH} /usr/bin/python3 -W ignore:setup.py install is deprecated -W ignore:easy_install command is deprecated setup.py egg_info --egg-base ../../build/puppy_brain build --build-base /app/puppy_ws/build/puppy_brain/build install --record /app/puppy_ws/build/puppy_brain/install.log --single-version-externally-managed install_data
