[0.846s] DEBUG:colcon:Command line arguments: ['/usr/bin/colcon', 'build', '--packages-select', 'puppy_brain', '--event-handlers', 'console_direct+']
[0.847s] DEBUG:colcon:Parsed command line arguments: Namespace(log_base=None, log_level=None, verb_name='build', build_base='build', install_base='install', merge_install=False, symlink_install=False, test_result_base=None, continue_on_error=False, executor='parallel', parallel_workers=8, event_handlers=['console_direct+'], ignore_user_meta=False, metas=['./colcon.meta'], base_paths=['.'], packages_ignore=None, packages_ignore_regex=None, paths=None, packages_up_to=None, packages_up_to_regex=None, packages_above=None, packages_above_and_dependencies=None, packages_above_depth=None, packages_select_by_dep=None, packages_skip_by_dep=None, packages_skip_up_to=None, packages_select_build_failed=False, packages_skip_build_finished=False, packages_select_test_failures=False, packages_skip_test_passed=False, packages_select=['puppy_brain'], packages_skip=None, packages_select_regex=None, packages_skip_regex=None, packages_start=None, packages_end=None, allow_overriding=[], cmake_args=None, cmake_target=None, cmake_target_skip_unavailable=False, cmake_clean_cache=False, cmake_clean_first=False, cmake_force_configure=False, ament_cmake_args=None, catkin_cmake_args=None, catkin_skip_building_tests=False, verb_parser=<colcon_defaults.argument_parser.defaults.DefaultArgumentsDecorator object at 0xffffac8874c0>, verb_extension=<colcon_core.verb.build.BuildVerb object at 0xffffac886f80>, main=<bound method BuildVerb.main of <colcon_core.verb.build.BuildVerb object at 0xffffac886f80>>)
[1.182s] Level 1:colcon.colcon_core.package_discovery:discover_packages(colcon_meta) check parameters
[1.183s] Level 1:colcon.colcon_core.package_discovery:discover_packages(recursive) check parameters
[1.183s] Level 1:colcon.colcon_core.package_discovery:discover_packages(ignore) check parameters
[1.183s] Level 1:colcon.colcon_core.package_discovery:discover_packages(path) check parameters
[1.183s] Level 1:colcon.colcon_core.package_discovery:discover_packages(colcon_meta) discover
[1.184s] Level 1:colcon.colcon_core.package_discovery:discover_packages(recursive) discover
[1.184s] INFO:colcon.colcon_core.package_discovery:Crawling recursively for packages in '/app/puppy_ws'
[1.184s] Level 1:colcon.colcon_core.package_identification:_identify(.) by extensions ['ignore', 'ignore_ament_install']
[1.185s] Level 1:colcon.colcon_core.package_identification:_identify(.) by extension 'ignore'
[1.185s] Level 1:colcon.colcon_core.package_identification:_identify(.) by extension 'ignore_ament_install'
[1.186s] Level 1:colcon.colcon_core.package_identification:_identify(.) by extensions ['colcon_pkg']
[1.186s] Level 1:colcon.colcon_core.package_identification:_identify(.) by extension 'colcon_pkg'
[1.186s] Level 1:colcon.colcon_core.package_identification:_identify(.) by extensions ['colcon_meta']
[1.186s] Level 1:colcon.colcon_core.package_identification:_identify(.) by extension 'colcon_meta'
[1.187s] Level 1:colcon.colcon_core.package_identification:_identify(.) by extensions ['ros']
[1.187s] Level 1:colcon.colcon_core.package_identification:_identify(.) by extension 'ros'
[1.293s] Level 1:colcon.colcon_core.package_identification:_identify(.) by extensions ['cmake', 'python']
[1.293s] Level 1:colcon.colcon_core.package_identification:_identify(.) by extension 'cmake'
[1.293s] Level 1:colcon.colcon_core.package_identification:_identify(.) by extension 'python'
[1.294s] Level 1:colcon.colcon_core.package_identification:_identify(.) by extensions ['python_setup_py']
[1.294s] Level 1:colcon.colcon_core.package_identification:_identify(.) by extension 'python_setup_py'
[1.295s] Level 1:colcon.colcon_core.package_identification:_identify(build) by extensions ['ignore', 'ignore_ament_install']
[1.295s] Level 1:colcon.colcon_core.package_identification:_identify(build) by extension 'ignore'
[1.295s] Level 1:colcon.colcon_core.package_identification:_identify(build) ignored
[1.296s] Level 1:colcon.colcon_core.package_identification:_identify(install) by extensions ['ignore', 'ignore_ament_install']
[1.297s] Level 1:colcon.colcon_core.package_identification:_identify(install) by extension 'ignore'
[1.297s] Level 1:colcon.colcon_core.package_identification:_identify(install) ignored
[1.298s] Level 1:colcon.colcon_core.package_identification:_identify(log) by extensions ['ignore', 'ignore_ament_install']
[1.298s] Level 1:colcon.colcon_core.package_identification:_identify(log) by extension 'ignore'
[1.298s] Level 1:colcon.colcon_core.package_identification:_identify(log) ignored
[1.299s] Level 1:colcon.colcon_core.package_identification:_identify(models) by extensions ['ignore', 'ignore_ament_install']
[1.299s] Level 1:colcon.colcon_core.package_identification:_identify(models) by extension 'ignore'
[1.300s] Level 1:colcon.colcon_core.package_identification:_identify(models) by extension 'ignore_ament_install'
[1.300s] Level 1:colcon.colcon_core.package_identification:_identify(models) by extensions ['colcon_pkg']
[1.300s] Level 1:colcon.colcon_core.package_identification:_identify(models) by extension 'colcon_pkg'
[1.301s] Level 1:colcon.colcon_core.package_identification:_identify(models) by extensions ['colcon_meta']
[1.301s] Level 1:colcon.colcon_core.package_identification:_identify(models) by extension 'colcon_meta'
[1.301s] Level 1:colcon.colcon_core.package_identification:_identify(models) by extensions ['ros']
[1.301s] Level 1:colcon.colcon_core.package_identification:_identify(models) by extension 'ros'
[1.302s] Level 1:colcon.colcon_core.package_identification:_identify(models) by extensions ['cmake', 'python']
[1.302s] Level 1:colcon.colcon_core.package_identification:_identify(models) by extension 'cmake'
[1.302s] Level 1:colcon.colcon_core.package_identification:_identify(models) by extension 'python'
[1.302s] Level 1:colcon.colcon_core.package_identification:_identify(models) by extensions ['python_setup_py']
[1.303s] Level 1:colcon.colcon_core.package_identification:_identify(models) by extension 'python_setup_py'
[1.303s] Level 1:colcon.colcon_core.package_identification:_identify(models/vosk-model-small-cn-0.22) by extensions ['ignore', 'ignore_ament_install']
[1.304s] Level 1:colcon.colcon_core.package_identification:_identify(models/vosk-model-small-cn-0.22) by extension 'ignore'
[1.304s] Level 1:colcon.colcon_core.package_identification:_identify(models/vosk-model-small-cn-0.22) by extension 'ignore_ament_install'
[1.305s] Level 1:colcon.colcon_core.package_identification:_identify(models/vosk-model-small-cn-0.22) by extensions ['colcon_pkg']
[1.305s] Level 1:colcon.colcon_core.package_identification:_identify(models/vosk-model-small-cn-0.22) by extension 'colcon_pkg'
[1.305s] Level 1:colcon.colcon_core.package_identification:_identify(models/vosk-model-small-cn-0.22) by extensions ['colcon_meta']
[1.305s] Level 1:colcon.colcon_core.package_identification:_identify(models/vosk-model-small-cn-0.22) by extension 'colcon_meta'
[1.306s] Level 1:colcon.colcon_core.package_identification:_identify(models/vosk-model-small-cn-0.22) by extensions ['ros']
[1.306s] Level 1:colcon.colcon_core.package_identification:_identify(models/vosk-model-small-cn-0.22) by extension 'ros'
[1.306s] Level 1:colcon.colcon_core.package_identification:_identify(models/vosk-model-small-cn-0.22) by extensions ['cmake', 'python']
[1.306s] Level 1:colcon.colcon_core.package_identification:_identify(models/vosk-model-small-cn-0.22) by extension 'cmake'
[1.307s] Level 1:colcon.colcon_core.package_identification:_identify(models/vosk-model-small-cn-0.22) by extension 'python'
[1.307s] Level 1:colcon.colcon_core.package_identification:_identify(models/vosk-model-small-cn-0.22) by extensions ['python_setup_py']
[1.307s] Level 1:colcon.colcon_core.package_identification:_identify(models/vosk-model-small-cn-0.22) by extension 'python_setup_py'
[1.308s] Level 1:colcon.colcon_core.package_identification:_identify(models/vosk-model-small-cn-0.22/am) by extensions ['ignore', 'ignore_ament_install']
[1.308s] Level 1:colcon.colcon_core.package_identification:_identify(models/vosk-model-small-cn-0.22/am) by extension 'ignore'
[1.309s] Level 1:colcon.colcon_core.package_identification:_identify(models/vosk-model-small-cn-0.22/am) by extension 'ignore_ament_install'
[1.309s] Level 1:colcon.colcon_core.package_identification:_identify(models/vosk-model-small-cn-0.22/am) by extensions ['colcon_pkg']
[1.309s] Level 1:colcon.colcon_core.package_identification:_identify(models/vosk-model-small-cn-0.22/am) by extension 'colcon_pkg'
[1.310s] Level 1:colcon.colcon_core.package_identification:_identify(models/vosk-model-small-cn-0.22/am) by extensions ['colcon_meta']
[1.310s] Level 1:colcon.colcon_core.package_identification:_identify(models/vosk-model-small-cn-0.22/am) by extension 'colcon_meta'
[1.310s] Level 1:colcon.colcon_core.package_identification:_identify(models/vosk-model-small-cn-0.22/am) by extensions ['ros']
[1.310s] Level 1:colcon.colcon_core.package_identification:_identify(models/vosk-model-small-cn-0.22/am) by extension 'ros'
[1.311s] Level 1:colcon.colcon_core.package_identification:_identify(models/vosk-model-small-cn-0.22/am) by extensions ['cmake', 'python']
[1.311s] Level 1:colcon.colcon_core.package_identification:_identify(models/vosk-model-small-cn-0.22/am) by extension 'cmake'
[1.311s] Level 1:colcon.colcon_core.package_identification:_identify(models/vosk-model-small-cn-0.22/am) by extension 'python'
[1.312s] Level 1:colcon.colcon_core.package_identification:_identify(models/vosk-model-small-cn-0.22/am) by extensions ['python_setup_py']
[1.312s] Level 1:colcon.colcon_core.package_identification:_identify(models/vosk-model-small-cn-0.22/am) by extension 'python_setup_py'
[1.312s] Level 1:colcon.colcon_core.package_identification:_identify(models/vosk-model-small-cn-0.22/conf) by extensions ['ignore', 'ignore_ament_install']
[1.313s] Level 1:colcon.colcon_core.package_identification:_identify(models/vosk-model-small-cn-0.22/conf) by extension 'ignore'
[1.313s] Level 1:colcon.colcon_core.package_identification:_identify(models/vosk-model-small-cn-0.22/conf) by extension 'ignore_ament_install'
[1.314s] Level 1:colcon.colcon_core.package_identification:_identify(models/vosk-model-small-cn-0.22/conf) by extensions ['colcon_pkg']
[1.314s] Level 1:colcon.colcon_core.package_identification:_identify(models/vosk-model-small-cn-0.22/conf) by extension 'colcon_pkg'
[1.314s] Level 1:colcon.colcon_core.package_identification:_identify(models/vosk-model-small-cn-0.22/conf) by extensions ['colcon_meta']
[1.314s] Level 1:colcon.colcon_core.package_identification:_identify(models/vosk-model-small-cn-0.22/conf) by extension 'colcon_meta'
[1.315s] Level 1:colcon.colcon_core.package_identification:_identify(models/vosk-model-small-cn-0.22/conf) by extensions ['ros']
[1.315s] Level 1:colcon.colcon_core.package_identification:_identify(models/vosk-model-small-cn-0.22/conf) by extension 'ros'
[1.316s] Level 1:colcon.colcon_core.package_identification:_identify(models/vosk-model-small-cn-0.22/conf) by extensions ['cmake', 'python']
[1.316s] Level 1:colcon.colcon_core.package_identification:_identify(models/vosk-model-small-cn-0.22/conf) by extension 'cmake'
[1.316s] Level 1:colcon.colcon_core.package_identification:_identify(models/vosk-model-small-cn-0.22/conf) by extension 'python'
[1.316s] Level 1:colcon.colcon_core.package_identification:_identify(models/vosk-model-small-cn-0.22/conf) by extensions ['python_setup_py']
[1.317s] Level 1:colcon.colcon_core.package_identification:_identify(models/vosk-model-small-cn-0.22/conf) by extension 'python_setup_py'
[1.317s] Level 1:colcon.colcon_core.package_identification:_identify(models/vosk-model-small-cn-0.22/graph) by extensions ['ignore', 'ignore_ament_install']
[1.318s] Level 1:colcon.colcon_core.package_identification:_identify(models/vosk-model-small-cn-0.22/graph) by extension 'ignore'
[1.318s] Level 1:colcon.colcon_core.package_identification:_identify(models/vosk-model-small-cn-0.22/graph) by extension 'ignore_ament_install'
[1.318s] Level 1:colcon.colcon_core.package_identification:_identify(models/vosk-model-small-cn-0.22/graph) by extensions ['colcon_pkg']
[1.319s] Level 1:colcon.colcon_core.package_identification:_identify(models/vosk-model-small-cn-0.22/graph) by extension 'colcon_pkg'
[1.319s] Level 1:colcon.colcon_core.package_identification:_identify(models/vosk-model-small-cn-0.22/graph) by extensions ['colcon_meta']
[1.319s] Level 1:colcon.colcon_core.package_identification:_identify(models/vosk-model-small-cn-0.22/graph) by extension 'colcon_meta'
[1.319s] Level 1:colcon.colcon_core.package_identification:_identify(models/vosk-model-small-cn-0.22/graph) by extensions ['ros']
[1.320s] Level 1:colcon.colcon_core.package_identification:_identify(models/vosk-model-small-cn-0.22/graph) by extension 'ros'
[1.320s] Level 1:colcon.colcon_core.package_identification:_identify(models/vosk-model-small-cn-0.22/graph) by extensions ['cmake', 'python']
[1.320s] Level 1:colcon.colcon_core.package_identification:_identify(models/vosk-model-small-cn-0.22/graph) by extension 'cmake'
[1.321s] Level 1:colcon.colcon_core.package_identification:_identify(models/vosk-model-small-cn-0.22/graph) by extension 'python'
[1.321s] Level 1:colcon.colcon_core.package_identification:_identify(models/vosk-model-small-cn-0.22/graph) by extensions ['python_setup_py']
[1.321s] Level 1:colcon.colcon_core.package_identification:_identify(models/vosk-model-small-cn-0.22/graph) by extension 'python_setup_py'
[1.322s] Level 1:colcon.colcon_core.package_identification:_identify(models/vosk-model-small-cn-0.22/graph/phones) by extensions ['ignore', 'ignore_ament_install']
[1.322s] Level 1:colcon.colcon_core.package_identification:_identify(models/vosk-model-small-cn-0.22/graph/phones) by extension 'ignore'
[1.323s] Level 1:colcon.colcon_core.package_identification:_identify(models/vosk-model-small-cn-0.22/graph/phones) by extension 'ignore_ament_install'
[1.323s] Level 1:colcon.colcon_core.package_identification:_identify(models/vosk-model-small-cn-0.22/graph/phones) by extensions ['colcon_pkg']
[1.323s] Level 1:colcon.colcon_core.package_identification:_identify(models/vosk-model-small-cn-0.22/graph/phones) by extension 'colcon_pkg'
[1.324s] Level 1:colcon.colcon_core.package_identification:_identify(models/vosk-model-small-cn-0.22/graph/phones) by extensions ['colcon_meta']
[1.324s] Level 1:colcon.colcon_core.package_identification:_identify(models/vosk-model-small-cn-0.22/graph/phones) by extension 'colcon_meta'
[1.324s] Level 1:colcon.colcon_core.package_identification:_identify(models/vosk-model-small-cn-0.22/graph/phones) by extensions ['ros']
[1.324s] Level 1:colcon.colcon_core.package_identification:_identify(models/vosk-model-small-cn-0.22/graph/phones) by extension 'ros'
[1.325s] Level 1:colcon.colcon_core.package_identification:_identify(models/vosk-model-small-cn-0.22/graph/phones) by extensions ['cmake', 'python']
[1.325s] Level 1:colcon.colcon_core.package_identification:_identify(models/vosk-model-small-cn-0.22/graph/phones) by extension 'cmake'
[1.326s] Level 1:colcon.colcon_core.package_identification:_identify(models/vosk-model-small-cn-0.22/graph/phones) by extension 'python'
[1.326s] Level 1:colcon.colcon_core.package_identification:_identify(models/vosk-model-small-cn-0.22/graph/phones) by extensions ['python_setup_py']
[1.326s] Level 1:colcon.colcon_core.package_identification:_identify(models/vosk-model-small-cn-0.22/graph/phones) by extension 'python_setup_py'
[1.327s] Level 1:colcon.colcon_core.package_identification:_identify(models/vosk-model-small-cn-0.22/ivector) by extensions ['ignore', 'ignore_ament_install']
[1.327s] Level 1:colcon.colcon_core.package_identification:_identify(models/vosk-model-small-cn-0.22/ivector) by extension 'ignore'
[1.328s] Level 1:colcon.colcon_core.package_identification:_identify(models/vosk-model-small-cn-0.22/ivector) by extension 'ignore_ament_install'
[1.328s] Level 1:colcon.colcon_core.package_identification:_identify(models/vosk-model-small-cn-0.22/ivector) by extensions ['colcon_pkg']
[1.328s] Level 1:colcon.colcon_core.package_identification:_identify(models/vosk-model-small-cn-0.22/ivector) by extension 'colcon_pkg'
[1.328s] Level 1:colcon.colcon_core.package_identification:_identify(models/vosk-model-small-cn-0.22/ivector) by extensions ['colcon_meta']
[1.329s] Level 1:colcon.colcon_core.package_identification:_identify(models/vosk-model-small-cn-0.22/ivector) by extension 'colcon_meta'
[1.329s] Level 1:colcon.colcon_core.package_identification:_identify(models/vosk-model-small-cn-0.22/ivector) by extensions ['ros']
[1.329s] Level 1:colcon.colcon_core.package_identification:_identify(models/vosk-model-small-cn-0.22/ivector) by extension 'ros'
[1.330s] Level 1:colcon.colcon_core.package_identification:_identify(models/vosk-model-small-cn-0.22/ivector) by extensions ['cmake', 'python']
[1.330s] Level 1:colcon.colcon_core.package_identification:_identify(models/vosk-model-small-cn-0.22/ivector) by extension 'cmake'
[1.330s] Level 1:colcon.colcon_core.package_identification:_identify(models/vosk-model-small-cn-0.22/ivector) by extension 'python'
[1.331s] Level 1:colcon.colcon_core.package_identification:_identify(models/vosk-model-small-cn-0.22/ivector) by extensions ['python_setup_py']
[1.331s] Level 1:colcon.colcon_core.package_identification:_identify(models/vosk-model-small-cn-0.22/ivector) by extension 'python_setup_py'
[1.331s] Level 1:colcon.colcon_core.package_identification:_identify(src) by extensions ['ignore', 'ignore_ament_install']
[1.332s] Level 1:colcon.colcon_core.package_identification:_identify(src) by extension 'ignore'
[1.332s] Level 1:colcon.colcon_core.package_identification:_identify(src) by extension 'ignore_ament_install'
[1.333s] Level 1:colcon.colcon_core.package_identification:_identify(src) by extensions ['colcon_pkg']
[1.333s] Level 1:colcon.colcon_core.package_identification:_identify(src) by extension 'colcon_pkg'
[1.333s] Level 1:colcon.colcon_core.package_identification:_identify(src) by extensions ['colcon_meta']
[1.333s] Level 1:colcon.colcon_core.package_identification:_identify(src) by extension 'colcon_meta'
[1.333s] Level 1:colcon.colcon_core.package_identification:_identify(src) by extensions ['ros']
[1.334s] Level 1:colcon.colcon_core.package_identification:_identify(src) by extension 'ros'
[1.334s] Level 1:colcon.colcon_core.package_identification:_identify(src) by extensions ['cmake', 'python']
[1.334s] Level 1:colcon.colcon_core.package_identification:_identify(src) by extension 'cmake'
[1.335s] Level 1:colcon.colcon_core.package_identification:_identify(src) by extension 'python'
[1.335s] Level 1:colcon.colcon_core.package_identification:_identify(src) by extensions ['python_setup_py']
[1.335s] Level 1:colcon.colcon_core.package_identification:_identify(src) by extension 'python_setup_py'
[1.336s] Level 1:colcon.colcon_core.package_identification:_identify(src/puppy_brain) by extensions ['ignore', 'ignore_ament_install']
[1.336s] Level 1:colcon.colcon_core.package_identification:_identify(src/puppy_brain) by extension 'ignore'
[1.337s] Level 1:colcon.colcon_core.package_identification:_identify(src/puppy_brain) by extension 'ignore_ament_install'
[1.337s] Level 1:colcon.colcon_core.package_identification:_identify(src/puppy_brain) by extensions ['colcon_pkg']
[1.337s] Level 1:colcon.colcon_core.package_identification:_identify(src/puppy_brain) by extension 'colcon_pkg'
[1.337s] Level 1:colcon.colcon_core.package_identification:_identify(src/puppy_brain) by extensions ['colcon_meta']
[1.338s] Level 1:colcon.colcon_core.package_identification:_identify(src/puppy_brain) by extension 'colcon_meta'
[1.338s] Level 1:colcon.colcon_core.package_identification:_identify(src/puppy_brain) by extensions ['ros']
[1.338s] Level 1:colcon.colcon_core.package_identification:_identify(src/puppy_brain) by extension 'ros'
[1.361s] DEBUG:colcon.colcon_core.package_identification:Package 'src/puppy_brain' with type 'ros.ament_python' and name 'puppy_brain'
[1.362s] Level 1:colcon.colcon_core.package_identification:_identify(tools) by extensions ['ignore', 'ignore_ament_install']
[1.362s] Level 1:colcon.colcon_core.package_identification:_identify(tools) by extension 'ignore'
[1.363s] Level 1:colcon.colcon_core.package_identification:_identify(tools) by extension 'ignore_ament_install'
[1.363s] Level 1:colcon.colcon_core.package_identification:_identify(tools) by extensions ['colcon_pkg']
[1.363s] Level 1:colcon.colcon_core.package_identification:_identify(tools) by extension 'colcon_pkg'
[1.364s] Level 1:colcon.colcon_core.package_identification:_identify(tools) by extensions ['colcon_meta']
[1.364s] Level 1:colcon.colcon_core.package_identification:_identify(tools) by extension 'colcon_meta'
[1.364s] Level 1:colcon.colcon_core.package_identification:_identify(tools) by extensions ['ros']
[1.364s] Level 1:colcon.colcon_core.package_identification:_identify(tools) by extension 'ros'
[1.365s] Level 1:colcon.colcon_core.package_identification:_identify(tools) by extensions ['cmake', 'python']
[1.365s] Level 1:colcon.colcon_core.package_identification:_identify(tools) by extension 'cmake'
[1.366s] Level 1:colcon.colcon_core.package_identification:_identify(tools) by extension 'python'
[1.366s] Level 1:colcon.colcon_core.package_identification:_identify(tools) by extensions ['python_setup_py']
[1.366s] Level 1:colcon.colcon_core.package_identification:_identify(tools) by extension 'python_setup_py'
[1.366s] Level 1:colcon.colcon_core.package_discovery:discover_packages(recursive) using defaults
[1.367s] Level 1:colcon.colcon_core.package_discovery:discover_packages(ignore) discover
[1.367s] Level 1:colcon.colcon_core.package_discovery:discover_packages(ignore) using defaults
[1.367s] Level 1:colcon.colcon_core.package_discovery:discover_packages(path) discover
[1.367s] Level 1:colcon.colcon_core.package_discovery:discover_packages(path) using defaults
[1.522s] Level 1:colcon.colcon_core.package_discovery:discover_packages(prefix_path) check parameters
[1.522s] Level 1:colcon.colcon_core.package_discovery:discover_packages(prefix_path) discover
[1.540s] DEBUG:colcon.colcon_installed_package_information.package_discovery:Found 58 installed packages in /opt/tros/humble
[1.549s] DEBUG:colcon.colcon_installed_package_information.package_discovery:Found 183 installed packages in /opt/ros/humble
[1.558s] Level 1:colcon.colcon_core.package_discovery:discover_packages(prefix_path) using defaults
[1.777s] Level 5:colcon.colcon_core.verb:set package 'puppy_brain' build argument 'cmake_args' from command line to 'None'
[1.777s] Level 5:colcon.colcon_core.verb:set package 'puppy_brain' build argument 'cmake_target' from command line to 'None'
[1.778s] Level 5:colcon.colcon_core.verb:set package 'puppy_brain' build argument 'cmake_target_skip_unavailable' from command line to 'False'
[1.778s] Level 5:colcon.colcon_core.verb:set package 'puppy_brain' build argument 'cmake_clean_cache' from command line to 'False'
[1.778s] Level 5:colcon.colcon_core.verb:set package 'puppy_brain' build argument 'cmake_clean_first' from command line to 'False'
[1.778s] Level 5:colcon.colcon_core.verb:set package 'puppy_brain' build argument 'cmake_force_configure' from command line to 'False'
[1.778s] Level 5:colcon.colcon_core.verb:set package 'puppy_brain' build argument 'ament_cmake_args' from command line to 'None'
[1.779s] Level 5:colcon.colcon_core.verb:set package 'puppy_brain' build argument 'catkin_cmake_args' from command line to 'None'
[1.779s] Level 5:colcon.colcon_core.verb:set package 'puppy_brain' build argument 'catkin_skip_building_tests' from command line to 'False'
[1.779s] DEBUG:colcon.colcon_core.verb:Building package 'puppy_brain' with the following arguments: {'ament_cmake_args': None, 'build_base': '/app/puppy_ws/build/puppy_brain', 'catkin_cmake_args': None, 'catkin_skip_building_tests': False, 'cmake_args': None, 'cmake_clean_cache': False, 'cmake_clean_first': False, 'cmake_force_configure': False, 'cmake_target': None, 'cmake_target_skip_unavailable': False, 'install_base': '/app/puppy_ws/install/puppy_brain', 'merge_install': False, 'path': '/app/puppy_ws/src/puppy_brain', 'symlink_install': False, 'test_result_base': None}
[1.780s] INFO:colcon.colcon_core.executor:Executing jobs using 'parallel' executor
[1.785s] DEBUG:colcon.colcon_parallel_executor.executor.parallel:run_until_complete
[1.787s] INFO:colcon.colcon_ros.task.ament_python.build:Building ROS package in '/app/puppy_ws/src/puppy_brain' with build type 'ament_python'
[1.788s] Level 1:colcon.colcon_core.shell:create_environment_hook('puppy_brain', 'ament_prefix_path')
[1.811s] INFO:colcon.colcon_core.plugin_system:Skipping extension 'colcon_core.shell.bat': Not used on non-Windows systems
[1.813s] INFO:colcon.colcon_core.shell:Creating environment hook '/app/puppy_ws/install/puppy_brain/share/puppy_brain/hook/ament_prefix_path.ps1'
[1.818s] INFO:colcon.colcon_core.shell:Creating environment descriptor '/app/puppy_ws/install/puppy_brain/share/puppy_brain/hook/ament_prefix_path.dsv'
[1.831s] INFO:colcon.colcon_core.shell:Creating environment hook '/app/puppy_ws/install/puppy_brain/share/puppy_brain/hook/ament_prefix_path.sh'
[1.840s] INFO:colcon.colcon_core.shell:Skip shell extension 'powershell' for command environment: Not usable outside of PowerShell
[1.840s] DEBUG:colcon.colcon_core.shell:Skip shell extension 'dsv' for command environment
[3.166s] INFO:colcon.colcon_core.task.python.build:Building Python package in '/app/puppy_ws/src/puppy_brain'
[3.168s] INFO:colcon.colcon_core.shell:Skip shell extension 'powershell' for command environment: Not usable outside of PowerShell
[3.168s] DEBUG:colcon.colcon_core.shell:Skip shell extension 'dsv' for command environment
[5.948s] DEBUG:colcon.colcon_core.event_handler.log_command:Invoking command in '/app/puppy_ws/src/puppy_brain': PYTHONPATH=/app/puppy_ws/build/puppy_brain/prefix_override:/usr/lib/python3/dist-packages/colcon_core/task/python/colcon_distutils_commands:/app/puppy_ws/install/puppy_brain/lib/python3.10/site-packages:${PYTHONPATH} /usr/bin/python3 -W ignore:setup.py install is deprecated -W ignore:easy_install command is deprecated setup.py egg_info --egg-base ../../build/puppy_brain build --build-base /app/puppy_ws/build/puppy_brain/build install --record /app/puppy_ws/build/puppy_brain/install.log --single-version-externally-managed install_data
[8.426s] DEBUG:colcon.colcon_core.event_handler.log_command:Invoked command in '/app/puppy_ws/src/puppy_brain' returned '0': PYTHONPATH=/app/puppy_ws/build/puppy_brain/prefix_override:/usr/lib/python3/dist-packages/colcon_core/task/python/colcon_distutils_commands:/app/puppy_ws/install/puppy_brain/lib/python3.10/site-packages:${PYTHONPATH} /usr/bin/python3 -W ignore:setup.py install is deprecated -W ignore:easy_install command is deprecated setup.py egg_info --egg-base ../../build/puppy_brain build --build-base /app/puppy_ws/build/puppy_brain/build install --record /app/puppy_ws/build/puppy_brain/install.log --single-version-externally-managed install_data
[8.465s] Level 1:colcon.colcon_core.environment:checking '/app/puppy_ws/install/puppy_brain' for CMake module files
[8.469s] Level 1:colcon.colcon_core.environment:checking '/app/puppy_ws/install/puppy_brain' for CMake config files
[8.473s] Level 1:colcon.colcon_core.environment:checking '/app/puppy_ws/install/puppy_brain/lib'
[8.474s] Level 1:colcon.colcon_core.environment:checking '/app/puppy_ws/install/puppy_brain/bin'
[8.474s] Level 1:colcon.colcon_core.environment:checking '/app/puppy_ws/install/puppy_brain/lib/pkgconfig/puppy_brain.pc'
[8.475s] Level 1:colcon.colcon_core.environment:checking '/app/puppy_ws/install/puppy_brain/lib/python3.10/site-packages'
[8.476s] Level 1:colcon.colcon_core.shell:create_environment_hook('puppy_brain', 'pythonpath')
[8.478s] INFO:colcon.colcon_core.shell:Creating environment hook '/app/puppy_ws/install/puppy_brain/share/puppy_brain/hook/pythonpath.ps1'
[8.481s] INFO:colcon.colcon_core.shell:Creating environment descriptor '/app/puppy_ws/install/puppy_brain/share/puppy_brain/hook/pythonpath.dsv'
[8.483s] INFO:colcon.colcon_core.shell:Creating environment hook '/app/puppy_ws/install/puppy_brain/share/puppy_brain/hook/pythonpath.sh'
[8.488s] Level 1:colcon.colcon_core.environment:checking '/app/puppy_ws/install/puppy_brain/bin'
[8.489s] Level 1:colcon.colcon_core.environment:create_environment_scripts_only(puppy_brain)
[8.491s] INFO:colcon.colcon_core.shell:Creating package script '/app/puppy_ws/install/puppy_brain/share/puppy_brain/package.ps1'
[8.497s] INFO:colcon.colcon_core.shell:Creating package descriptor '/app/puppy_ws/install/puppy_brain/share/puppy_brain/package.dsv'
[8.505s] INFO:colcon.colcon_core.shell:Creating package script '/app/puppy_ws/install/puppy_brain/share/puppy_brain/package.sh'
[8.513s] INFO:colcon.colcon_core.shell:Creating package script '/app/puppy_ws/install/puppy_brain/share/puppy_brain/package.bash'
[8.523s] INFO:colcon.colcon_core.shell:Creating package script '/app/puppy_ws/install/puppy_brain/share/puppy_brain/package.zsh'
[8.530s] Level 1:colcon.colcon_core.environment:create_file_with_runtime_dependencies(/app/puppy_ws/install/puppy_brain/share/colcon-core/packages/puppy_brain)
[8.533s] DEBUG:colcon.colcon_parallel_executor.executor.parallel:closing loop
[8.535s] DEBUG:colcon.colcon_parallel_executor.executor.parallel:loop closed
[8.535s] DEBUG:colcon.colcon_parallel_executor.executor.parallel:run_until_complete finished with '0'
[8.535s] DEBUG:colcon.colcon_core.event_reactor:joining thread
[8.568s] INFO:colcon.colcon_core.plugin_system:Skipping extension 'colcon_notification.desktop_notification.notify_send': Could not find 'notify-send'
[8.569s] INFO:colcon.colcon_core.plugin_system:Skipping extension 'colcon_notification.desktop_notification.terminal_notifier': Not used on non-Darwin systems
[8.569s] INFO:colcon.colcon_core.plugin_system:Skipping extension 'colcon_notification.desktop_notification.win32': Not used on non-Windows systems
[8.570s] INFO:colcon.colcon_notification.desktop_notification:Sending desktop notification using 'notify2'
[8.926s] DEBUG:colcon.colcon_core.event_reactor:joined thread
[8.928s] INFO:colcon.colcon_core.shell:Creating prefix script '/app/puppy_ws/install/local_setup.ps1'
[8.938s] INFO:colcon.colcon_core.shell:Creating prefix util module '/app/puppy_ws/install/_local_setup_util_ps1.py'
[8.952s] INFO:colcon.colcon_core.shell:Creating prefix chain script '/app/puppy_ws/install/setup.ps1'
[8.964s] INFO:colcon.colcon_core.shell:Creating prefix script '/app/puppy_ws/install/local_setup.sh'
[8.971s] INFO:colcon.colcon_core.shell:Creating prefix util module '/app/puppy_ws/install/_local_setup_util_sh.py'
[8.976s] INFO:colcon.colcon_core.shell:Creating prefix chain script '/app/puppy_ws/install/setup.sh'
[8.984s] INFO:colcon.colcon_core.shell:Creating prefix script '/app/puppy_ws/install/local_setup.bash'
[8.990s] INFO:colcon.colcon_core.shell:Creating prefix chain script '/app/puppy_ws/install/setup.bash'
[8.998s] INFO:colcon.colcon_core.shell:Creating prefix script '/app/puppy_ws/install/local_setup.zsh'
[9.003s] INFO:colcon.colcon_core.shell:Creating prefix chain script '/app/puppy_ws/install/setup.zsh'
