[1.683s] colcon DEBUG Command line arguments: ['/usr/local/bin/colcon', 'build', '--packages-select', 'puppy_brain', '--symlink-install']
[1.684s] colcon DEBUG Parsed command line arguments: Namespace(log_base=None, log_level=None, verb_name='build', build_base='build', install_base='install', merge_install=False, symlink_install=True, test_result_base=None, continue_on_error=False, executor='parallel', parallel_workers=8, event_handlers=None, ignore_user_meta=False, metas=['./colcon.meta'], base_paths=['.'], packages_ignore=None, packages_ignore_regex=None, paths=None, packages_up_to=None, packages_up_to_regex=None, packages_above=None, packages_above_and_dependencies=None, packages_above_depth=None, packages_select_by_dep=None, packages_skip_by_dep=None, packages_skip_up_to=None, packages_select_build_failed=False, packages_skip_build_finished=False, packages_select_test_failures=False, packages_skip_test_passed=False, packages_select=['puppy_brain'], packages_skip=None, packages_select_regex=None, packages_skip_regex=None, packages_start=None, packages_end=None, cmake_args=None, cmake_target=None, cmake_target_skip_unavailable=False, cmake_clean_cache=False, cmake_clean_first=False, cmake_force_configure=False, ament_cmake_args=None, catkin_cmake_args=None, catkin_skip_building_tests=False, verb_parser=<colcon_defaults.argument_parser.defaults.DefaultArgumentsDecorator object at 0xffff986ce920>, verb_extension=<colcon_core.verb.build.BuildVerb object at 0xffff986ce350>, main=<bound method BuildVerb.main of <colcon_core.verb.build.BuildVerb object at 0xffff986ce350>>)
[2.106s] colcon.colcon_core.package_discovery Level 1 discover_packages(colcon_meta) check parameters
[2.107s] colcon.colcon_core.package_discovery Level 1 discover_packages(recursive) check parameters
[2.107s] colcon.colcon_core.package_discovery Level 1 discover_packages(ignore) check parameters
[2.108s] colcon.colcon_core.package_discovery Level 1 discover_packages(path) check parameters
[2.108s] colcon.colcon_core.package_discovery Level 1 discover_packages(colcon_meta) discover
[2.109s] colcon.colcon_core.package_discovery Level 1 discover_packages(recursive) discover
[2.109s] colcon.colcon_core.package_discovery INFO Crawling recursively for packages in '/app/puppy_ws'
[2.110s] colcon.colcon_core.package_identification Level 1 _identify(.) by extensions ['ignore', 'ignore_ament_install']
[2.111s] colcon.colcon_core.package_identification Level 1 _identify(.) by extension 'ignore'
[2.112s] colcon.colcon_core.package_identification Level 1 _identify(.) by extension 'ignore_ament_install'
[2.113s] colcon.colcon_core.package_identification Level 1 _identify(.) by extensions ['colcon_pkg']
[2.114s] colcon.colcon_core.package_identification Level 1 _identify(.) by extension 'colcon_pkg'
[2.114s] colcon.colcon_core.package_identification Level 1 _identify(.) by extensions ['colcon_meta']
[2.115s] colcon.colcon_core.package_identification Level 1 _identify(.) by extension 'colcon_meta'
[2.115s] colcon.colcon_core.package_identification Level 1 _identify(.) by extensions ['ros']
[2.116s] colcon.colcon_core.package_identification Level 1 _identify(.) by extension 'ros'
[2.268s] colcon.colcon_core.package_identification Level 1 _identify(.) by extensions ['cmake', 'python']
[2.269s] colcon.colcon_core.package_identification Level 1 _identify(.) by extension 'cmake'
[2.270s] colcon.colcon_core.package_identification Level 1 _identify(.) by extension 'python'
[2.271s] colcon.colcon_core.package_identification Level 1 _identify(.) by extensions ['python_setup_py']
[2.271s] colcon.colcon_core.package_identification Level 1 _identify(.) by extension 'python_setup_py'
[2.273s] colcon.colcon_core.package_identification Level 1 _identify(build) by extensions ['ignore', 'ignore_ament_install']
[2.274s] colcon.colcon_core.package_identification Level 1 _identify(build) by extension 'ignore'
[2.275s] colcon.colcon_core.package_identification Level 1 _identify(build) ignored
[2.277s] colcon.colcon_core.package_identification Level 1 _identify(docs) by extensions ['ignore', 'ignore_ament_install']
[2.278s] colcon.colcon_core.package_identification Level 1 _identify(docs) by extension 'ignore'
[2.279s] colcon.colcon_core.package_identification Level 1 _identify(docs) by extension 'ignore_ament_install'
[2.280s] colcon.colcon_core.package_identification Level 1 _identify(docs) by extensions ['colcon_pkg']
[2.280s] colcon.colcon_core.package_identification Level 1 _identify(docs) by extension 'colcon_pkg'
[2.281s] colcon.colcon_core.package_identification Level 1 _identify(docs) by extensions ['colcon_meta']
[2.281s] colcon.colcon_core.package_identification Level 1 _identify(docs) by extension 'colcon_meta'
[2.282s] colcon.colcon_core.package_identification Level 1 _identify(docs) by extensions ['ros']
[2.282s] colcon.colcon_core.package_identification Level 1 _identify(docs) by extension 'ros'
[2.284s] colcon.colcon_core.package_identification Level 1 _identify(docs) by extensions ['cmake', 'python']
[2.284s] colcon.colcon_core.package_identification Level 1 _identify(docs) by extension 'cmake'
[2.285s] colcon.colcon_core.package_identification Level 1 _identify(docs) by extension 'python'
[2.286s] colcon.colcon_core.package_identification Level 1 _identify(docs) by extensions ['python_setup_py']
[2.287s] colcon.colcon_core.package_identification Level 1 _identify(docs) by extension 'python_setup_py'
[2.288s] colcon.colcon_core.package_identification Level 1 _identify(install) by extensions ['ignore', 'ignore_ament_install']
[2.289s] colcon.colcon_core.package_identification Level 1 _identify(install) by extension 'ignore'
[2.290s] colcon.colcon_core.package_identification Level 1 _identify(install) ignored
[2.291s] colcon.colcon_core.package_identification Level 1 _identify(log) by extensions ['ignore', 'ignore_ament_install']
[2.292s] colcon.colcon_core.package_identification Level 1 _identify(log) by extension 'ignore'
[2.293s] colcon.colcon_core.package_identification Level 1 _identify(log) ignored
[2.294s] colcon.colcon_core.package_identification Level 1 _identify(models) by extensions ['ignore', 'ignore_ament_install']
[2.295s] colcon.colcon_core.package_identification Level 1 _identify(models) by extension 'ignore'
[2.296s] colcon.colcon_core.package_identification Level 1 _identify(models) by extension 'ignore_ament_install'
[2.297s] colcon.colcon_core.package_identification Level 1 _identify(models) by extensions ['colcon_pkg']
[2.297s] colcon.colcon_core.package_identification Level 1 _identify(models) by extension 'colcon_pkg'
[2.298s] colcon.colcon_core.package_identification Level 1 _identify(models) by extensions ['colcon_meta']
[2.298s] colcon.colcon_core.package_identification Level 1 _identify(models) by extension 'colcon_meta'
[2.299s] colcon.colcon_core.package_identification Level 1 _identify(models) by extensions ['ros']
[2.300s] colcon.colcon_core.package_identification Level 1 _identify(models) by extension 'ros'
[2.300s] colcon.colcon_core.package_identification Level 1 _identify(models) by extensions ['cmake', 'python']
[2.301s] colcon.colcon_core.package_identification Level 1 _identify(models) by extension 'cmake'
[2.302s] colcon.colcon_core.package_identification Level 1 _identify(models) by extension 'python'
[2.302s] colcon.colcon_core.package_identification Level 1 _identify(models) by extensions ['python_setup_py']
[2.303s] colcon.colcon_core.package_identification Level 1 _identify(models) by extension 'python_setup_py'
[2.304s] colcon.colcon_core.package_identification Level 1 _identify(models/sherpa_kws) by extensions ['ignore', 'ignore_ament_install']
[2.305s] colcon.colcon_core.package_identification Level 1 _identify(models/sherpa_kws) by extension 'ignore'
[2.306s] colcon.colcon_core.package_identification Level 1 _identify(models/sherpa_kws) by extension 'ignore_ament_install'
[2.307s] colcon.colcon_core.package_identification Level 1 _identify(models/sherpa_kws) by extensions ['colcon_pkg']
[2.307s] colcon.colcon_core.package_identification Level 1 _identify(models/sherpa_kws) by extension 'colcon_pkg'
[2.308s] colcon.colcon_core.package_identification Level 1 _identify(models/sherpa_kws) by extensions ['colcon_meta']
[2.309s] colcon.colcon_core.package_identification Level 1 _identify(models/sherpa_kws) by extension 'colcon_meta'
[2.309s] colcon.colcon_core.package_identification Level 1 _identify(models/sherpa_kws) by extensions ['ros']
[2.310s] colcon.colcon_core.package_identification Level 1 _identify(models/sherpa_kws) by extension 'ros'
[2.311s] colcon.colcon_core.package_identification Level 1 _identify(models/sherpa_kws) by extensions ['cmake', 'python']
[2.312s] colcon.colcon_core.package_identification Level 1 _identify(models/sherpa_kws) by extension 'cmake'
[2.313s] colcon.colcon_core.package_identification Level 1 _identify(models/sherpa_kws) by extension 'python'
[2.313s] colcon.colcon_core.package_identification Level 1 _identify(models/sherpa_kws) by extensions ['python_setup_py']
[2.314s] colcon.colcon_core.package_identification Level 1 _identify(models/sherpa_kws) by extension 'python_setup_py'
[2.315s] colcon.colcon_core.package_identification Level 1 _identify(models/sherpa_kws/sherpa-onnx-kws-zipformer-zh-en-3M-2025-12-20) by extensions ['ignore', 'ignore_ament_install']
[2.316s] colcon.colcon_core.package_identification Level 1 _identify(models/sherpa_kws/sherpa-onnx-kws-zipformer-zh-en-3M-2025-12-20) by extension 'ignore'
[2.317s] colcon.colcon_core.package_identification Level 1 _identify(models/sherpa_kws/sherpa-onnx-kws-zipformer-zh-en-3M-2025-12-20) by extension 'ignore_ament_install'
[2.318s] colcon.colcon_core.package_identification Level 1 _identify(models/sherpa_kws/sherpa-onnx-kws-zipformer-zh-en-3M-2025-12-20) by extensions ['colcon_pkg']
[2.319s] colcon.colcon_core.package_identification Level 1 _identify(models/sherpa_kws/sherpa-onnx-kws-zipformer-zh-en-3M-2025-12-20) by extension 'colcon_pkg'
[2.319s] colcon.colcon_core.package_identification Level 1 _identify(models/sherpa_kws/sherpa-onnx-kws-zipformer-zh-en-3M-2025-12-20) by extensions ['colcon_meta']
[2.320s] colcon.colcon_core.package_identification Level 1 _identify(models/sherpa_kws/sherpa-onnx-kws-zipformer-zh-en-3M-2025-12-20) by extension 'colcon_meta'
[2.320s] colcon.colcon_core.package_identification Level 1 _identify(models/sherpa_kws/sherpa-onnx-kws-zipformer-zh-en-3M-2025-12-20) by extensions ['ros']
[2.321s] colcon.colcon_core.package_identification Level 1 _identify(models/sherpa_kws/sherpa-onnx-kws-zipformer-zh-en-3M-2025-12-20) by extension 'ros'
[2.322s] colcon.colcon_core.package_identification Level 1 _identify(models/sherpa_kws/sherpa-onnx-kws-zipformer-zh-en-3M-2025-12-20) by extensions ['cmake', 'python']
[2.323s] colcon.colcon_core.package_identification Level 1 _identify(models/sherpa_kws/sherpa-onnx-kws-zipformer-zh-en-3M-2025-12-20) by extension 'cmake'
[2.323s] colcon.colcon_core.package_identification Level 1 _identify(models/sherpa_kws/sherpa-onnx-kws-zipformer-zh-en-3M-2025-12-20) by extension 'python'
[2.324s] colcon.colcon_core.package_identification Level 1 _identify(models/sherpa_kws/sherpa-onnx-kws-zipformer-zh-en-3M-2025-12-20) by extensions ['python_setup_py']
[2.324s] colcon.colcon_core.package_identification Level 1 _identify(models/sherpa_kws/sherpa-onnx-kws-zipformer-zh-en-3M-2025-12-20) by extension 'python_setup_py'
[2.326s] colcon.colcon_core.package_identification Level 1 _identify(models/sherpa_kws/sherpa-onnx-kws-zipformer-zh-en-3M-2025-12-20/test_wavs) by extensions ['ignore', 'ignore_ament_install']
[2.327s] colcon.colcon_core.package_identification Level 1 _identify(models/sherpa_kws/sherpa-onnx-kws-zipformer-zh-en-3M-2025-12-20/test_wavs) by extension 'ignore'
[2.328s] colcon.colcon_core.package_identification Level 1 _identify(models/sherpa_kws/sherpa-onnx-kws-zipformer-zh-en-3M-2025-12-20/test_wavs) by extension 'ignore_ament_install'
[2.329s] colcon.colcon_core.package_identification Level 1 _identify(models/sherpa_kws/sherpa-onnx-kws-zipformer-zh-en-3M-2025-12-20/test_wavs) by extensions ['colcon_pkg']
[2.329s] colcon.colcon_core.package_identification Level 1 _identify(models/sherpa_kws/sherpa-onnx-kws-zipformer-zh-en-3M-2025-12-20/test_wavs) by extension 'colcon_pkg'
[2.330s] colcon.colcon_core.package_identification Level 1 _identify(models/sherpa_kws/sherpa-onnx-kws-zipformer-zh-en-3M-2025-12-20/test_wavs) by extensions ['colcon_meta']
[2.330s] colcon.colcon_core.package_identification Level 1 _identify(models/sherpa_kws/sherpa-onnx-kws-zipformer-zh-en-3M-2025-12-20/test_wavs) by extension 'colcon_meta'
[2.331s] colcon.colcon_core.package_identification Level 1 _identify(models/sherpa_kws/sherpa-onnx-kws-zipformer-zh-en-3M-2025-12-20/test_wavs) by extensions ['ros']
[2.332s] colcon.colcon_core.package_identification Level 1 _identify(models/sherpa_kws/sherpa-onnx-kws-zipformer-zh-en-3M-2025-12-20/test_wavs) by extension 'ros'
[2.333s] colcon.colcon_core.package_identification Level 1 _identify(models/sherpa_kws/sherpa-onnx-kws-zipformer-zh-en-3M-2025-12-20/test_wavs) by extensions ['cmake', 'python']
[2.334s] colcon.colcon_core.package_identification Level 1 _identify(models/sherpa_kws/sherpa-onnx-kws-zipformer-zh-en-3M-2025-12-20/test_wavs) by extension 'cmake'
[2.334s] colcon.colcon_core.package_identification Level 1 _identify(models/sherpa_kws/sherpa-onnx-kws-zipformer-zh-en-3M-2025-12-20/test_wavs) by extension 'python'
[2.335s] colcon.colcon_core.package_identification Level 1 _identify(models/sherpa_kws/sherpa-onnx-kws-zipformer-zh-en-3M-2025-12-20/test_wavs) by extensions ['python_setup_py']
[2.336s] colcon.colcon_core.package_identification Level 1 _identify(models/sherpa_kws/sherpa-onnx-kws-zipformer-zh-en-3M-2025-12-20/test_wavs) by extension 'python_setup_py'
[2.337s] colcon.colcon_core.package_identification Level 1 _identify(models/vosk-model-small-cn-0.22) by extensions ['ignore', 'ignore_ament_install']
[2.340s] colcon.colcon_core.package_identification Level 1 _identify(models/vosk-model-small-cn-0.22) by extension 'ignore'
[2.343s] colcon.colcon_core.package_identification Level 1 _identify(models/vosk-model-small-cn-0.22) by extension 'ignore_ament_install'
[2.345s] colcon.colcon_core.package_identification Level 1 _identify(models/vosk-model-small-cn-0.22) by extensions ['colcon_pkg']
[2.346s] colcon.colcon_core.package_identification Level 1 _identify(models/vosk-model-small-cn-0.22) by extension 'colcon_pkg'
[2.348s] colcon.colcon_core.package_identification Level 1 _identify(models/vosk-model-small-cn-0.22) by extensions ['colcon_meta']
[2.348s] colcon.colcon_core.package_identification Level 1 _identify(models/vosk-model-small-cn-0.22) by extension 'colcon_meta'
[2.349s] colcon.colcon_core.package_identification Level 1 _identify(models/vosk-model-small-cn-0.22) by extensions ['ros']
[2.350s] colcon.colcon_core.package_identification Level 1 _identify(models/vosk-model-small-cn-0.22) by extension 'ros'
[2.351s] colcon.colcon_core.package_identification Level 1 _identify(models/vosk-model-small-cn-0.22) by extensions ['cmake', 'python']
[2.351s] colcon.colcon_core.package_identification Level 1 _identify(models/vosk-model-small-cn-0.22) by extension 'cmake'
[2.352s] colcon.colcon_core.package_identification Level 1 _identify(models/vosk-model-small-cn-0.22) by extension 'python'
[2.352s] colcon.colcon_core.package_identification Level 1 _identify(models/vosk-model-small-cn-0.22) by extensions ['python_setup_py']
[2.353s] colcon.colcon_core.package_identification Level 1 _identify(models/vosk-model-small-cn-0.22) by extension 'python_setup_py'
[2.354s] colcon.colcon_core.package_identification Level 1 _identify(models/vosk-model-small-cn-0.22/am) by extensions ['ignore', 'ignore_ament_install']
[2.356s] colcon.colcon_core.package_identification Level 1 _identify(models/vosk-model-small-cn-0.22/am) by extension 'ignore'
[2.357s] colcon.colcon_core.package_identification Level 1 _identify(models/vosk-model-small-cn-0.22/am) by extension 'ignore_ament_install'
[2.359s] colcon.colcon_core.package_identification Level 1 _identify(models/vosk-model-small-cn-0.22/am) by extensions ['colcon_pkg']
[2.359s] colcon.colcon_core.package_identification Level 1 _identify(models/vosk-model-small-cn-0.22/am) by extension 'colcon_pkg'
[2.360s] colcon.colcon_core.package_identification Level 1 _identify(models/vosk-model-small-cn-0.22/am) by extensions ['colcon_meta']
[2.361s] colcon.colcon_core.package_identification Level 1 _identify(models/vosk-model-small-cn-0.22/am) by extension 'colcon_meta'
[2.362s] colcon.colcon_core.package_identification Level 1 _identify(models/vosk-model-small-cn-0.22/am) by extensions ['ros']
[2.362s] colcon.colcon_core.package_identification Level 1 _identify(models/vosk-model-small-cn-0.22/am) by extension 'ros'
[2.363s] colcon.colcon_core.package_identification Level 1 _identify(models/vosk-model-small-cn-0.22/am) by extensions ['cmake', 'python']
[2.364s] colcon.colcon_core.package_identification Level 1 _identify(models/vosk-model-small-cn-0.22/am) by extension 'cmake'
[2.364s] colcon.colcon_core.package_identification Level 1 _identify(models/vosk-model-small-cn-0.22/am) by extension 'python'
[2.365s] colcon.colcon_core.package_identification Level 1 _identify(models/vosk-model-small-cn-0.22/am) by extensions ['python_setup_py']
[2.366s] colcon.colcon_core.package_identification Level 1 _identify(models/vosk-model-small-cn-0.22/am) by extension 'python_setup_py'
[2.367s] colcon.colcon_core.package_identification Level 1 _identify(models/vosk-model-small-cn-0.22/conf) by extensions ['ignore', 'ignore_ament_install']
[2.368s] colcon.colcon_core.package_identification Level 1 _identify(models/vosk-model-small-cn-0.22/conf) by extension 'ignore'
[2.369s] colcon.colcon_core.package_identification Level 1 _identify(models/vosk-model-small-cn-0.22/conf) by extension 'ignore_ament_install'
[2.370s] colcon.colcon_core.package_identification Level 1 _identify(models/vosk-model-small-cn-0.22/conf) by extensions ['colcon_pkg']
[2.371s] colcon.colcon_core.package_identification Level 1 _identify(models/vosk-model-small-cn-0.22/conf) by extension 'colcon_pkg'
[2.371s] colcon.colcon_core.package_identification Level 1 _identify(models/vosk-model-small-cn-0.22/conf) by extensions ['colcon_meta']
[2.372s] colcon.colcon_core.package_identification Level 1 _identify(models/vosk-model-small-cn-0.22/conf) by extension 'colcon_meta'
[2.372s] colcon.colcon_core.package_identification Level 1 _identify(models/vosk-model-small-cn-0.22/conf) by extensions ['ros']
[2.373s] colcon.colcon_core.package_identification Level 1 _identify(models/vosk-model-small-cn-0.22/conf) by extension 'ros'
[2.374s] colcon.colcon_core.package_identification Level 1 _identify(models/vosk-model-small-cn-0.22/conf) by extensions ['cmake', 'python']
[2.375s] colcon.colcon_core.package_identification Level 1 _identify(models/vosk-model-small-cn-0.22/conf) by extension 'cmake'
[2.375s] colcon.colcon_core.package_identification Level 1 _identify(models/vosk-model-small-cn-0.22/conf) by extension 'python'
[2.376s] colcon.colcon_core.package_identification Level 1 _identify(models/vosk-model-small-cn-0.22/conf) by extensions ['python_setup_py']
[2.377s] colcon.colcon_core.package_identification Level 1 _identify(models/vosk-model-small-cn-0.22/conf) by extension 'python_setup_py'
[2.378s] colcon.colcon_core.package_identification Level 1 _identify(models/vosk-model-small-cn-0.22/graph) by extensions ['ignore', 'ignore_ament_install']
[2.379s] colcon.colcon_core.package_identification Level 1 _identify(models/vosk-model-small-cn-0.22/graph) by extension 'ignore'
[2.380s] colcon.colcon_core.package_identification Level 1 _identify(models/vosk-model-small-cn-0.22/graph) by extension 'ignore_ament_install'
[2.380s] colcon.colcon_core.package_identification Level 1 _identify(models/vosk-model-small-cn-0.22/graph) by extensions ['colcon_pkg']
[2.381s] colcon.colcon_core.package_identification Level 1 _identify(models/vosk-model-small-cn-0.22/graph) by extension 'colcon_pkg'
[2.381s] colcon.colcon_core.package_identification Level 1 _identify(models/vosk-model-small-cn-0.22/graph) by extensions ['colcon_meta']
[2.382s] colcon.colcon_core.package_identification Level 1 _identify(models/vosk-model-small-cn-0.22/graph) by extension 'colcon_meta'
[2.382s] colcon.colcon_core.package_identification Level 1 _identify(models/vosk-model-small-cn-0.22/graph) by extensions ['ros']
[2.383s] colcon.colcon_core.package_identification Level 1 _identify(models/vosk-model-small-cn-0.22/graph) by extension 'ros'
[2.384s] colcon.colcon_core.package_identification Level 1 _identify(models/vosk-model-small-cn-0.22/graph) by extensions ['cmake', 'python']
[2.384s] colcon.colcon_core.package_identification Level 1 _identify(models/vosk-model-small-cn-0.22/graph) by extension 'cmake'
[2.385s] colcon.colcon_core.package_identification Level 1 _identify(models/vosk-model-small-cn-0.22/graph) by extension 'python'
[2.386s] colcon.colcon_core.package_identification Level 1 _identify(models/vosk-model-small-cn-0.22/graph) by extensions ['python_setup_py']
[2.386s] colcon.colcon_core.package_identification Level 1 _identify(models/vosk-model-small-cn-0.22/graph) by extension 'python_setup_py'
[2.387s] colcon.colcon_core.package_identification Level 1 _identify(models/vosk-model-small-cn-0.22/graph/phones) by extensions ['ignore', 'ignore_ament_install']
[2.388s] colcon.colcon_core.package_identification Level 1 _identify(models/vosk-model-small-cn-0.22/graph/phones) by extension 'ignore'
[2.389s] colcon.colcon_core.package_identification Level 1 _identify(models/vosk-model-small-cn-0.22/graph/phones) by extension 'ignore_ament_install'
[2.390s] colcon.colcon_core.package_identification Level 1 _identify(models/vosk-model-small-cn-0.22/graph/phones) by extensions ['colcon_pkg']
[2.390s] colcon.colcon_core.package_identification Level 1 _identify(models/vosk-model-small-cn-0.22/graph/phones) by extension 'colcon_pkg'
[2.391s] colcon.colcon_core.package_identification Level 1 _identify(models/vosk-model-small-cn-0.22/graph/phones) by extensions ['colcon_meta']
[2.391s] colcon.colcon_core.package_identification Level 1 _identify(models/vosk-model-small-cn-0.22/graph/phones) by extension 'colcon_meta'
[2.392s] colcon.colcon_core.package_identification Level 1 _identify(models/vosk-model-small-cn-0.22/graph/phones) by extensions ['ros']
[2.392s] colcon.colcon_core.package_identification Level 1 _identify(models/vosk-model-small-cn-0.22/graph/phones) by extension 'ros'
[2.393s] colcon.colcon_core.package_identification Level 1 _identify(models/vosk-model-small-cn-0.22/graph/phones) by extensions ['cmake', 'python']
[2.394s] colcon.colcon_core.package_identification Level 1 _identify(models/vosk-model-small-cn-0.22/graph/phones) by extension 'cmake'
[2.394s] colcon.colcon_core.package_identification Level 1 _identify(models/vosk-model-small-cn-0.22/graph/phones) by extension 'python'
[2.395s] colcon.colcon_core.package_identification Level 1 _identify(models/vosk-model-small-cn-0.22/graph/phones) by extensions ['python_setup_py']
[2.395s] colcon.colcon_core.package_identification Level 1 _identify(models/vosk-model-small-cn-0.22/graph/phones) by extension 'python_setup_py'
[2.396s] colcon.colcon_core.package_identification Level 1 _identify(models/vosk-model-small-cn-0.22/ivector) by extensions ['ignore', 'ignore_ament_install']
[2.397s] colcon.colcon_core.package_identification Level 1 _identify(models/vosk-model-small-cn-0.22/ivector) by extension 'ignore'
[2.398s] colcon.colcon_core.package_identification Level 1 _identify(models/vosk-model-small-cn-0.22/ivector) by extension 'ignore_ament_install'
[2.399s] colcon.colcon_core.package_identification Level 1 _identify(models/vosk-model-small-cn-0.22/ivector) by extensions ['colcon_pkg']
[2.400s] colcon.colcon_core.package_identification Level 1 _identify(models/vosk-model-small-cn-0.22/ivector) by extension 'colcon_pkg'
[2.400s] colcon.colcon_core.package_identification Level 1 _identify(models/vosk-model-small-cn-0.22/ivector) by extensions ['colcon_meta']
[2.401s] colcon.colcon_core.package_identification Level 1 _identify(models/vosk-model-small-cn-0.22/ivector) by extension 'colcon_meta'
[2.401s] colcon.colcon_core.package_identification Level 1 _identify(models/vosk-model-small-cn-0.22/ivector) by extensions ['ros']
[2.402s] colcon.colcon_core.package_identification Level 1 _identify(models/vosk-model-small-cn-0.22/ivector) by extension 'ros'
[2.403s] colcon.colcon_core.package_identification Level 1 _identify(models/vosk-model-small-cn-0.22/ivector) by extensions ['cmake', 'python']
[2.403s] colcon.colcon_core.package_identification Level 1 _identify(models/vosk-model-small-cn-0.22/ivector) by extension 'cmake'
[2.404s] colcon.colcon_core.package_identification Level 1 _identify(models/vosk-model-small-cn-0.22/ivector) by extension 'python'
[2.404s] colcon.colcon_core.package_identification Level 1 _identify(models/vosk-model-small-cn-0.22/ivector) by extensions ['python_setup_py']
[2.405s] colcon.colcon_core.package_identification Level 1 _identify(models/vosk-model-small-cn-0.22/ivector) by extension 'python_setup_py'
[2.406s] colcon.colcon_core.package_identification Level 1 _identify(src) by extensions ['ignore', 'ignore_ament_install']
[2.409s] colcon.colcon_core.package_identification Level 1 _identify(src) by extension 'ignore'
[2.411s] colcon.colcon_core.package_identification Level 1 _identify(src) by extension 'ignore_ament_install'
[2.413s] colcon.colcon_core.package_identification Level 1 _identify(src) by extensions ['colcon_pkg']
[2.413s] colcon.colcon_core.package_identification Level 1 _identify(src) by extension 'colcon_pkg'
[2.414s] colcon.colcon_core.package_identification Level 1 _identify(src) by extensions ['colcon_meta']
[2.415s] colcon.colcon_core.package_identification Level 1 _identify(src) by extension 'colcon_meta'
[2.416s] colcon.colcon_core.package_identification Level 1 _identify(src) by extensions ['ros']
[2.417s] colcon.colcon_core.package_identification Level 1 _identify(src) by extension 'ros'
[2.419s] colcon.colcon_core.package_identification Level 1 _identify(src) by extensions ['cmake', 'python']
[2.420s] colcon.colcon_core.package_identification Level 1 _identify(src) by extension 'cmake'
[2.421s] colcon.colcon_core.package_identification Level 1 _identify(src) by extension 'python'
[2.422s] colcon.colcon_core.package_identification Level 1 _identify(src) by extensions ['python_setup_py']
[2.423s] colcon.colcon_core.package_identification Level 1 _identify(src) by extension 'python_setup_py'
[2.425s] colcon.colcon_core.package_identification Level 1 _identify(src/puppy_brain) by extensions ['ignore', 'ignore_ament_install']
[2.426s] colcon.colcon_core.package_identification Level 1 _identify(src/puppy_brain) by extension 'ignore'
[2.427s] colcon.colcon_core.package_identification Level 1 _identify(src/puppy_brain) by extension 'ignore_ament_install'
[2.428s] colcon.colcon_core.package_identification Level 1 _identify(src/puppy_brain) by extensions ['colcon_pkg']
[2.429s] colcon.colcon_core.package_identification Level 1 _identify(src/puppy_brain) by extension 'colcon_pkg'
[2.430s] colcon.colcon_core.package_identification Level 1 _identify(src/puppy_brain) by extensions ['colcon_meta']
[2.431s] colcon.colcon_core.package_identification Level 1 _identify(src/puppy_brain) by extension 'colcon_meta'
[2.432s] colcon.colcon_core.package_identification Level 1 _identify(src/puppy_brain) by extensions ['ros']
[2.433s] colcon.colcon_core.package_identification Level 1 _identify(src/puppy_brain) by extension 'ros'
[2.462s] colcon.colcon_core.package_identification DEBUG Package 'src/puppy_brain' with type 'ros.ament_python' and name 'puppy_brain'
[2.463s] colcon.colcon_core.package_identification Level 1 _identify(tools) by extensions ['ignore', 'ignore_ament_install']
[2.464s] colcon.colcon_core.package_identification Level 1 _identify(tools) by extension 'ignore'
[2.465s] colcon.colcon_core.package_identification Level 1 _identify(tools) by extension 'ignore_ament_install'
[2.466s] colcon.colcon_core.package_identification Level 1 _identify(tools) by extensions ['colcon_pkg']
[2.466s] colcon.colcon_core.package_identification Level 1 _identify(tools) by extension 'colcon_pkg'
[2.467s] colcon.colcon_core.package_identification Level 1 _identify(tools) by extensions ['colcon_meta']
[2.468s] colcon.colcon_core.package_identification Level 1 _identify(tools) by extension 'colcon_meta'
[2.468s] colcon.colcon_core.package_identification Level 1 _identify(tools) by extensions ['ros']
[2.469s] colcon.colcon_core.package_identification Level 1 _identify(tools) by extension 'ros'
[2.470s] colcon.colcon_core.package_identification Level 1 _identify(tools) by extensions ['cmake', 'python']
[2.470s] colcon.colcon_core.package_identification Level 1 _identify(tools) by extension 'cmake'
[2.471s] colcon.colcon_core.package_identification Level 1 _identify(tools) by extension 'python'
[2.472s] colcon.colcon_core.package_identification Level 1 _identify(tools) by extensions ['python_setup_py']
[2.472s] colcon.colcon_core.package_identification Level 1 _identify(tools) by extension 'python_setup_py'
[2.473s] colcon.colcon_core.package_discovery Level 1 discover_packages(recursive) using defaults
[2.473s] colcon.colcon_core.package_discovery Level 1 discover_packages(ignore) discover
[2.474s] colcon.colcon_core.package_discovery Level 1 discover_packages(ignore) using defaults
[2.474s] colcon.colcon_core.package_discovery Level 1 discover_packages(path) discover
[2.475s] colcon.colcon_core.package_discovery Level 1 discover_packages(path) using defaults
[2.654s] colcon.colcon_core.verb Level 5 set package 'puppy_brain' build argument 'cmake_args' from command line to 'None'
[2.655s] colcon.colcon_core.verb Level 5 set package 'puppy_brain' build argument 'cmake_target' from command line to 'None'
[2.657s] colcon.colcon_core.verb Level 5 set package 'puppy_brain' build argument 'cmake_target_skip_unavailable' from command line to 'False'
[2.658s] colcon.colcon_core.verb Level 5 set package 'puppy_brain' build argument 'cmake_clean_cache' from command line to 'False'
[2.659s] colcon.colcon_core.verb Level 5 set package 'puppy_brain' build argument 'cmake_clean_first' from command line to 'False'
[2.660s] colcon.colcon_core.verb Level 5 set package 'puppy_brain' build argument 'cmake_force_configure' from command line to 'False'
[2.661s] colcon.colcon_core.verb Level 5 set package 'puppy_brain' build argument 'ament_cmake_args' from command line to 'None'
[2.662s] colcon.colcon_core.verb Level 5 set package 'puppy_brain' build argument 'catkin_cmake_args' from command line to 'None'
[2.663s] colcon.colcon_core.verb Level 5 set package 'puppy_brain' build argument 'catkin_skip_building_tests' from command line to 'False'
[2.664s] colcon.colcon_core.verb DEBUG Building package 'puppy_brain' with the following arguments: {'ament_cmake_args': None, 'build_base': '/app/puppy_ws/build/puppy_brain', 'catkin_cmake_args': None, 'catkin_skip_building_tests': False, 'cmake_args': None, 'cmake_clean_cache': False, 'cmake_clean_first': False, 'cmake_force_configure': False, 'cmake_target': None, 'cmake_target_skip_unavailable': False, 'install_base': '/app/puppy_ws/install/puppy_brain', 'merge_install': False, 'path': '/app/puppy_ws/src/puppy_brain', 'symlink_install': True, 'test_result_base': None}
[2.667s] colcon.colcon_core.executor INFO Executing jobs using 'parallel' executor
[2.677s] colcon.colcon_parallel_executor.executor.parallel DEBUG run_until_complete
[2.680s] colcon.colcon_ros.task.ament_python.build INFO Building ROS package in '/app/puppy_ws/src/puppy_brain' with build type 'ament_python'
[2.681s] colcon.colcon_core.shell Level 1 create_environment_hook('puppy_brain', 'ament_prefix_path')
[2.705s] colcon.colcon_core.plugin_system INFO Skipping extension 'colcon_core.shell.bat': Not used on non-Windows systems
[2.707s] colcon.colcon_core.shell INFO Creating environment hook '/app/puppy_ws/install/puppy_brain/share/puppy_brain/hook/ament_prefix_path.ps1'
[2.713s] colcon.colcon_core.shell INFO Creating environment descriptor '/app/puppy_ws/install/puppy_brain/share/puppy_brain/hook/ament_prefix_path.dsv'
[2.718s] colcon.colcon_core.shell INFO Creating environment hook '/app/puppy_ws/install/puppy_brain/share/puppy_brain/hook/ament_prefix_path.sh'
[2.727s] colcon.colcon_core.shell INFO Skip shell extension 'powershell' for command environment: Not usable outside of PowerShell
[2.727s] colcon.colcon_core.shell DEBUG Skip shell extension 'dsv' for command environment
[5.383s] colcon.colcon_core.task.python.build INFO Building Python package in '/app/puppy_ws/src/puppy_brain'
[5.386s] colcon.colcon_core.shell INFO Skip shell extension 'powershell' for command environment: Not usable outside of PowerShell
[5.386s] colcon.colcon_core.shell DEBUG Skip shell extension 'dsv' for command environment
[13.335s] colcon.colcon_core.task.python.build DEBUG Available setuptools commands: build, install_data, isort, bdist_dumb, rotate, bdist_egg, check, develop, init_catalog, install_scripts, bdist, build_clib, install, update_catalog, sdist, build_py, build_scripts, alias, dist_info, egg_info, bdist_rpm, setopt, compile_catalog, editable_wheel, symlink_data, clean, extract_messages, build_ext, easy_install, saveopts, install_headers, install_egg_info, bdist_wheel, install_lib
[17.715s] colcon.colcon_core.task.python.build DEBUG Available setuptools 'develop' options: --build-directory, --dry-run, --record, --upgrade, --no-user-cfg, --version, --always-unzip, --multi-version, --egg-path, --uninstall, --user, --find-links, --site-dirs, --help, --allow-hosts, --exclude-scripts, --no-find-links, --editable, --verbose, --no-deps, --always-copy, --optimize, --index-url, --local-snapshots-ok, --script-dir, --install-dir, --quiet, --prefix, --zip-ok
[17.726s] colcon.colcon_core.event_handler.log_command DEBUG Invoking command in '/app/puppy_ws/build/puppy_brain': CONDA_PROMPT_MODIFIER=(puppy) PYTHONPATH=/app/puppy_ws/build/puppy_brain/prefix_override:/usr/local/lib/python3.10/dist-packages/colcon_core/task/python/colcon_distutils_commands:/app/puppy_ws/install/puppy_brain/lib/python3.10/site-packages:${PYTHONPATH} /usr/bin/python3 -W ignore:setup.py install is deprecated -W ignore:easy_install command is deprecated setup.py develop --editable --build-directory /app/puppy_ws/build/puppy_brain/build --no-deps symlink_data
[26.858s] colcon.colcon_core.shell Level 1 create_environment_hook('puppy_brain', 'pythonpath_develop')
[26.862s] colcon.colcon_core.shell INFO Creating environment hook '/app/puppy_ws/build/puppy_brain/share/puppy_brain/hook/pythonpath_develop.ps1'
[26.863s] colcon.colcon_core.event_handler.log_command DEBUG Invoked command in '/app/puppy_ws/build/puppy_brain' returned '0': CONDA_PROMPT_MODIFIER=(puppy) PYTHONPATH=/app/puppy_ws/build/puppy_brain/prefix_override:/usr/local/lib/python3.10/dist-packages/colcon_core/task/python/colcon_distutils_commands:/app/puppy_ws/install/puppy_brain/lib/python3.10/site-packages:${PYTHONPATH} /usr/bin/python3 -W ignore:setup.py install is deprecated -W ignore:easy_install command is deprecated setup.py develop --editable --build-directory /app/puppy_ws/build/puppy_brain/build --no-deps symlink_data
[26.867s] colcon.colcon_core.shell INFO Creating environment descriptor '/app/puppy_ws/build/puppy_brain/share/puppy_brain/hook/pythonpath_develop.dsv'
[26.870s] colcon.colcon_core.shell INFO Creating environment hook '/app/puppy_ws/build/puppy_brain/share/puppy_brain/hook/pythonpath_develop.sh'
[26.892s] colcon.colcon_core.environment Level 1 checking '/app/puppy_ws/install/puppy_brain' for CMake module files
[26.896s] colcon.colcon_core.environment Level 1 checking '/app/puppy_ws/install/puppy_brain' for CMake config files
[26.905s] colcon.colcon_core.environment Level 1 checking '/app/puppy_ws/install/puppy_brain/lib'
[26.906s] colcon.colcon_core.environment Level 1 checking '/app/puppy_ws/install/puppy_brain/bin'
[26.907s] colcon.colcon_core.environment Level 1 checking '/app/puppy_ws/install/puppy_brain/lib/pkgconfig/puppy_brain.pc'
[26.909s] colcon.colcon_core.environment Level 1 checking '/app/puppy_ws/install/puppy_brain/lib/python3.10/site-packages'
[26.910s] colcon.colcon_core.shell Level 1 create_environment_hook('puppy_brain', 'pythonpath')
[26.912s] colcon.colcon_core.shell INFO Creating environment hook '/app/puppy_ws/install/puppy_brain/share/puppy_brain/hook/pythonpath.ps1'
[26.916s] colcon.colcon_core.shell INFO Creating environment descriptor '/app/puppy_ws/install/puppy_brain/share/puppy_brain/hook/pythonpath.dsv'
[26.921s] colcon.colcon_core.shell INFO Creating environment hook '/app/puppy_ws/install/puppy_brain/share/puppy_brain/hook/pythonpath.sh'
[26.927s] colcon.colcon_core.environment Level 1 checking '/app/puppy_ws/install/puppy_brain/bin'
[26.928s] colcon.colcon_core.environment Level 1 create_environment_scripts_only(puppy_brain)
[26.932s] colcon.colcon_core.shell INFO Creating package script '/app/puppy_ws/install/puppy_brain/share/puppy_brain/package.ps1'
[26.950s] colcon.colcon_core.shell INFO Creating package descriptor '/app/puppy_ws/install/puppy_brain/share/puppy_brain/package.dsv'
[26.959s] colcon.colcon_core.shell INFO Creating package script '/app/puppy_ws/install/puppy_brain/share/puppy_brain/package.sh'
[26.967s] colcon.colcon_core.shell INFO Creating package script '/app/puppy_ws/install/puppy_brain/share/puppy_brain/package.bash'
[26.973s] colcon.colcon_core.shell INFO Creating package script '/app/puppy_ws/install/puppy_brain/share/puppy_brain/package.zsh'
[26.980s] colcon.colcon_core.environment Level 1 create_file_with_runtime_dependencies(/app/puppy_ws/install/puppy_brain/share/colcon-core/packages/puppy_brain)
[26.982s] colcon.colcon_parallel_executor.executor.parallel DEBUG closing loop
[26.985s] colcon.colcon_parallel_executor.executor.parallel DEBUG loop closed
[26.986s] colcon.colcon_parallel_executor.executor.parallel DEBUG run_until_complete finished with '0'
[26.986s] colcon.colcon_core.event_reactor DEBUG joining thread
[26.992s] colcon.colcon_core.event_reactor DEBUG joined thread
[26.994s] colcon.colcon_core.shell INFO Creating prefix script '/app/puppy_ws/install/local_setup.ps1'
[27.002s] colcon.colcon_core.shell INFO Creating prefix util module '/app/puppy_ws/install/_local_setup_util_ps1.py'
[27.014s] colcon.colcon_core.shell INFO Creating prefix chain script '/app/puppy_ws/install/setup.ps1'
[27.023s] colcon.colcon_core.shell INFO Creating prefix script '/app/puppy_ws/install/local_setup.sh'
[27.028s] colcon.colcon_core.shell INFO Creating prefix util module '/app/puppy_ws/install/_local_setup_util_sh.py'
[27.033s] colcon.colcon_core.shell INFO Creating prefix chain script '/app/puppy_ws/install/setup.sh'
[27.045s] colcon.colcon_core.shell INFO Creating prefix script '/app/puppy_ws/install/local_setup.bash'
[27.051s] colcon.colcon_core.shell INFO Creating prefix chain script '/app/puppy_ws/install/setup.bash'
[27.060s] colcon.colcon_core.shell INFO Creating prefix script '/app/puppy_ws/install/local_setup.zsh'
[27.064s] colcon.colcon_core.shell INFO Creating prefix chain script '/app/puppy_ws/install/setup.zsh'
