[6.239s] Invoking command in '/app/puppy_ws/src/puppy_brain': PYTHONPATH=/app/puppy_ws/build/puppy_brain/prefix_override:/usr/lib/python3/dist-packages/colcon_core/task/python/colcon_distutils_commands:/app/puppy_ws/install/puppy_brain/lib/python3.10/site-packages:${PYTHONPATH} /usr/bin/python3 -W ignore:setup.py install is deprecated -W ignore:easy_install command is deprecated setup.py egg_info --egg-base ../../build/puppy_brain build --build-base /app/puppy_ws/build/puppy_brain/build install --record /app/puppy_ws/build/puppy_brain/install.log --single-version-externally-managed install_data
[7.647s] /usr/local/lib/python3.10/dist-packages/setuptools/_distutils/dist.py:289: UserWarning: Unknown distribution option: 'tests_require'
[7.648s]   warnings.warn(msg)
[8.515s] running egg_info
[8.667s] writing ../../build/puppy_brain/puppy_brain.egg-info/PKG-INFO
[8.669s] writing dependency_links to ../../build/puppy_brain/puppy_brain.egg-info/dependency_links.txt
[8.670s] writing entry points to ../../build/puppy_brain/puppy_brain.egg-info/entry_points.txt
[8.672s] writing requirements to ../../build/puppy_brain/puppy_brain.egg-info/requires.txt
[8.673s] writing top-level names to ../../build/puppy_brain/puppy_brain.egg-info/top_level.txt
[8.983s] reading manifest file '../../build/puppy_brain/puppy_brain.egg-info/SOURCES.txt'
[8.999s] writing manifest file '../../build/puppy_brain/puppy_brain.egg-info/SOURCES.txt'
[9.002s] running build
[9.003s] running build_py
[9.003s] copying puppy_brain/gesture_adapter_node.py -> /app/puppy_ws/build/puppy_brain/build/lib/puppy_brain
[9.005s] copying puppy_brain/decision_node_gesture_test.py -> /app/puppy_ws/build/puppy_brain/build/lib/puppy_brain
[9.007s] copying puppy_brain/ros_udp_bridge.py -> /app/puppy_ws/build/puppy_brain/build/lib/puppy_brain
[9.009s] copying puppy_brain/debug_preview_node.py -> /app/puppy_ws/build/puppy_brain/build/lib/puppy_brain
[9.011s] copying puppy_brain/ai_vision_node.py -> /app/puppy_ws/build/puppy_brain/build/lib/puppy_brain
[9.012s] copying puppy_brain/perception_node.py -> /app/puppy_ws/build/puppy_brain/build/lib/puppy_brain
[9.014s] copying puppy_brain/__init__.py -> /app/puppy_ws/build/puppy_brain/build/lib/puppy_brain
[9.015s] copying puppy_brain/decision_node.py -> /app/puppy_ws/build/puppy_brain/build/lib/puppy_brain
[9.019s] running install
[9.061s] running install_lib
[9.211s] running install_data
[9.213s] copying resource/puppy_brain -> /app/puppy_ws/install/puppy_brain/share/ament_index/resource_index/packages
[9.215s] copying package.xml -> /app/puppy_ws/install/puppy_brain/share/puppy_brain
[9.217s] copying launch/follow_only.launch.py -> /app/puppy_ws/install/puppy_brain/share/puppy_brain/launch
[9.221s] copying launch/gesture_only.launch.py -> /app/puppy_ws/install/puppy_brain/share/puppy_brain/launch
[9.224s] copying launch/full_system.launch.py -> /app/puppy_ws/install/puppy_brain/share/puppy_brain/launch
[9.226s] copying launch/gesture_control_test.launch.py -> /app/puppy_ws/install/puppy_brain/share/puppy_brain/launch
[9.227s] copying launch/gesture_official_test.launch.py -> /app/puppy_ws/install/puppy_brain/share/puppy_brain/launch
[9.228s] running install_egg_info
[9.384s] removing '/app/puppy_ws/install/puppy_brain/lib/python3.10/site-packages/puppy_brain-0.0.0-py3.10.egg-info' (and everything under it)
[9.388s] Copying ../../build/puppy_brain/puppy_brain.egg-info to /app/puppy_ws/install/puppy_brain/lib/python3.10/site-packages/puppy_brain-0.0.0-py3.10.egg-info
[9.395s] running install_scripts
[9.710s] Installing debug_preview_node script to /app/puppy_ws/install/puppy_brain/lib/puppy_brain
[9.711s] Installing decision_node script to /app/puppy_ws/install/puppy_brain/lib/puppy_brain
[9.718s] Installing decision_node_gesture_test script to /app/puppy_ws/install/puppy_brain/lib/puppy_brain
[9.719s] Installing gesture_adapter_node script to /app/puppy_ws/install/puppy_brain/lib/puppy_brain
[9.721s] Installing perception_node script to /app/puppy_ws/install/puppy_brain/lib/puppy_brain
[9.722s] Installing ros_udp_bridge script to /app/puppy_ws/install/puppy_brain/lib/puppy_brain
[9.725s] writing list of installed files to '/app/puppy_ws/build/puppy_brain/install.log'
[10.030s] Invoked command in '/app/puppy_ws/src/puppy_brain' returned '0': PYTHONPATH=/app/puppy_ws/build/puppy_brain/prefix_override:/usr/lib/python3/dist-packages/colcon_core/task/python/colcon_distutils_commands:/app/puppy_ws/install/puppy_brain/lib/python3.10/site-packages:${PYTHONPATH} /usr/bin/python3 -W ignore:setup.py install is deprecated -W ignore:easy_install command is deprecated setup.py egg_info --egg-base ../../build/puppy_brain build --build-base /app/puppy_ws/build/puppy_brain/build install --record /app/puppy_ws/build/puppy_brain/install.log --single-version-externally-managed install_data
