[1.011s] [34mcolcon[0m [1;30mDEBUG[0m [32mCommand line arguments: ['/usr/local/bin/colcon', 'build', '--packages-select', 'puppy_brain'][0m
[1.012s] [34mcolcon[0m [1;30mDEBUG[0m [32mParsed command line arguments: Namespace(log_base=None, log_level=None, verb_name='build', build_base='build', install_base='install', merge_install=False, symlink_install=False, test_result_base=None, continue_on_error=False, executor='parallel', parallel_workers=8, event_handlers=None, ignore_user_meta=False, metas=['./colcon.meta'], base_paths=['.'], packages_ignore=None, packages_ignore_regex=None, paths=None, packages_up_to=None, packages_up_to_regex=None, packages_above=None, packages_above_and_dependencies=None, packages_above_depth=None, packages_select_by_dep=None, packages_skip_by_dep=None, packages_skip_up_to=None, packages_select_build_failed=False, packages_skip_build_finished=False, packages_select_test_failures=False, packages_skip_test_passed=False, packages_select=['puppy_brain'], packages_skip=None, packages_select_regex=None, packages_skip_regex=None, packages_start=None, packages_end=None, cmake_args=None, cmake_target=None, cmake_target_skip_unavailable=False, cmake_clean_cache=False, cmake_clean_first=False, cmake_force_configure=False, ament_cmake_args=None, catkin_cmake_args=None, catkin_skip_building_tests=False, verb_parser=<colcon_defaults.argument_parser.defaults.DefaultArgumentsDecorator object at 0xffffae876b00>, verb_extension=<colcon_core.verb.build.BuildVerb object at 0xffffae876530>, main=<bound method BuildVerb.main of <colcon_core.verb.build.BuildVerb object at 0xffffae876530>>)[0m
[1.275s] [34mcolcon.colcon_core.package_discovery[0m [1;30mLevel 1[0m discover_packages(colcon_meta) check parameters
[1.276s] [34mcolcon.colcon_core.package_discovery[0m [1;30mLevel 1[0m discover_packages(recursive) check parameters
[1.276s] [34mcolcon.colcon_core.package_discovery[0m [1;30mLevel 1[0m discover_packages(ignore) check parameters
[1.277s] [34mcolcon.colcon_core.package_discovery[0m [1;30mLevel 1[0m discover_packages(path) check parameters
[1.277s] [34mcolcon.colcon_core.package_discovery[0m [1;30mLevel 1[0m discover_packages(colcon_meta) discover
[1.277s] [34mcolcon.colcon_core.package_discovery[0m [1;30mLevel 1[0m discover_packages(recursive) discover
[1.277s] [34mcolcon.colcon_core.package_discovery[0m [1;30mINFO[0m Crawling recursively for packages in '/app/puppy_ws'
[1.278s] [34mcolcon.colcon_core.package_identification[0m [1;30mLevel 1[0m _identify(.) by extensions ['ignore', 'ignore_ament_install']
[1.278s] [34mcolcon.colcon_core.package_identification[0m [1;30mLevel 1[0m _identify(.) by extension 'ignore'
[1.279s] [34mcolcon.colcon_core.package_identification[0m [1;30mLevel 1[0m _identify(.) by extension 'ignore_ament_install'
[1.279s] [34mcolcon.colcon_core.package_identification[0m [1;30mLevel 1[0m _identify(.) by extensions ['colcon_pkg']
[1.279s] [34mcolcon.colcon_core.package_identification[0m [1;30mLevel 1[0m _identify(.) by extension 'colcon_pkg'
[1.280s] [34mcolcon.colcon_core.package_identification[0m [1;30mLevel 1[0m _identify(.) by extensions ['colcon_meta']
[1.280s] [34mcolcon.colcon_core.package_identification[0m [1;30mLevel 1[0m _identify(.) by extension 'colcon_meta'
[1.280s] [34mcolcon.colcon_core.package_identification[0m [1;30mLevel 1[0m _identify(.) by extensions ['ros']
[1.280s] [34mcolcon.colcon_core.package_identification[0m [1;30mLevel 1[0m _identify(.) by extension 'ros'
[1.371s] [34mcolcon.colcon_core.package_identification[0m [1;30mLevel 1[0m _identify(.) by extensions ['cmake', 'python']
[1.371s] [34mcolcon.colcon_core.package_identification[0m [1;30mLevel 1[0m _identify(.) by extension 'cmake'
[1.371s] [34mcolcon.colcon_core.package_identification[0m [1;30mLevel 1[0m _identify(.) by extension 'python'
[1.372s] [34mcolcon.colcon_core.package_identification[0m [1;30mLevel 1[0m _identify(.) by extensions ['python_setup_py']
[1.372s] [34mcolcon.colcon_core.package_identification[0m [1;30mLevel 1[0m _identify(.) by extension 'python_setup_py'
[1.372s] [34mcolcon.colcon_core.package_identification[0m [1;30mLevel 1[0m _identify(build) by extensions ['ignore', 'ignore_ament_install']
[1.373s] [34mcolcon.colcon_core.package_identification[0m [1;30mLevel 1[0m _identify(build) by extension 'ignore'
[1.373s] [34mcolcon.colcon_core.package_identification[0m [1;30mLevel 1[0m _identify(build) ignored
[1.374s] [34mcolcon.colcon_core.package_identification[0m [1;30mLevel 1[0m _identify(docs) by extensions ['ignore', 'ignore_ament_install']
[1.374s] [34mcolcon.colcon_core.package_identification[0m [1;30mLevel 1[0m _identify(docs) by extension 'ignore'
[1.375s] [34mcolcon.colcon_core.package_identification[0m [1;30mLevel 1[0m _identify(docs) by extension 'ignore_ament_install'
[1.375s] [34mcolcon.colcon_core.package_identification[0m [1;30mLevel 1[0m _identify(docs) by extensions ['colcon_pkg']
[1.375s] [34mcolcon.colcon_core.package_identification[0m [1;30mLevel 1[0m _identify(docs) by extension 'colcon_pkg'
[1.375s] [34mcolcon.colcon_core.package_identification[0m [1;30mLevel 1[0m _identify(docs) by extensions ['colcon_meta']
[1.376s] [34mcolcon.colcon_core.package_identification[0m [1;30mLevel 1[0m _identify(docs) by extension 'colcon_meta'
[1.376s] [34mcolcon.colcon_core.package_identification[0m [1;30mLevel 1[0m _identify(docs) by extensions ['ros']
[1.376s] [34mcolcon.colcon_core.package_identification[0m [1;30mLevel 1[0m _identify(docs) by extension 'ros'
[1.377s] [34mcolcon.colcon_core.package_identification[0m [1;30mLevel 1[0m _identify(docs) by extensions ['cmake', 'python']
[1.377s] [34mcolcon.colcon_core.package_identification[0m [1;30mLevel 1[0m _identify(docs) by extension 'cmake'
[1.377s] [34mcolcon.colcon_core.package_identification[0m [1;30mLevel 1[0m _identify(docs) by extension 'python'
[1.377s] [34mcolcon.colcon_core.package_identification[0m [1;30mLevel 1[0m _identify(docs) by extensions ['python_setup_py']
[1.378s] [34mcolcon.colcon_core.package_identification[0m [1;30mLevel 1[0m _identify(docs) by extension 'python_setup_py'
[1.378s] [34mcolcon.colcon_core.package_identification[0m [1;30mLevel 1[0m _identify(install) by extensions ['ignore', 'ignore_ament_install']
[1.379s] [34mcolcon.colcon_core.package_identification[0m [1;30mLevel 1[0m _identify(install) by extension 'ignore'
[1.379s] [34mcolcon.colcon_core.package_identification[0m [1;30mLevel 1[0m _identify(install) ignored
[1.380s] [34mcolcon.colcon_core.package_identification[0m [1;30mLevel 1[0m _identify(log) by extensions ['ignore', 'ignore_ament_install']
[1.380s] [34mcolcon.colcon_core.package_identification[0m [1;30mLevel 1[0m _identify(log) by extension 'ignore'
[1.380s] [34mcolcon.colcon_core.package_identification[0m [1;30mLevel 1[0m _identify(log) ignored
[1.381s] [34mcolcon.colcon_core.package_identification[0m [1;30mLevel 1[0m _identify(models) by extensions ['ignore', 'ignore_ament_install']
[1.381s] [34mcolcon.colcon_core.package_identification[0m [1;30mLevel 1[0m _identify(models) by extension 'ignore'
[1.381s] [34mcolcon.colcon_core.package_identification[0m [1;30mLevel 1[0m _identify(models) by extension 'ignore_ament_install'
[1.382s] [34mcolcon.colcon_core.package_identification[0m [1;30mLevel 1[0m _identify(models) by extensions ['colcon_pkg']
[1.382s] [34mcolcon.colcon_core.package_identification[0m [1;30mLevel 1[0m _identify(models) by extension 'colcon_pkg'
[1.382s] [34mcolcon.colcon_core.package_identification[0m [1;30mLevel 1[0m _identify(models) by extensions ['colcon_meta']
[1.382s] [34mcolcon.colcon_core.package_identification[0m [1;30mLevel 1[0m _identify(models) by extension 'colcon_meta'
[1.383s] [34mcolcon.colcon_core.package_identification[0m [1;30mLevel 1[0m _identify(models) by extensions ['ros']
[1.383s] [34mcolcon.colcon_core.package_identification[0m [1;30mLevel 1[0m _identify(models) by extension 'ros'
[1.383s] [34mcolcon.colcon_core.package_identification[0m [1;30mLevel 1[0m _identify(models) by extensions ['cmake', 'python']
[1.384s] [34mcolcon.colcon_core.package_identification[0m [1;30mLevel 1[0m _identify(models) by extension 'cmake'
[1.384s] [34mcolcon.colcon_core.package_identification[0m [1;30mLevel 1[0m _identify(models) by extension 'python'
[1.384s] [34mcolcon.colcon_core.package_identification[0m [1;30mLevel 1[0m _identify(models) by extensions ['python_setup_py']
[1.384s] [34mcolcon.colcon_core.package_identification[0m [1;30mLevel 1[0m _identify(models) by extension 'python_setup_py'
[1.385s] [34mcolcon.colcon_core.package_identification[0m [1;30mLevel 1[0m _identify(models/sherpa_kws) by extensions ['ignore', 'ignore_ament_install']
[1.385s] [34mcolcon.colcon_core.package_identification[0m [1;30mLevel 1[0m _identify(models/sherpa_kws) by extension 'ignore'
[1.386s] [34mcolcon.colcon_core.package_identification[0m [1;30mLevel 1[0m _identify(models/sherpa_kws) by extension 'ignore_ament_install'
[1.386s] [34mcolcon.colcon_core.package_identification[0m [1;30mLevel 1[0m _identify(models/sherpa_kws) by extensions ['colcon_pkg']
[1.386s] [34mcolcon.colcon_core.package_identification[0m [1;30mLevel 1[0m _identify(models/sherpa_kws) by extension 'colcon_pkg'
[1.386s] [34mcolcon.colcon_core.package_identification[0m [1;30mLevel 1[0m _identify(models/sherpa_kws) by extensions ['colcon_meta']
[1.387s] [34mcolcon.colcon_core.package_identification[0m [1;30mLevel 1[0m _identify(models/sherpa_kws) by extension 'colcon_meta'
[1.387s] [34mcolcon.colcon_core.package_identification[0m [1;30mLevel 1[0m _identify(models/sherpa_kws) by extensions ['ros']
[1.387s] [34mcolcon.colcon_core.package_identification[0m [1;30mLevel 1[0m _identify(models/sherpa_kws) by extension 'ros'
[1.388s] [34mcolcon.colcon_core.package_identification[0m [1;30mLevel 1[0m _identify(models/sherpa_kws) by extensions ['cmake', 'python']
[1.388s] [34mcolcon.colcon_core.package_identification[0m [1;30mLevel 1[0m _identify(models/sherpa_kws) by extension 'cmake'
[1.388s] [34mcolcon.colcon_core.package_identification[0m [1;30mLevel 1[0m _identify(models/sherpa_kws) by extension 'python'
[1.388s] [34mcolcon.colcon_core.package_identification[0m [1;30mLevel 1[0m _identify(models/sherpa_kws) by extensions ['python_setup_py']
[1.389s] [34mcolcon.colcon_core.package_identification[0m [1;30mLevel 1[0m _identify(models/sherpa_kws) by extension 'python_setup_py'
[1.389s] [34mcolcon.colcon_core.package_identification[0m [1;30mLevel 1[0m _identify(models/sherpa_kws/sherpa-onnx-kws-zipformer-zh-en-3M-2025-12-20) by extensions ['ignore', 'ignore_ament_install']
[1.390s] [34mcolcon.colcon_core.package_identification[0m [1;30mLevel 1[0m _identify(models/sherpa_kws/sherpa-onnx-kws-zipformer-zh-en-3M-2025-12-20) by extension 'ignore'
[1.390s] [34mcolcon.colcon_core.package_identification[0m [1;30mLevel 1[0m _identify(models/sherpa_kws/sherpa-onnx-kws-zipformer-zh-en-3M-2025-12-20) by extension 'ignore_ament_install'
[1.390s] [34mcolcon.colcon_core.package_identification[0m [1;30mLevel 1[0m _identify(models/sherpa_kws/sherpa-onnx-kws-zipformer-zh-en-3M-2025-12-20) by extensions ['colcon_pkg']
[1.391s] [34mcolcon.colcon_core.package_identification[0m [1;30mLevel 1[0m _identify(models/sherpa_kws/sherpa-onnx-kws-zipformer-zh-en-3M-2025-12-20) by extension 'colcon_pkg'
[1.391s] [34mcolcon.colcon_core.package_identification[0m [1;30mLevel 1[0m _identify(models/sherpa_kws/sherpa-onnx-kws-zipformer-zh-en-3M-2025-12-20) by extensions ['colcon_meta']
[1.391s] [34mcolcon.colcon_core.package_identification[0m [1;30mLevel 1[0m _identify(models/sherpa_kws/sherpa-onnx-kws-zipformer-zh-en-3M-2025-12-20) by extension 'colcon_meta'
[1.391s] [34mcolcon.colcon_core.package_identification[0m [1;30mLevel 1[0m _identify(models/sherpa_kws/sherpa-onnx-kws-zipformer-zh-en-3M-2025-12-20) by extensions ['ros']
[1.392s] [34mcolcon.colcon_core.package_identification[0m [1;30mLevel 1[0m _identify(models/sherpa_kws/sherpa-onnx-kws-zipformer-zh-en-3M-2025-12-20) by extension 'ros'
[1.392s] [34mcolcon.colcon_core.package_identification[0m [1;30mLevel 1[0m _identify(models/sherpa_kws/sherpa-onnx-kws-zipformer-zh-en-3M-2025-12-20) by extensions ['cmake', 'python']
[1.392s] [34mcolcon.colcon_core.package_identification[0m [1;30mLevel 1[0m _identify(models/sherpa_kws/sherpa-onnx-kws-zipformer-zh-en-3M-2025-12-20) by extension 'cmake'
[1.393s] [34mcolcon.colcon_core.package_identification[0m [1;30mLevel 1[0m _identify(models/sherpa_kws/sherpa-onnx-kws-zipformer-zh-en-3M-2025-12-20) by extension 'python'
[1.393s] [34mcolcon.colcon_core.package_identification[0m [1;30mLevel 1[0m _identify(models/sherpa_kws/sherpa-onnx-kws-zipformer-zh-en-3M-2025-12-20) by extensions ['python_setup_py']
[1.393s] [34mcolcon.colcon_core.package_identification[0m [1;30mLevel 1[0m _identify(models/sherpa_kws/sherpa-onnx-kws-zipformer-zh-en-3M-2025-12-20) by extension 'python_setup_py'
[1.394s] [34mcolcon.colcon_core.package_identification[0m [1;30mLevel 1[0m _identify(models/sherpa_kws/sherpa-onnx-kws-zipformer-zh-en-3M-2025-12-20/test_wavs) by extensions ['ignore', 'ignore_ament_install']
[1.394s] [34mcolcon.colcon_core.package_identification[0m [1;30mLevel 1[0m _identify(models/sherpa_kws/sherpa-onnx-kws-zipformer-zh-en-3M-2025-12-20/test_wavs) by extension 'ignore'
[1.394s] [34mcolcon.colcon_core.package_identification[0m [1;30mLevel 1[0m _identify(models/sherpa_kws/sherpa-onnx-kws-zipformer-zh-en-3M-2025-12-20/test_wavs) by extension 'ignore_ament_install'
[1.395s] [34mcolcon.colcon_core.package_identification[0m [1;30mLevel 1[0m _identify(models/sherpa_kws/sherpa-onnx-kws-zipformer-zh-en-3M-2025-12-20/test_wavs) by extensions ['colcon_pkg']
[1.395s] [34mcolcon.colcon_core.package_identification[0m [1;30mLevel 1[0m _identify(models/sherpa_kws/sherpa-onnx-kws-zipformer-zh-en-3M-2025-12-20/test_wavs) by extension 'colcon_pkg'
[1.395s] [34mcolcon.colcon_core.package_identification[0m [1;30mLevel 1[0m _identify(models/sherpa_kws/sherpa-onnx-kws-zipformer-zh-en-3M-2025-12-20/test_wavs) by extensions ['colcon_meta']
[1.395s] [34mcolcon.colcon_core.package_identification[0m [1;30mLevel 1[0m _identify(models/sherpa_kws/sherpa-onnx-kws-zipformer-zh-en-3M-2025-12-20/test_wavs) by extension 'colcon_meta'
[1.396s] [34mcolcon.colcon_core.package_identification[0m [1;30mLevel 1[0m _identify(models/sherpa_kws/sherpa-onnx-kws-zipformer-zh-en-3M-2025-12-20/test_wavs) by extensions ['ros']
[1.396s] [34mcolcon.colcon_core.package_identification[0m [1;30mLevel 1[0m _identify(models/sherpa_kws/sherpa-onnx-kws-zipformer-zh-en-3M-2025-12-20/test_wavs) by extension 'ros'
[1.397s] [34mcolcon.colcon_core.package_identification[0m [1;30mLevel 1[0m _identify(models/sherpa_kws/sherpa-onnx-kws-zipformer-zh-en-3M-2025-12-20/test_wavs) by extensions ['cmake', 'python']
[1.397s] [34mcolcon.colcon_core.package_identification[0m [1;30mLevel 1[0m _identify(models/sherpa_kws/sherpa-onnx-kws-zipformer-zh-en-3M-2025-12-20/test_wavs) by extension 'cmake'
[1.397s] [34mcolcon.colcon_core.package_identification[0m [1;30mLevel 1[0m _identify(models/sherpa_kws/sherpa-onnx-kws-zipformer-zh-en-3M-2025-12-20/test_wavs) by extension 'python'
[1.397s] [34mcolcon.colcon_core.package_identification[0m [1;30mLevel 1[0m _identify(models/sherpa_kws/sherpa-onnx-kws-zipformer-zh-en-3M-2025-12-20/test_wavs) by extensions ['python_setup_py']
[1.397s] [34mcolcon.colcon_core.package_identification[0m [1;30mLevel 1[0m _identify(models/sherpa_kws/sherpa-onnx-kws-zipformer-zh-en-3M-2025-12-20/test_wavs) by extension 'python_setup_py'
[1.398s] [34mcolcon.colcon_core.package_identification[0m [1;30mLevel 1[0m _identify(models/vosk-model-small-cn-0.22) by extensions ['ignore', 'ignore_ament_install']
[1.399s] [34mcolcon.colcon_core.package_identification[0m [1;30mLevel 1[0m _identify(models/vosk-model-small-cn-0.22) by extension 'ignore'
[1.399s] [34mcolcon.colcon_core.package_identification[0m [1;30mLevel 1[0m _identify(models/vosk-model-small-cn-0.22) by extension 'ignore_ament_install'
[1.399s] [34mcolcon.colcon_core.package_identification[0m [1;30mLevel 1[0m _identify(models/vosk-model-small-cn-0.22) by extensions ['colcon_pkg']
[1.400s] [34mcolcon.colcon_core.package_identification[0m [1;30mLevel 1[0m _identify(models/vosk-model-small-cn-0.22) by extension 'colcon_pkg'
[1.400s] [34mcolcon.colcon_core.package_identification[0m [1;30mLevel 1[0m _identify(models/vosk-model-small-cn-0.22) by extensions ['colcon_meta']
[1.400s] [34mcolcon.colcon_core.package_identification[0m [1;30mLevel 1[0m _identify(models/vosk-model-small-cn-0.22) by extension 'colcon_meta'
[1.400s] [34mcolcon.colcon_core.package_identification[0m [1;30mLevel 1[0m _identify(models/vosk-model-small-cn-0.22) by extensions ['ros']
[1.401s] [34mcolcon.colcon_core.package_identification[0m [1;30mLevel 1[0m _identify(models/vosk-model-small-cn-0.22) by extension 'ros'
[1.401s] [34mcolcon.colcon_core.package_identification[0m [1;30mLevel 1[0m _identify(models/vosk-model-small-cn-0.22) by extensions ['cmake', 'python']
[1.401s] [34mcolcon.colcon_core.package_identification[0m [1;30mLevel 1[0m _identify(models/vosk-model-small-cn-0.22) by extension 'cmake'
[1.401s] [34mcolcon.colcon_core.package_identification[0m [1;30mLevel 1[0m _identify(models/vosk-model-small-cn-0.22) by extension 'python'
[1.402s] [34mcolcon.colcon_core.package_identification[0m [1;30mLevel 1[0m _identify(models/vosk-model-small-cn-0.22) by extensions ['python_setup_py']
[1.402s] [34mcolcon.colcon_core.package_identification[0m [1;30mLevel 1[0m _identify(models/vosk-model-small-cn-0.22) by extension 'python_setup_py'
[1.402s] [34mcolcon.colcon_core.package_identification[0m [1;30mLevel 1[0m _identify(models/vosk-model-small-cn-0.22/am) by extensions ['ignore', 'ignore_ament_install']
[1.403s] [34mcolcon.colcon_core.package_identification[0m [1;30mLevel 1[0m _identify(models/vosk-model-small-cn-0.22/am) by extension 'ignore'
[1.403s] [34mcolcon.colcon_core.package_identification[0m [1;30mLevel 1[0m _identify(models/vosk-model-small-cn-0.22/am) by extension 'ignore_ament_install'
[1.404s] [34mcolcon.colcon_core.package_identification[0m [1;30mLevel 1[0m _identify(models/vosk-model-small-cn-0.22/am) by extensions ['colcon_pkg']
[1.404s] [34mcolcon.colcon_core.package_identification[0m [1;30mLevel 1[0m _identify(models/vosk-model-small-cn-0.22/am) by extension 'colcon_pkg'
[1.404s] [34mcolcon.colcon_core.package_identification[0m [1;30mLevel 1[0m _identify(models/vosk-model-small-cn-0.22/am) by extensions ['colcon_meta']
[1.404s] [34mcolcon.colcon_core.package_identification[0m [1;30mLevel 1[0m _identify(models/vosk-model-small-cn-0.22/am) by extension 'colcon_meta'
[1.404s] [34mcolcon.colcon_core.package_identification[0m [1;30mLevel 1[0m _identify(models/vosk-model-small-cn-0.22/am) by extensions ['ros']
[1.405s] [34mcolcon.colcon_core.package_identification[0m [1;30mLevel 1[0m _identify(models/vosk-model-small-cn-0.22/am) by extension 'ros'
[1.405s] [34mcolcon.colcon_core.package_identification[0m [1;30mLevel 1[0m _identify(models/vosk-model-small-cn-0.22/am) by extensions ['cmake', 'python']
[1.405s] [34mcolcon.colcon_core.package_identification[0m [1;30mLevel 1[0m _identify(models/vosk-model-small-cn-0.22/am) by extension 'cmake'
[1.406s] [34mcolcon.colcon_core.package_identification[0m [1;30mLevel 1[0m _identify(models/vosk-model-small-cn-0.22/am) by extension 'python'
[1.406s] [34mcolcon.colcon_core.package_identification[0m [1;30mLevel 1[0m _identify(models/vosk-model-small-cn-0.22/am) by extensions ['python_setup_py']
[1.406s] [34mcolcon.colcon_core.package_identification[0m [1;30mLevel 1[0m _identify(models/vosk-model-small-cn-0.22/am) by extension 'python_setup_py'
[1.407s] [34mcolcon.colcon_core.package_identification[0m [1;30mLevel 1[0m _identify(models/vosk-model-small-cn-0.22/conf) by extensions ['ignore', 'ignore_ament_install']
[1.407s] [34mcolcon.colcon_core.package_identification[0m [1;30mLevel 1[0m _identify(models/vosk-model-small-cn-0.22/conf) by extension 'ignore'
[1.408s] [34mcolcon.colcon_core.package_identification[0m [1;30mLevel 1[0m _identify(models/vosk-model-small-cn-0.22/conf) by extension 'ignore_ament_install'
[1.408s] [34mcolcon.colcon_core.package_identification[0m [1;30mLevel 1[0m _identify(models/vosk-model-small-cn-0.22/conf) by extensions ['colcon_pkg']
[1.408s] [34mcolcon.colcon_core.package_identification[0m [1;30mLevel 1[0m _identify(models/vosk-model-small-cn-0.22/conf) by extension 'colcon_pkg'
[1.408s] [34mcolcon.colcon_core.package_identification[0m [1;30mLevel 1[0m _identify(models/vosk-model-small-cn-0.22/conf) by extensions ['colcon_meta']
[1.409s] [34mcolcon.colcon_core.package_identification[0m [1;30mLevel 1[0m _identify(models/vosk-model-small-cn-0.22/conf) by extension 'colcon_meta'
[1.409s] [34mcolcon.colcon_core.package_identification[0m [1;30mLevel 1[0m _identify(models/vosk-model-small-cn-0.22/conf) by extensions ['ros']
[1.409s] [34mcolcon.colcon_core.package_identification[0m [1;30mLevel 1[0m _identify(models/vosk-model-small-cn-0.22/conf) by extension 'ros'
[1.410s] [34mcolcon.colcon_core.package_identification[0m [1;30mLevel 1[0m _identify(models/vosk-model-small-cn-0.22/conf) by extensions ['cmake', 'python']
[1.410s] [34mcolcon.colcon_core.package_identification[0m [1;30mLevel 1[0m _identify(models/vosk-model-small-cn-0.22/conf) by extension 'cmake'
[1.410s] [34mcolcon.colcon_core.package_identification[0m [1;30mLevel 1[0m _identify(models/vosk-model-small-cn-0.22/conf) by extension 'python'
[1.410s] [34mcolcon.colcon_core.package_identification[0m [1;30mLevel 1[0m _identify(models/vosk-model-small-cn-0.22/conf) by extensions ['python_setup_py']
[1.411s] [34mcolcon.colcon_core.package_identification[0m [1;30mLevel 1[0m _identify(models/vosk-model-small-cn-0.22/conf) by extension 'python_setup_py'
[1.411s] [34mcolcon.colcon_core.package_identification[0m [1;30mLevel 1[0m _identify(models/vosk-model-small-cn-0.22/graph) by extensions ['ignore', 'ignore_ament_install']
[1.412s] [34mcolcon.colcon_core.package_identification[0m [1;30mLevel 1[0m _identify(models/vosk-model-small-cn-0.22/graph) by extension 'ignore'
[1.412s] [34mcolcon.colcon_core.package_identification[0m [1;30mLevel 1[0m _identify(models/vosk-model-small-cn-0.22/graph) by extension 'ignore_ament_install'
[1.412s] [34mcolcon.colcon_core.package_identification[0m [1;30mLevel 1[0m _identify(models/vosk-model-small-cn-0.22/graph) by extensions ['colcon_pkg']
[1.412s] [34mcolcon.colcon_core.package_identification[0m [1;30mLevel 1[0m _identify(models/vosk-model-small-cn-0.22/graph) by extension 'colcon_pkg'
[1.413s] [34mcolcon.colcon_core.package_identification[0m [1;30mLevel 1[0m _identify(models/vosk-model-small-cn-0.22/graph) by extensions ['colcon_meta']
[1.413s] [34mcolcon.colcon_core.package_identification[0m [1;30mLevel 1[0m _identify(models/vosk-model-small-cn-0.22/graph) by extension 'colcon_meta'
[1.413s] [34mcolcon.colcon_core.package_identification[0m [1;30mLevel 1[0m _identify(models/vosk-model-small-cn-0.22/graph) by extensions ['ros']
[1.413s] [34mcolcon.colcon_core.package_identification[0m [1;30mLevel 1[0m _identify(models/vosk-model-small-cn-0.22/graph) by extension 'ros'
[1.414s] [34mcolcon.colcon_core.package_identification[0m [1;30mLevel 1[0m _identify(models/vosk-model-small-cn-0.22/graph) by extensions ['cmake', 'python']
[1.414s] [34mcolcon.colcon_core.package_identification[0m [1;30mLevel 1[0m _identify(models/vosk-model-small-cn-0.22/graph) by extension 'cmake'
[1.414s] [34mcolcon.colcon_core.package_identification[0m [1;30mLevel 1[0m _identify(models/vosk-model-small-cn-0.22/graph) by extension 'python'
[1.415s] [34mcolcon.colcon_core.package_identification[0m [1;30mLevel 1[0m _identify(models/vosk-model-small-cn-0.22/graph) by extensions ['python_setup_py']
[1.415s] [34mcolcon.colcon_core.package_identification[0m [1;30mLevel 1[0m _identify(models/vosk-model-small-cn-0.22/graph) by extension 'python_setup_py'
[1.415s] [34mcolcon.colcon_core.package_identification[0m [1;30mLevel 1[0m _identify(models/vosk-model-small-cn-0.22/graph/phones) by extensions ['ignore', 'ignore_ament_install']
[1.416s] [34mcolcon.colcon_core.package_identification[0m [1;30mLevel 1[0m _identify(models/vosk-model-small-cn-0.22/graph/phones) by extension 'ignore'
[1.416s] [34mcolcon.colcon_core.package_identification[0m [1;30mLevel 1[0m _identify(models/vosk-model-small-cn-0.22/graph/phones) by extension 'ignore_ament_install'
[1.417s] [34mcolcon.colcon_core.package_identification[0m [1;30mLevel 1[0m _identify(models/vosk-model-small-cn-0.22/graph/phones) by extensions ['colcon_pkg']
[1.417s] [34mcolcon.colcon_core.package_identification[0m [1;30mLevel 1[0m _identify(models/vosk-model-small-cn-0.22/graph/phones) by extension 'colcon_pkg'
[1.417s] [34mcolcon.colcon_core.package_identification[0m [1;30mLevel 1[0m _identify(models/vosk-model-small-cn-0.22/graph/phones) by extensions ['colcon_meta']
[1.417s] [34mcolcon.colcon_core.package_identification[0m [1;30mLevel 1[0m _identify(models/vosk-model-small-cn-0.22/graph/phones) by extension 'colcon_meta'
[1.418s] [34mcolcon.colcon_core.package_identification[0m [1;30mLevel 1[0m _identify(models/vosk-model-small-cn-0.22/graph/phones) by extensions ['ros']
[1.418s] [34mcolcon.colcon_core.package_identification[0m [1;30mLevel 1[0m _identify(models/vosk-model-small-cn-0.22/graph/phones) by extension 'ros'
[1.418s] [34mcolcon.colcon_core.package_identification[0m [1;30mLevel 1[0m _identify(models/vosk-model-small-cn-0.22/graph/phones) by extensions ['cmake', 'python']
[1.419s] [34mcolcon.colcon_core.package_identification[0m [1;30mLevel 1[0m _identify(models/vosk-model-small-cn-0.22/graph/phones) by extension 'cmake'
[1.419s] [34mcolcon.colcon_core.package_identification[0m [1;30mLevel 1[0m _identify(models/vosk-model-small-cn-0.22/graph/phones) by extension 'python'
[1.419s] [34mcolcon.colcon_core.package_identification[0m [1;30mLevel 1[0m _identify(models/vosk-model-small-cn-0.22/graph/phones) by extensions ['python_setup_py']
[1.419s] [34mcolcon.colcon_core.package_identification[0m [1;30mLevel 1[0m _identify(models/vosk-model-small-cn-0.22/graph/phones) by extension 'python_setup_py'
[1.420s] [34mcolcon.colcon_core.package_identification[0m [1;30mLevel 1[0m _identify(models/vosk-model-small-cn-0.22/ivector) by extensions ['ignore', 'ignore_ament_install']
[1.420s] [34mcolcon.colcon_core.package_identification[0m [1;30mLevel 1[0m _identify(models/vosk-model-small-cn-0.22/ivector) by extension 'ignore'
[1.421s] [34mcolcon.colcon_core.package_identification[0m [1;30mLevel 1[0m _identify(models/vosk-model-small-cn-0.22/ivector) by extension 'ignore_ament_install'
[1.421s] [34mcolcon.colcon_core.package_identification[0m [1;30mLevel 1[0m _identify(models/vosk-model-small-cn-0.22/ivector) by extensions ['colcon_pkg']
[1.421s] [34mcolcon.colcon_core.package_identification[0m [1;30mLevel 1[0m _identify(models/vosk-model-small-cn-0.22/ivector) by extension 'colcon_pkg'
[1.422s] [34mcolcon.colcon_core.package_identification[0m [1;30mLevel 1[0m _identify(models/vosk-model-small-cn-0.22/ivector) by extensions ['colcon_meta']
[1.422s] [34mcolcon.colcon_core.package_identification[0m [1;30mLevel 1[0m _identify(models/vosk-model-small-cn-0.22/ivector) by extension 'colcon_meta'
[1.422s] [34mcolcon.colcon_core.package_identification[0m [1;30mLevel 1[0m _identify(models/vosk-model-small-cn-0.22/ivector) by extensions ['ros']
[1.422s] [34mcolcon.colcon_core.package_identification[0m [1;30mLevel 1[0m _identify(models/vosk-model-small-cn-0.22/ivector) by extension 'ros'
[1.423s] [34mcolcon.colcon_core.package_identification[0m [1;30mLevel 1[0m _identify(models/vosk-model-small-cn-0.22/ivector) by extensions ['cmake', 'python']
[1.423s] [34mcolcon.colcon_core.package_identification[0m [1;30mLevel 1[0m _identify(models/vosk-model-small-cn-0.22/ivector) by extension 'cmake'
[1.423s] [34mcolcon.colcon_core.package_identification[0m [1;30mLevel 1[0m _identify(models/vosk-model-small-cn-0.22/ivector) by extension 'python'
[1.423s] [34mcolcon.colcon_core.package_identification[0m [1;30mLevel 1[0m _identify(models/vosk-model-small-cn-0.22/ivector) by extensions ['python_setup_py']
[1.424s] [34mcolcon.colcon_core.package_identification[0m [1;30mLevel 1[0m _identify(models/vosk-model-small-cn-0.22/ivector) by extension 'python_setup_py'
[1.424s] [34mcolcon.colcon_core.package_identification[0m [1;30mLevel 1[0m _identify(src) by extensions ['ignore', 'ignore_ament_install']
[1.425s] [34mcolcon.colcon_core.package_identification[0m [1;30mLevel 1[0m _identify(src) by extension 'ignore'
[1.425s] [34mcolcon.colcon_core.package_identification[0m [1;30mLevel 1[0m _identify(src) by extension 'ignore_ament_install'
[1.425s] [34mcolcon.colcon_core.package_identification[0m [1;30mLevel 1[0m _identify(src) by extensions ['colcon_pkg']
[1.425s] [34mcolcon.colcon_core.package_identification[0m [1;30mLevel 1[0m _identify(src) by extension 'colcon_pkg'
[1.426s] [34mcolcon.colcon_core.package_identification[0m [1;30mLevel 1[0m _identify(src) by extensions ['colcon_meta']
[1.426s] [34mcolcon.colcon_core.package_identification[0m [1;30mLevel 1[0m _identify(src) by extension 'colcon_meta'
[1.426s] [34mcolcon.colcon_core.package_identification[0m [1;30mLevel 1[0m _identify(src) by extensions ['ros']
[1.426s] [34mcolcon.colcon_core.package_identification[0m [1;30mLevel 1[0m _identify(src) by extension 'ros'
[1.427s] [34mcolcon.colcon_core.package_identification[0m [1;30mLevel 1[0m _identify(src) by extensions ['cmake', 'python']
[1.427s] [34mcolcon.colcon_core.package_identification[0m [1;30mLevel 1[0m _identify(src) by extension 'cmake'
[1.427s] [34mcolcon.colcon_core.package_identification[0m [1;30mLevel 1[0m _identify(src) by extension 'python'
[1.428s] [34mcolcon.colcon_core.package_identification[0m [1;30mLevel 1[0m _identify(src) by extensions ['python_setup_py']
[1.428s] [34mcolcon.colcon_core.package_identification[0m [1;30mLevel 1[0m _identify(src) by extension 'python_setup_py'
[1.428s] [34mcolcon.colcon_core.package_identification[0m [1;30mLevel 1[0m _identify(src/puppy_brain) by extensions ['ignore', 'ignore_ament_install']
[1.429s] [34mcolcon.colcon_core.package_identification[0m [1;30mLevel 1[0m _identify(src/puppy_brain) by extension 'ignore'
[1.429s] [34mcolcon.colcon_core.package_identification[0m [1;30mLevel 1[0m _identify(src/puppy_brain) by extension 'ignore_ament_install'
[1.430s] [34mcolcon.colcon_core.package_identification[0m [1;30mLevel 1[0m _identify(src/puppy_brain) by extensions ['colcon_pkg']
[1.430s] [34mcolcon.colcon_core.package_identification[0m [1;30mLevel 1[0m _identify(src/puppy_brain) by extension 'colcon_pkg'
[1.430s] [34mcolcon.colcon_core.package_identification[0m [1;30mLevel 1[0m _identify(src/puppy_brain) by extensions ['colcon_meta']
[1.430s] [34mcolcon.colcon_core.package_identification[0m [1;30mLevel 1[0m _identify(src/puppy_brain) by extension 'colcon_meta'
[1.430s] [34mcolcon.colcon_core.package_identification[0m [1;30mLevel 1[0m _identify(src/puppy_brain) by extensions ['ros']
[1.431s] [34mcolcon.colcon_core.package_identification[0m [1;30mLevel 1[0m _identify(src/puppy_brain) by extension 'ros'
[1.446s] [34mcolcon.colcon_core.package_identification[0m [1;30mDEBUG[0m [32mPackage 'src/puppy_brain' with type 'ros.ament_python' and name 'puppy_brain'[0m
[1.447s] [34mcolcon.colcon_core.package_identification[0m [1;30mLevel 1[0m _identify(tools) by extensions ['ignore', 'ignore_ament_install']
[1.448s] [34mcolcon.colcon_core.package_identification[0m [1;30mLevel 1[0m _identify(tools) by extension 'ignore'
[1.448s] [34mcolcon.colcon_core.package_identification[0m [1;30mLevel 1[0m _identify(tools) by extension 'ignore_ament_install'
[1.448s] [34mcolcon.colcon_core.package_identification[0m [1;30mLevel 1[0m _identify(tools) by extensions ['colcon_pkg']
[1.449s] [34mcolcon.colcon_core.package_identification[0m [1;30mLevel 1[0m _identify(tools) by extension 'colcon_pkg'
[1.449s] [34mcolcon.colcon_core.package_identification[0m [1;30mLevel 1[0m _identify(tools) by extensions ['colcon_meta']
[1.449s] [34mcolcon.colcon_core.package_identification[0m [1;30mLevel 1[0m _identify(tools) by extension 'colcon_meta'
[1.449s] [34mcolcon.colcon_core.package_identification[0m [1;30mLevel 1[0m _identify(tools) by extensions ['ros']
[1.450s] [34mcolcon.colcon_core.package_identification[0m [1;30mLevel 1[0m _identify(tools) by extension 'ros'
[1.450s] [34mcolcon.colcon_core.package_identification[0m [1;30mLevel 1[0m _identify(tools) by extensions ['cmake', 'python']
[1.450s] [34mcolcon.colcon_core.package_identification[0m [1;30mLevel 1[0m _identify(tools) by extension 'cmake'
[1.451s] [34mcolcon.colcon_core.package_identification[0m [1;30mLevel 1[0m _identify(tools) by extension 'python'
[1.451s] [34mcolcon.colcon_core.package_identification[0m [1;30mLevel 1[0m _identify(tools) by extensions ['python_setup_py']
[1.451s] [34mcolcon.colcon_core.package_identification[0m [1;30mLevel 1[0m _identify(tools) by extension 'python_setup_py'
[1.451s] [34mcolcon.colcon_core.package_discovery[0m [1;30mLevel 1[0m discover_packages(recursive) using defaults
[1.452s] [34mcolcon.colcon_core.package_discovery[0m [1;30mLevel 1[0m discover_packages(ignore) discover
[1.452s] [34mcolcon.colcon_core.package_discovery[0m [1;30mLevel 1[0m discover_packages(ignore) using defaults
[1.452s] [34mcolcon.colcon_core.package_discovery[0m [1;30mLevel 1[0m discover_packages(path) discover
[1.452s] [34mcolcon.colcon_core.package_discovery[0m [1;30mLevel 1[0m discover_packages(path) using defaults
[1.554s] [34mcolcon.colcon_core.verb[0m [1;30mLevel 5[0m set package 'puppy_brain' build argument 'cmake_args' from command line to 'None'
[1.555s] [34mcolcon.colcon_core.verb[0m [1;30mLevel 5[0m set package 'puppy_brain' build argument 'cmake_target' from command line to 'None'
[1.555s] [34mcolcon.colcon_core.verb[0m [1;30mLevel 5[0m set package 'puppy_brain' build argument 'cmake_target_skip_unavailable' from command line to 'False'
[1.555s] [34mcolcon.colcon_core.verb[0m [1;30mLevel 5[0m set package 'puppy_brain' build argument 'cmake_clean_cache' from command line to 'False'
[1.555s] [34mcolcon.colcon_core.verb[0m [1;30mLevel 5[0m set package 'puppy_brain' build argument 'cmake_clean_first' from command line to 'False'
[1.556s] [34mcolcon.colcon_core.verb[0m [1;30mLevel 5[0m set package 'puppy_brain' build argument 'cmake_force_configure' from command line to 'False'
[1.556s] [34mcolcon.colcon_core.verb[0m [1;30mLevel 5[0m set package 'puppy_brain' build argument 'ament_cmake_args' from command line to 'None'
[1.556s] [34mcolcon.colcon_core.verb[0m [1;30mLevel 5[0m set package 'puppy_brain' build argument 'catkin_cmake_args' from command line to 'None'
[1.556s] [34mcolcon.colcon_core.verb[0m [1;30mLevel 5[0m set package 'puppy_brain' build argument 'catkin_skip_building_tests' from command line to 'False'
[1.556s] [34mcolcon.colcon_core.verb[0m [1;30mDEBUG[0m [32mBuilding package 'puppy_brain' with the following arguments: {'ament_cmake_args': None, 'build_base': '/app/puppy_ws/build/puppy_brain', 'catkin_cmake_args': None, 'catkin_skip_building_tests': False, 'cmake_args': None, 'cmake_clean_cache': False, 'cmake_clean_first': False, 'cmake_force_configure': False, 'cmake_target': None, 'cmake_target_skip_unavailable': False, 'install_base': '/app/puppy_ws/install/puppy_brain', 'merge_install': False, 'path': '/app/puppy_ws/src/puppy_brain', 'symlink_install': False, 'test_result_base': None}[0m
[1.558s] [34mcolcon.colcon_core.executor[0m [1;30mINFO[0m Executing jobs using 'parallel' executor
[1.564s] [34mcolcon.colcon_parallel_executor.executor.parallel[0m [1;30mDEBUG[0m [32mrun_until_complete[0m
[1.565s] [34mcolcon.colcon_ros.task.ament_python.build[0m [1;30mINFO[0m Building ROS package in '/app/puppy_ws/src/puppy_brain' with build type 'ament_python'
[1.566s] [34mcolcon.colcon_core.shell[0m [1;30mLevel 1[0m create_environment_hook('puppy_brain', 'ament_prefix_path')
[1.577s] [34mcolcon.colcon_core.plugin_system[0m [1;30mINFO[0m Skipping extension 'colcon_core.shell.bat': Not used on non-Windows systems
[1.578s] [34mcolcon.colcon_core.shell[0m [1;30mINFO[0m Creating environment hook '/app/puppy_ws/install/puppy_brain/share/puppy_brain/hook/ament_prefix_path.ps1'
[1.582s] [34mcolcon.colcon_core.shell[0m [1;30mINFO[0m Creating environment descriptor '/app/puppy_ws/install/puppy_brain/share/puppy_brain/hook/ament_prefix_path.dsv'
[1.584s] [34mcolcon.colcon_core.shell[0m [1;30mINFO[0m Creating environment hook '/app/puppy_ws/install/puppy_brain/share/puppy_brain/hook/ament_prefix_path.sh'
[1.589s] [34mcolcon.colcon_core.shell[0m [1;30mINFO[0m Skip shell extension 'powershell' for command environment: Not usable outside of PowerShell
[1.590s] [34mcolcon.colcon_core.shell[0m [1;30mDEBUG[0m [32mSkip shell extension 'dsv' for command environment[0m
[3.038s] [34mcolcon.colcon_core.task.python.build[0m [1;30mINFO[0m Building Python package in '/app/puppy_ws/src/puppy_brain'
[3.040s] [34mcolcon.colcon_core.shell[0m [1;30mINFO[0m Skip shell extension 'powershell' for command environment: Not usable outside of PowerShell
[3.040s] [34mcolcon.colcon_core.shell[0m [1;30mDEBUG[0m [32mSkip shell extension 'dsv' for command environment[0m
[6.477s] [34mcolcon.colcon_core.task.python.build[0m [1;30mDEBUG[0m [32mAvailable setuptools commands: build_scripts, install_lib, editable_wheel, install, symlink_data, clean, egg_info, update_catalog, install_data, isort, build_py, sdist, build, install_headers, bdist_egg, develop, rotate, build_clib, setopt, check, install_egg_info, dist_info, extract_messages, compile_catalog, saveopts, build_ext, bdist_dumb, alias, bdist_wheel, easy_install, bdist, bdist_rpm, init_catalog, install_scripts[0m
[6.497s] [34mcolcon.colcon_core.event_handler.log_command[0m [1;30mDEBUG[0m [32mInvoking command in '/app/puppy_ws/src/puppy_brain': CONDA_PROMPT_MODIFIER=(puppy) PYTHONPATH=/app/puppy_ws/build/puppy_brain/prefix_override:/usr/local/lib/python3.10/dist-packages/colcon_core/task/python/colcon_distutils_commands:/app/puppy_ws/install/puppy_brain/lib/python3.10/site-packages:${PYTHONPATH} /usr/bin/python3 -W ignore:setup.py install is deprecated -W ignore:easy_install command is deprecated setup.py egg_info --egg-base ../../build/puppy_brain build --build-base /app/puppy_ws/build/puppy_brain/build install --record /app/puppy_ws/build/puppy_brain/install.log --install-scripts $base/lib/puppy_brain --single-version-externally-managed install_data[0m
[10.015s] [34mcolcon.colcon_core.event_handler.log_command[0m [1;30mDEBUG[0m [32mInvoked command in '/app/puppy_ws/src/puppy_brain' returned '0': CONDA_PROMPT_MODIFIER=(puppy) PYTHONPATH=/app/puppy_ws/build/puppy_brain/prefix_override:/usr/local/lib/python3.10/dist-packages/colcon_core/task/python/colcon_distutils_commands:/app/puppy_ws/install/puppy_brain/lib/python3.10/site-packages:${PYTHONPATH} /usr/bin/python3 -W ignore:setup.py install is deprecated -W ignore:easy_install command is deprecated setup.py egg_info --egg-base ../../build/puppy_brain build --build-base /app/puppy_ws/build/puppy_brain/build install --record /app/puppy_ws/build/puppy_brain/install.log --install-scripts $base/lib/puppy_brain --single-version-externally-managed install_data[0m
[10.036s] [34mcolcon.colcon_core.environment[0m [1;30mLevel 1[0m checking '/app/puppy_ws/install/puppy_brain' for CMake module files
[10.040s] [34mcolcon.colcon_core.environment[0m [1;30mLevel 1[0m checking '/app/puppy_ws/install/puppy_brain' for CMake config files
[10.048s] [34mcolcon.colcon_core.environment[0m [1;30mLevel 1[0m checking '/app/puppy_ws/install/puppy_brain/lib'
[10.050s] [34mcolcon.colcon_core.environment[0m [1;30mLevel 1[0m checking '/app/puppy_ws/install/puppy_brain/bin'
[10.051s] [34mcolcon.colcon_core.environment[0m [1;30mLevel 1[0m checking '/app/puppy_ws/install/puppy_brain/lib/pkgconfig/puppy_brain.pc'
[10.054s] [34mcolcon.colcon_core.environment[0m [1;30mLevel 1[0m checking '/app/puppy_ws/install/puppy_brain/lib/python3.10/site-packages'
[10.055s] [34mcolcon.colcon_core.shell[0m [1;30mLevel 1[0m create_environment_hook('puppy_brain', 'pythonpath')
[10.057s] [34mcolcon.colcon_core.shell[0m [1;30mINFO[0m Creating environment hook '/app/puppy_ws/install/puppy_brain/share/puppy_brain/hook/pythonpath.ps1'
[10.061s] [34mcolcon.colcon_core.shell[0m [1;30mINFO[0m Creating environment descriptor '/app/puppy_ws/install/puppy_brain/share/puppy_brain/hook/pythonpath.dsv'
[10.064s] [34mcolcon.colcon_core.shell[0m [1;30mINFO[0m Creating environment hook '/app/puppy_ws/install/puppy_brain/share/puppy_brain/hook/pythonpath.sh'
[10.069s] [34mcolcon.colcon_core.environment[0m [1;30mLevel 1[0m checking '/app/puppy_ws/install/puppy_brain/bin'
[10.070s] [34mcolcon.colcon_core.environment[0m [1;30mLevel 1[0m create_environment_scripts_only(puppy_brain)
[10.073s] [34mcolcon.colcon_core.shell[0m [1;30mINFO[0m Creating package script '/app/puppy_ws/install/puppy_brain/share/puppy_brain/package.ps1'
[10.082s] [34mcolcon.colcon_core.shell[0m [1;30mINFO[0m Creating package descriptor '/app/puppy_ws/install/puppy_brain/share/puppy_brain/package.dsv'
[10.086s] [34mcolcon.colcon_core.shell[0m [1;30mINFO[0m Creating package script '/app/puppy_ws/install/puppy_brain/share/puppy_brain/package.sh'
[10.092s] [34mcolcon.colcon_core.shell[0m [1;30mINFO[0m Creating package script '/app/puppy_ws/install/puppy_brain/share/puppy_brain/package.bash'
[10.097s] [34mcolcon.colcon_core.shell[0m [1;30mINFO[0m Creating package script '/app/puppy_ws/install/puppy_brain/share/puppy_brain/package.zsh'
[10.102s] [34mcolcon.colcon_core.environment[0m [1;30mLevel 1[0m create_file_with_runtime_dependencies(/app/puppy_ws/install/puppy_brain/share/colcon-core/packages/puppy_brain)
[10.103s] [34mcolcon.colcon_parallel_executor.executor.parallel[0m [1;30mDEBUG[0m [32mclosing loop[0m
[10.105s] [34mcolcon.colcon_parallel_executor.executor.parallel[0m [1;30mDEBUG[0m [32mloop closed[0m
[10.106s] [34mcolcon.colcon_parallel_executor.executor.parallel[0m [1;30mDEBUG[0m [32mrun_until_complete finished with '0'[0m
[10.106s] [34mcolcon.colcon_core.event_reactor[0m [1;30mDEBUG[0m [32mjoining thread[0m
[10.109s] [34mcolcon.colcon_core.event_reactor[0m [1;30mDEBUG[0m [32mjoined thread[0m
[10.111s] [34mcolcon.colcon_core.shell[0m [1;30mINFO[0m Creating prefix script '/app/puppy_ws/install/local_setup.ps1'
[10.118s] [34mcolcon.colcon_core.shell[0m [1;30mINFO[0m Creating prefix util module '/app/puppy_ws/install/_local_setup_util_ps1.py'
[10.129s] [34mcolcon.colcon_core.shell[0m [1;30mINFO[0m Creating prefix chain script '/app/puppy_ws/install/setup.ps1'
[10.138s] [34mcolcon.colcon_core.shell[0m [1;30mINFO[0m Creating prefix script '/app/puppy_ws/install/local_setup.sh'
[10.141s] [34mcolcon.colcon_core.shell[0m [1;30mINFO[0m Creating prefix util module '/app/puppy_ws/install/_local_setup_util_sh.py'
[10.145s] [34mcolcon.colcon_core.shell[0m [1;30mINFO[0m Creating prefix chain script '/app/puppy_ws/install/setup.sh'
[10.152s] [34mcolcon.colcon_core.shell[0m [1;30mINFO[0m Creating prefix script '/app/puppy_ws/install/local_setup.bash'
[10.155s] [34mcolcon.colcon_core.shell[0m [1;30mINFO[0m Creating prefix chain script '/app/puppy_ws/install/setup.bash'
[10.162s] [34mcolcon.colcon_core.shell[0m [1;30mINFO[0m Creating prefix script '/app/puppy_ws/install/local_setup.zsh'
[10.165s] [34mcolcon.colcon_core.shell[0m [1;30mINFO[0m Creating prefix chain script '/app/puppy_ws/install/setup.zsh'
