[1.790s] [34mcolcon[0m [1;30mDEBUG[0m [32mCommand line arguments: ['/usr/local/bin/colcon', 'build', '--packages-select', 'puppy_brain', '--symlink-install'][0m
[1.791s] [34mcolcon[0m [1;30mDEBUG[0m [32mParsed command line arguments: Namespace(log_base=None, log_level=None, verb_name='build', build_base='build', install_base='install', merge_install=False, symlink_install=True, test_result_base=None, continue_on_error=False, executor='parallel', parallel_workers=8, event_handlers=None, ignore_user_meta=False, metas=['./colcon.meta'], base_paths=['.'], packages_ignore=None, packages_ignore_regex=None, paths=None, packages_up_to=None, packages_up_to_regex=None, packages_above=None, packages_above_and_dependencies=None, packages_above_depth=None, packages_select_by_dep=None, packages_skip_by_dep=None, packages_skip_up_to=None, packages_select_build_failed=False, packages_skip_build_finished=False, packages_select_test_failures=False, packages_skip_test_passed=False, packages_select=['puppy_brain'], packages_skip=None, packages_select_regex=None, packages_skip_regex=None, packages_start=None, packages_end=None, cmake_args=None, cmake_target=None, cmake_target_skip_unavailable=False, cmake_clean_cache=False, cmake_clean_first=False, cmake_force_configure=False, ament_cmake_args=None, catkin_cmake_args=None, catkin_skip_building_tests=False, verb_parser=<colcon_defaults.argument_parser.defaults.DefaultArgumentsDecorator object at 0xffffba8b2950>, verb_extension=<colcon_core.verb.build.BuildVerb object at 0xffffba8b2380>, main=<bound method BuildVerb.main of <colcon_core.verb.build.BuildVerb object at 0xffffba8b2380>>)[0m
[2.272s] [34mcolcon.colcon_core.package_discovery[0m [1;30mLevel 1[0m discover_packages(colcon_meta) check parameters
[2.273s] [34mcolcon.colcon_core.package_discovery[0m [1;30mLevel 1[0m discover_packages(recursive) check parameters
[2.274s] [34mcolcon.colcon_core.package_discovery[0m [1;30mLevel 1[0m discover_packages(ignore) check parameters
[2.274s] [34mcolcon.colcon_core.package_discovery[0m [1;30mLevel 1[0m discover_packages(path) check parameters
[2.275s] [34mcolcon.colcon_core.package_discovery[0m [1;30mLevel 1[0m discover_packages(colcon_meta) discover
[2.276s] [34mcolcon.colcon_core.package_discovery[0m [1;30mLevel 1[0m discover_packages(recursive) discover
[2.276s] [34mcolcon.colcon_core.package_discovery[0m [1;30mINFO[0m Crawling recursively for packages in '/app/puppy_ws'
[2.277s] [34mcolcon.colcon_core.package_identification[0m [1;30mLevel 1[0m _identify(.) by extensions ['ignore', 'ignore_ament_install']
[2.278s] [34mcolcon.colcon_core.package_identification[0m [1;30mLevel 1[0m _identify(.) by extension 'ignore'
[2.278s] [34mcolcon.colcon_core.package_identification[0m [1;30mLevel 1[0m _identify(.) by extension 'ignore_ament_install'
[2.279s] [34mcolcon.colcon_core.package_identification[0m [1;30mLevel 1[0m _identify(.) by extensions ['colcon_pkg']
[2.279s] [34mcolcon.colcon_core.package_identification[0m [1;30mLevel 1[0m _identify(.) by extension 'colcon_pkg'
[2.280s] [34mcolcon.colcon_core.package_identification[0m [1;30mLevel 1[0m _identify(.) by extensions ['colcon_meta']
[2.280s] [34mcolcon.colcon_core.package_identification[0m [1;30mLevel 1[0m _identify(.) by extension 'colcon_meta'
[2.280s] [34mcolcon.colcon_core.package_identification[0m [1;30mLevel 1[0m _identify(.) by extensions ['ros']
[2.280s] [34mcolcon.colcon_core.package_identification[0m [1;30mLevel 1[0m _identify(.) by extension 'ros'
[2.424s] [34mcolcon.colcon_core.package_identification[0m [1;30mLevel 1[0m _identify(.) by extensions ['cmake', 'python']
[2.425s] [34mcolcon.colcon_core.package_identification[0m [1;30mLevel 1[0m _identify(.) by extension 'cmake'
[2.425s] [34mcolcon.colcon_core.package_identification[0m [1;30mLevel 1[0m _identify(.) by extension 'python'
[2.426s] [34mcolcon.colcon_core.package_identification[0m [1;30mLevel 1[0m _identify(.) by extensions ['python_setup_py']
[2.426s] [34mcolcon.colcon_core.package_identification[0m [1;30mLevel 1[0m _identify(.) by extension 'python_setup_py'
[2.427s] [34mcolcon.colcon_core.package_identification[0m [1;30mLevel 1[0m _identify(build) by extensions ['ignore', 'ignore_ament_install']
[2.428s] [34mcolcon.colcon_core.package_identification[0m [1;30mLevel 1[0m _identify(build) by extension 'ignore'
[2.428s] [34mcolcon.colcon_core.package_identification[0m [1;30mLevel 1[0m _identify(build) ignored
[2.429s] [34mcolcon.colcon_core.package_identification[0m [1;30mLevel 1[0m _identify(docs) by extensions ['ignore', 'ignore_ament_install']
[2.430s] [34mcolcon.colcon_core.package_identification[0m [1;30mLevel 1[0m _identify(docs) by extension 'ignore'
[2.430s] [34mcolcon.colcon_core.package_identification[0m [1;30mLevel 1[0m _identify(docs) by extension 'ignore_ament_install'
[2.431s] [34mcolcon.colcon_core.package_identification[0m [1;30mLevel 1[0m _identify(docs) by extensions ['colcon_pkg']
[2.431s] [34mcolcon.colcon_core.package_identification[0m [1;30mLevel 1[0m _identify(docs) by extension 'colcon_pkg'
[2.432s] [34mcolcon.colcon_core.package_identification[0m [1;30mLevel 1[0m _identify(docs) by extensions ['colcon_meta']
[2.432s] [34mcolcon.colcon_core.package_identification[0m [1;30mLevel 1[0m _identify(docs) by extension 'colcon_meta'
[2.433s] [34mcolcon.colcon_core.package_identification[0m [1;30mLevel 1[0m _identify(docs) by extensions ['ros']
[2.433s] [34mcolcon.colcon_core.package_identification[0m [1;30mLevel 1[0m _identify(docs) by extension 'ros'
[2.434s] [34mcolcon.colcon_core.package_identification[0m [1;30mLevel 1[0m _identify(docs) by extensions ['cmake', 'python']
[2.435s] [34mcolcon.colcon_core.package_identification[0m [1;30mLevel 1[0m _identify(docs) by extension 'cmake'
[2.435s] [34mcolcon.colcon_core.package_identification[0m [1;30mLevel 1[0m _identify(docs) by extension 'python'
[2.436s] [34mcolcon.colcon_core.package_identification[0m [1;30mLevel 1[0m _identify(docs) by extensions ['python_setup_py']
[2.437s] [34mcolcon.colcon_core.package_identification[0m [1;30mLevel 1[0m _identify(docs) by extension 'python_setup_py'
[2.438s] [34mcolcon.colcon_core.package_identification[0m [1;30mLevel 1[0m _identify(install) by extensions ['ignore', 'ignore_ament_install']
[2.439s] [34mcolcon.colcon_core.package_identification[0m [1;30mLevel 1[0m _identify(install) by extension 'ignore'
[2.440s] [34mcolcon.colcon_core.package_identification[0m [1;30mLevel 1[0m _identify(install) ignored
[2.441s] [34mcolcon.colcon_core.package_identification[0m [1;30mLevel 1[0m _identify(log) by extensions ['ignore', 'ignore_ament_install']
[2.442s] [34mcolcon.colcon_core.package_identification[0m [1;30mLevel 1[0m _identify(log) by extension 'ignore'
[2.443s] [34mcolcon.colcon_core.package_identification[0m [1;30mLevel 1[0m _identify(log) ignored
[2.445s] [34mcolcon.colcon_core.package_identification[0m [1;30mLevel 1[0m _identify(models) by extensions ['ignore', 'ignore_ament_install']
[2.446s] [34mcolcon.colcon_core.package_identification[0m [1;30mLevel 1[0m _identify(models) by extension 'ignore'
[2.447s] [34mcolcon.colcon_core.package_identification[0m [1;30mLevel 1[0m _identify(models) by extension 'ignore_ament_install'
[2.448s] [34mcolcon.colcon_core.package_identification[0m [1;30mLevel 1[0m _identify(models) by extensions ['colcon_pkg']
[2.450s] [34mcolcon.colcon_core.package_identification[0m [1;30mLevel 1[0m _identify(models) by extension 'colcon_pkg'
[2.451s] [34mcolcon.colcon_core.package_identification[0m [1;30mLevel 1[0m _identify(models) by extensions ['colcon_meta']
[2.452s] [34mcolcon.colcon_core.package_identification[0m [1;30mLevel 1[0m _identify(models) by extension 'colcon_meta'
[2.453s] [34mcolcon.colcon_core.package_identification[0m [1;30mLevel 1[0m _identify(models) by extensions ['ros']
[2.453s] [34mcolcon.colcon_core.package_identification[0m [1;30mLevel 1[0m _identify(models) by extension 'ros'
[2.455s] [34mcolcon.colcon_core.package_identification[0m [1;30mLevel 1[0m _identify(models) by extensions ['cmake', 'python']
[2.455s] [34mcolcon.colcon_core.package_identification[0m [1;30mLevel 1[0m _identify(models) by extension 'cmake'
[2.456s] [34mcolcon.colcon_core.package_identification[0m [1;30mLevel 1[0m _identify(models) by extension 'python'
[2.457s] [34mcolcon.colcon_core.package_identification[0m [1;30mLevel 1[0m _identify(models) by extensions ['python_setup_py']
[2.458s] [34mcolcon.colcon_core.package_identification[0m [1;30mLevel 1[0m _identify(models) by extension 'python_setup_py'
[2.459s] [34mcolcon.colcon_core.package_identification[0m [1;30mLevel 1[0m _identify(models/sherpa_kws) by extensions ['ignore', 'ignore_ament_install']
[2.460s] [34mcolcon.colcon_core.package_identification[0m [1;30mLevel 1[0m _identify(models/sherpa_kws) by extension 'ignore'
[2.461s] [34mcolcon.colcon_core.package_identification[0m [1;30mLevel 1[0m _identify(models/sherpa_kws) by extension 'ignore_ament_install'
[2.463s] [34mcolcon.colcon_core.package_identification[0m [1;30mLevel 1[0m _identify(models/sherpa_kws) by extensions ['colcon_pkg']
[2.464s] [34mcolcon.colcon_core.package_identification[0m [1;30mLevel 1[0m _identify(models/sherpa_kws) by extension 'colcon_pkg'
[2.465s] [34mcolcon.colcon_core.package_identification[0m [1;30mLevel 1[0m _identify(models/sherpa_kws) by extensions ['colcon_meta']
[2.466s] [34mcolcon.colcon_core.package_identification[0m [1;30mLevel 1[0m _identify(models/sherpa_kws) by extension 'colcon_meta'
[2.467s] [34mcolcon.colcon_core.package_identification[0m [1;30mLevel 1[0m _identify(models/sherpa_kws) by extensions ['ros']
[2.467s] [34mcolcon.colcon_core.package_identification[0m [1;30mLevel 1[0m _identify(models/sherpa_kws) by extension 'ros'
[2.469s] [34mcolcon.colcon_core.package_identification[0m [1;30mLevel 1[0m _identify(models/sherpa_kws) by extensions ['cmake', 'python']
[2.470s] [34mcolcon.colcon_core.package_identification[0m [1;30mLevel 1[0m _identify(models/sherpa_kws) by extension 'cmake'
[2.471s] [34mcolcon.colcon_core.package_identification[0m [1;30mLevel 1[0m _identify(models/sherpa_kws) by extension 'python'
[2.472s] [34mcolcon.colcon_core.package_identification[0m [1;30mLevel 1[0m _identify(models/sherpa_kws) by extensions ['python_setup_py']
[2.473s] [34mcolcon.colcon_core.package_identification[0m [1;30mLevel 1[0m _identify(models/sherpa_kws) by extension 'python_setup_py'
[2.474s] [34mcolcon.colcon_core.package_identification[0m [1;30mLevel 1[0m _identify(models/sherpa_kws/sherpa-onnx-kws-zipformer-zh-en-3M-2025-12-20) by extensions ['ignore', 'ignore_ament_install']
[2.475s] [34mcolcon.colcon_core.package_identification[0m [1;30mLevel 1[0m _identify(models/sherpa_kws/sherpa-onnx-kws-zipformer-zh-en-3M-2025-12-20) by extension 'ignore'
[2.476s] [34mcolcon.colcon_core.package_identification[0m [1;30mLevel 1[0m _identify(models/sherpa_kws/sherpa-onnx-kws-zipformer-zh-en-3M-2025-12-20) by extension 'ignore_ament_install'
[2.476s] [34mcolcon.colcon_core.package_identification[0m [1;30mLevel 1[0m _identify(models/sherpa_kws/sherpa-onnx-kws-zipformer-zh-en-3M-2025-12-20) by extensions ['colcon_pkg']
[2.477s] [34mcolcon.colcon_core.package_identification[0m [1;30mLevel 1[0m _identify(models/sherpa_kws/sherpa-onnx-kws-zipformer-zh-en-3M-2025-12-20) by extension 'colcon_pkg'
[2.478s] [34mcolcon.colcon_core.package_identification[0m [1;30mLevel 1[0m _identify(models/sherpa_kws/sherpa-onnx-kws-zipformer-zh-en-3M-2025-12-20) by extensions ['colcon_meta']
[2.479s] [34mcolcon.colcon_core.package_identification[0m [1;30mLevel 1[0m _identify(models/sherpa_kws/sherpa-onnx-kws-zipformer-zh-en-3M-2025-12-20) by extension 'colcon_meta'
[2.480s] [34mcolcon.colcon_core.package_identification[0m [1;30mLevel 1[0m _identify(models/sherpa_kws/sherpa-onnx-kws-zipformer-zh-en-3M-2025-12-20) by extensions ['ros']
[2.481s] [34mcolcon.colcon_core.package_identification[0m [1;30mLevel 1[0m _identify(models/sherpa_kws/sherpa-onnx-kws-zipformer-zh-en-3M-2025-12-20) by extension 'ros'
[2.482s] [34mcolcon.colcon_core.package_identification[0m [1;30mLevel 1[0m _identify(models/sherpa_kws/sherpa-onnx-kws-zipformer-zh-en-3M-2025-12-20) by extensions ['cmake', 'python']
[2.483s] [34mcolcon.colcon_core.package_identification[0m [1;30mLevel 1[0m _identify(models/sherpa_kws/sherpa-onnx-kws-zipformer-zh-en-3M-2025-12-20) by extension 'cmake'
[2.484s] [34mcolcon.colcon_core.package_identification[0m [1;30mLevel 1[0m _identify(models/sherpa_kws/sherpa-onnx-kws-zipformer-zh-en-3M-2025-12-20) by extension 'python'
[2.486s] [34mcolcon.colcon_core.package_identification[0m [1;30mLevel 1[0m _identify(models/sherpa_kws/sherpa-onnx-kws-zipformer-zh-en-3M-2025-12-20) by extensions ['python_setup_py']
[2.487s] [34mcolcon.colcon_core.package_identification[0m [1;30mLevel 1[0m _identify(models/sherpa_kws/sherpa-onnx-kws-zipformer-zh-en-3M-2025-12-20) by extension 'python_setup_py'
[2.488s] [34mcolcon.colcon_core.package_identification[0m [1;30mLevel 1[0m _identify(models/sherpa_kws/sherpa-onnx-kws-zipformer-zh-en-3M-2025-12-20/test_wavs) by extensions ['ignore', 'ignore_ament_install']
[2.489s] [34mcolcon.colcon_core.package_identification[0m [1;30mLevel 1[0m _identify(models/sherpa_kws/sherpa-onnx-kws-zipformer-zh-en-3M-2025-12-20/test_wavs) by extension 'ignore'
[2.490s] [34mcolcon.colcon_core.package_identification[0m [1;30mLevel 1[0m _identify(models/sherpa_kws/sherpa-onnx-kws-zipformer-zh-en-3M-2025-12-20/test_wavs) by extension 'ignore_ament_install'
[2.491s] [34mcolcon.colcon_core.package_identification[0m [1;30mLevel 1[0m _identify(models/sherpa_kws/sherpa-onnx-kws-zipformer-zh-en-3M-2025-12-20/test_wavs) by extensions ['colcon_pkg']
[2.491s] [34mcolcon.colcon_core.package_identification[0m [1;30mLevel 1[0m _identify(models/sherpa_kws/sherpa-onnx-kws-zipformer-zh-en-3M-2025-12-20/test_wavs) by extension 'colcon_pkg'
[2.491s] [34mcolcon.colcon_core.package_identification[0m [1;30mLevel 1[0m _identify(models/sherpa_kws/sherpa-onnx-kws-zipformer-zh-en-3M-2025-12-20/test_wavs) by extensions ['colcon_meta']
[2.491s] [34mcolcon.colcon_core.package_identification[0m [1;30mLevel 1[0m _identify(models/sherpa_kws/sherpa-onnx-kws-zipformer-zh-en-3M-2025-12-20/test_wavs) by extension 'colcon_meta'
[2.492s] [34mcolcon.colcon_core.package_identification[0m [1;30mLevel 1[0m _identify(models/sherpa_kws/sherpa-onnx-kws-zipformer-zh-en-3M-2025-12-20/test_wavs) by extensions ['ros']
[2.492s] [34mcolcon.colcon_core.package_identification[0m [1;30mLevel 1[0m _identify(models/sherpa_kws/sherpa-onnx-kws-zipformer-zh-en-3M-2025-12-20/test_wavs) by extension 'ros'
[2.493s] [34mcolcon.colcon_core.package_identification[0m [1;30mLevel 1[0m _identify(models/sherpa_kws/sherpa-onnx-kws-zipformer-zh-en-3M-2025-12-20/test_wavs) by extensions ['cmake', 'python']
[2.493s] [34mcolcon.colcon_core.package_identification[0m [1;30mLevel 1[0m _identify(models/sherpa_kws/sherpa-onnx-kws-zipformer-zh-en-3M-2025-12-20/test_wavs) by extension 'cmake'
[2.493s] [34mcolcon.colcon_core.package_identification[0m [1;30mLevel 1[0m _identify(models/sherpa_kws/sherpa-onnx-kws-zipformer-zh-en-3M-2025-12-20/test_wavs) by extension 'python'
[2.494s] [34mcolcon.colcon_core.package_identification[0m [1;30mLevel 1[0m _identify(models/sherpa_kws/sherpa-onnx-kws-zipformer-zh-en-3M-2025-12-20/test_wavs) by extensions ['python_setup_py']
[2.495s] [34mcolcon.colcon_core.package_identification[0m [1;30mLevel 1[0m _identify(models/sherpa_kws/sherpa-onnx-kws-zipformer-zh-en-3M-2025-12-20/test_wavs) by extension 'python_setup_py'
[2.496s] [34mcolcon.colcon_core.package_identification[0m [1;30mLevel 1[0m _identify(models/vosk-model-small-cn-0.22) by extensions ['ignore', 'ignore_ament_install']
[2.498s] [34mcolcon.colcon_core.package_identification[0m [1;30mLevel 1[0m _identify(models/vosk-model-small-cn-0.22) by extension 'ignore'
[2.499s] [34mcolcon.colcon_core.package_identification[0m [1;30mLevel 1[0m _identify(models/vosk-model-small-cn-0.22) by extension 'ignore_ament_install'
[2.500s] [34mcolcon.colcon_core.package_identification[0m [1;30mLevel 1[0m _identify(models/vosk-model-small-cn-0.22) by extensions ['colcon_pkg']
[2.500s] [34mcolcon.colcon_core.package_identification[0m [1;30mLevel 1[0m _identify(models/vosk-model-small-cn-0.22) by extension 'colcon_pkg'
[2.501s] [34mcolcon.colcon_core.package_identification[0m [1;30mLevel 1[0m _identify(models/vosk-model-small-cn-0.22) by extensions ['colcon_meta']
[2.501s] [34mcolcon.colcon_core.package_identification[0m [1;30mLevel 1[0m _identify(models/vosk-model-small-cn-0.22) by extension 'colcon_meta'
[2.502s] [34mcolcon.colcon_core.package_identification[0m [1;30mLevel 1[0m _identify(models/vosk-model-small-cn-0.22) by extensions ['ros']
[2.502s] [34mcolcon.colcon_core.package_identification[0m [1;30mLevel 1[0m _identify(models/vosk-model-small-cn-0.22) by extension 'ros'
[2.503s] [34mcolcon.colcon_core.package_identification[0m [1;30mLevel 1[0m _identify(models/vosk-model-small-cn-0.22) by extensions ['cmake', 'python']
[2.504s] [34mcolcon.colcon_core.package_identification[0m [1;30mLevel 1[0m _identify(models/vosk-model-small-cn-0.22) by extension 'cmake'
[2.505s] [34mcolcon.colcon_core.package_identification[0m [1;30mLevel 1[0m _identify(models/vosk-model-small-cn-0.22) by extension 'python'
[2.506s] [34mcolcon.colcon_core.package_identification[0m [1;30mLevel 1[0m _identify(models/vosk-model-small-cn-0.22) by extensions ['python_setup_py']
[2.507s] [34mcolcon.colcon_core.package_identification[0m [1;30mLevel 1[0m _identify(models/vosk-model-small-cn-0.22) by extension 'python_setup_py'
[2.509s] [34mcolcon.colcon_core.package_identification[0m [1;30mLevel 1[0m _identify(models/vosk-model-small-cn-0.22/am) by extensions ['ignore', 'ignore_ament_install']
[2.510s] [34mcolcon.colcon_core.package_identification[0m [1;30mLevel 1[0m _identify(models/vosk-model-small-cn-0.22/am) by extension 'ignore'
[2.510s] [34mcolcon.colcon_core.package_identification[0m [1;30mLevel 1[0m _identify(models/vosk-model-small-cn-0.22/am) by extension 'ignore_ament_install'
[2.511s] [34mcolcon.colcon_core.package_identification[0m [1;30mLevel 1[0m _identify(models/vosk-model-small-cn-0.22/am) by extensions ['colcon_pkg']
[2.511s] [34mcolcon.colcon_core.package_identification[0m [1;30mLevel 1[0m _identify(models/vosk-model-small-cn-0.22/am) by extension 'colcon_pkg'
[2.511s] [34mcolcon.colcon_core.package_identification[0m [1;30mLevel 1[0m _identify(models/vosk-model-small-cn-0.22/am) by extensions ['colcon_meta']
[2.512s] [34mcolcon.colcon_core.package_identification[0m [1;30mLevel 1[0m _identify(models/vosk-model-small-cn-0.22/am) by extension 'colcon_meta'
[2.512s] [34mcolcon.colcon_core.package_identification[0m [1;30mLevel 1[0m _identify(models/vosk-model-small-cn-0.22/am) by extensions ['ros']
[2.512s] [34mcolcon.colcon_core.package_identification[0m [1;30mLevel 1[0m _identify(models/vosk-model-small-cn-0.22/am) by extension 'ros'
[2.513s] [34mcolcon.colcon_core.package_identification[0m [1;30mLevel 1[0m _identify(models/vosk-model-small-cn-0.22/am) by extensions ['cmake', 'python']
[2.514s] [34mcolcon.colcon_core.package_identification[0m [1;30mLevel 1[0m _identify(models/vosk-model-small-cn-0.22/am) by extension 'cmake'
[2.514s] [34mcolcon.colcon_core.package_identification[0m [1;30mLevel 1[0m _identify(models/vosk-model-small-cn-0.22/am) by extension 'python'
[2.515s] [34mcolcon.colcon_core.package_identification[0m [1;30mLevel 1[0m _identify(models/vosk-model-small-cn-0.22/am) by extensions ['python_setup_py']
[2.516s] [34mcolcon.colcon_core.package_identification[0m [1;30mLevel 1[0m _identify(models/vosk-model-small-cn-0.22/am) by extension 'python_setup_py'
[2.517s] [34mcolcon.colcon_core.package_identification[0m [1;30mLevel 1[0m _identify(models/vosk-model-small-cn-0.22/conf) by extensions ['ignore', 'ignore_ament_install']
[2.518s] [34mcolcon.colcon_core.package_identification[0m [1;30mLevel 1[0m _identify(models/vosk-model-small-cn-0.22/conf) by extension 'ignore'
[2.519s] [34mcolcon.colcon_core.package_identification[0m [1;30mLevel 1[0m _identify(models/vosk-model-small-cn-0.22/conf) by extension 'ignore_ament_install'
[2.520s] [34mcolcon.colcon_core.package_identification[0m [1;30mLevel 1[0m _identify(models/vosk-model-small-cn-0.22/conf) by extensions ['colcon_pkg']
[2.520s] [34mcolcon.colcon_core.package_identification[0m [1;30mLevel 1[0m _identify(models/vosk-model-small-cn-0.22/conf) by extension 'colcon_pkg'
[2.521s] [34mcolcon.colcon_core.package_identification[0m [1;30mLevel 1[0m _identify(models/vosk-model-small-cn-0.22/conf) by extensions ['colcon_meta']
[2.522s] [34mcolcon.colcon_core.package_identification[0m [1;30mLevel 1[0m _identify(models/vosk-model-small-cn-0.22/conf) by extension 'colcon_meta'
[2.522s] [34mcolcon.colcon_core.package_identification[0m [1;30mLevel 1[0m _identify(models/vosk-model-small-cn-0.22/conf) by extensions ['ros']
[2.523s] [34mcolcon.colcon_core.package_identification[0m [1;30mLevel 1[0m _identify(models/vosk-model-small-cn-0.22/conf) by extension 'ros'
[2.524s] [34mcolcon.colcon_core.package_identification[0m [1;30mLevel 1[0m _identify(models/vosk-model-small-cn-0.22/conf) by extensions ['cmake', 'python']
[2.524s] [34mcolcon.colcon_core.package_identification[0m [1;30mLevel 1[0m _identify(models/vosk-model-small-cn-0.22/conf) by extension 'cmake'
[2.525s] [34mcolcon.colcon_core.package_identification[0m [1;30mLevel 1[0m _identify(models/vosk-model-small-cn-0.22/conf) by extension 'python'
[2.525s] [34mcolcon.colcon_core.package_identification[0m [1;30mLevel 1[0m _identify(models/vosk-model-small-cn-0.22/conf) by extensions ['python_setup_py']
[2.525s] [34mcolcon.colcon_core.package_identification[0m [1;30mLevel 1[0m _identify(models/vosk-model-small-cn-0.22/conf) by extension 'python_setup_py'
[2.526s] [34mcolcon.colcon_core.package_identification[0m [1;30mLevel 1[0m _identify(models/vosk-model-small-cn-0.22/graph) by extensions ['ignore', 'ignore_ament_install']
[2.527s] [34mcolcon.colcon_core.package_identification[0m [1;30mLevel 1[0m _identify(models/vosk-model-small-cn-0.22/graph) by extension 'ignore'
[2.527s] [34mcolcon.colcon_core.package_identification[0m [1;30mLevel 1[0m _identify(models/vosk-model-small-cn-0.22/graph) by extension 'ignore_ament_install'
[2.528s] [34mcolcon.colcon_core.package_identification[0m [1;30mLevel 1[0m _identify(models/vosk-model-small-cn-0.22/graph) by extensions ['colcon_pkg']
[2.528s] [34mcolcon.colcon_core.package_identification[0m [1;30mLevel 1[0m _identify(models/vosk-model-small-cn-0.22/graph) by extension 'colcon_pkg'
[2.529s] [34mcolcon.colcon_core.package_identification[0m [1;30mLevel 1[0m _identify(models/vosk-model-small-cn-0.22/graph) by extensions ['colcon_meta']
[2.529s] [34mcolcon.colcon_core.package_identification[0m [1;30mLevel 1[0m _identify(models/vosk-model-small-cn-0.22/graph) by extension 'colcon_meta'
[2.529s] [34mcolcon.colcon_core.package_identification[0m [1;30mLevel 1[0m _identify(models/vosk-model-small-cn-0.22/graph) by extensions ['ros']
[2.530s] [34mcolcon.colcon_core.package_identification[0m [1;30mLevel 1[0m _identify(models/vosk-model-small-cn-0.22/graph) by extension 'ros'
[2.530s] [34mcolcon.colcon_core.package_identification[0m [1;30mLevel 1[0m _identify(models/vosk-model-small-cn-0.22/graph) by extensions ['cmake', 'python']
[2.531s] [34mcolcon.colcon_core.package_identification[0m [1;30mLevel 1[0m _identify(models/vosk-model-small-cn-0.22/graph) by extension 'cmake'
[2.531s] [34mcolcon.colcon_core.package_identification[0m [1;30mLevel 1[0m _identify(models/vosk-model-small-cn-0.22/graph) by extension 'python'
[2.531s] [34mcolcon.colcon_core.package_identification[0m [1;30mLevel 1[0m _identify(models/vosk-model-small-cn-0.22/graph) by extensions ['python_setup_py']
[2.532s] [34mcolcon.colcon_core.package_identification[0m [1;30mLevel 1[0m _identify(models/vosk-model-small-cn-0.22/graph) by extension 'python_setup_py'
[2.532s] [34mcolcon.colcon_core.package_identification[0m [1;30mLevel 1[0m _identify(models/vosk-model-small-cn-0.22/graph/phones) by extensions ['ignore', 'ignore_ament_install']
[2.533s] [34mcolcon.colcon_core.package_identification[0m [1;30mLevel 1[0m _identify(models/vosk-model-small-cn-0.22/graph/phones) by extension 'ignore'
[2.534s] [34mcolcon.colcon_core.package_identification[0m [1;30mLevel 1[0m _identify(models/vosk-model-small-cn-0.22/graph/phones) by extension 'ignore_ament_install'
[2.535s] [34mcolcon.colcon_core.package_identification[0m [1;30mLevel 1[0m _identify(models/vosk-model-small-cn-0.22/graph/phones) by extensions ['colcon_pkg']
[2.535s] [34mcolcon.colcon_core.package_identification[0m [1;30mLevel 1[0m _identify(models/vosk-model-small-cn-0.22/graph/phones) by extension 'colcon_pkg'
[2.535s] [34mcolcon.colcon_core.package_identification[0m [1;30mLevel 1[0m _identify(models/vosk-model-small-cn-0.22/graph/phones) by extensions ['colcon_meta']
[2.536s] [34mcolcon.colcon_core.package_identification[0m [1;30mLevel 1[0m _identify(models/vosk-model-small-cn-0.22/graph/phones) by extension 'colcon_meta'
[2.536s] [34mcolcon.colcon_core.package_identification[0m [1;30mLevel 1[0m _identify(models/vosk-model-small-cn-0.22/graph/phones) by extensions ['ros']
[2.536s] [34mcolcon.colcon_core.package_identification[0m [1;30mLevel 1[0m _identify(models/vosk-model-small-cn-0.22/graph/phones) by extension 'ros'
[2.537s] [34mcolcon.colcon_core.package_identification[0m [1;30mLevel 1[0m _identify(models/vosk-model-small-cn-0.22/graph/phones) by extensions ['cmake', 'python']
[2.538s] [34mcolcon.colcon_core.package_identification[0m [1;30mLevel 1[0m _identify(models/vosk-model-small-cn-0.22/graph/phones) by extension 'cmake'
[2.538s] [34mcolcon.colcon_core.package_identification[0m [1;30mLevel 1[0m _identify(models/vosk-model-small-cn-0.22/graph/phones) by extension 'python'
[2.539s] [34mcolcon.colcon_core.package_identification[0m [1;30mLevel 1[0m _identify(models/vosk-model-small-cn-0.22/graph/phones) by extensions ['python_setup_py']
[2.540s] [34mcolcon.colcon_core.package_identification[0m [1;30mLevel 1[0m _identify(models/vosk-model-small-cn-0.22/graph/phones) by extension 'python_setup_py'
[2.541s] [34mcolcon.colcon_core.package_identification[0m [1;30mLevel 1[0m _identify(models/vosk-model-small-cn-0.22/ivector) by extensions ['ignore', 'ignore_ament_install']
[2.542s] [34mcolcon.colcon_core.package_identification[0m [1;30mLevel 1[0m _identify(models/vosk-model-small-cn-0.22/ivector) by extension 'ignore'
[2.543s] [34mcolcon.colcon_core.package_identification[0m [1;30mLevel 1[0m _identify(models/vosk-model-small-cn-0.22/ivector) by extension 'ignore_ament_install'
[2.544s] [34mcolcon.colcon_core.package_identification[0m [1;30mLevel 1[0m _identify(models/vosk-model-small-cn-0.22/ivector) by extensions ['colcon_pkg']
[2.545s] [34mcolcon.colcon_core.package_identification[0m [1;30mLevel 1[0m _identify(models/vosk-model-small-cn-0.22/ivector) by extension 'colcon_pkg'
[2.546s] [34mcolcon.colcon_core.package_identification[0m [1;30mLevel 1[0m _identify(models/vosk-model-small-cn-0.22/ivector) by extensions ['colcon_meta']
[2.547s] [34mcolcon.colcon_core.package_identification[0m [1;30mLevel 1[0m _identify(models/vosk-model-small-cn-0.22/ivector) by extension 'colcon_meta'
[2.549s] [34mcolcon.colcon_core.package_identification[0m [1;30mLevel 1[0m _identify(models/vosk-model-small-cn-0.22/ivector) by extensions ['ros']
[2.550s] [34mcolcon.colcon_core.package_identification[0m [1;30mLevel 1[0m _identify(models/vosk-model-small-cn-0.22/ivector) by extension 'ros'
[2.551s] [34mcolcon.colcon_core.package_identification[0m [1;30mLevel 1[0m _identify(models/vosk-model-small-cn-0.22/ivector) by extensions ['cmake', 'python']
[2.551s] [34mcolcon.colcon_core.package_identification[0m [1;30mLevel 1[0m _identify(models/vosk-model-small-cn-0.22/ivector) by extension 'cmake'
[2.552s] [34mcolcon.colcon_core.package_identification[0m [1;30mLevel 1[0m _identify(models/vosk-model-small-cn-0.22/ivector) by extension 'python'
[2.553s] [34mcolcon.colcon_core.package_identification[0m [1;30mLevel 1[0m _identify(models/vosk-model-small-cn-0.22/ivector) by extensions ['python_setup_py']
[2.554s] [34mcolcon.colcon_core.package_identification[0m [1;30mLevel 1[0m _identify(models/vosk-model-small-cn-0.22/ivector) by extension 'python_setup_py'
[2.555s] [34mcolcon.colcon_core.package_identification[0m [1;30mLevel 1[0m _identify(src) by extensions ['ignore', 'ignore_ament_install']
[2.556s] [34mcolcon.colcon_core.package_identification[0m [1;30mLevel 1[0m _identify(src) by extension 'ignore'
[2.557s] [34mcolcon.colcon_core.package_identification[0m [1;30mLevel 1[0m _identify(src) by extension 'ignore_ament_install'
[2.557s] [34mcolcon.colcon_core.package_identification[0m [1;30mLevel 1[0m _identify(src) by extensions ['colcon_pkg']
[2.558s] [34mcolcon.colcon_core.package_identification[0m [1;30mLevel 1[0m _identify(src) by extension 'colcon_pkg'
[2.558s] [34mcolcon.colcon_core.package_identification[0m [1;30mLevel 1[0m _identify(src) by extensions ['colcon_meta']
[2.558s] [34mcolcon.colcon_core.package_identification[0m [1;30mLevel 1[0m _identify(src) by extension 'colcon_meta'
[2.559s] [34mcolcon.colcon_core.package_identification[0m [1;30mLevel 1[0m _identify(src) by extensions ['ros']
[2.559s] [34mcolcon.colcon_core.package_identification[0m [1;30mLevel 1[0m _identify(src) by extension 'ros'
[2.560s] [34mcolcon.colcon_core.package_identification[0m [1;30mLevel 1[0m _identify(src) by extensions ['cmake', 'python']
[2.561s] [34mcolcon.colcon_core.package_identification[0m [1;30mLevel 1[0m _identify(src) by extension 'cmake'
[2.562s] [34mcolcon.colcon_core.package_identification[0m [1;30mLevel 1[0m _identify(src) by extension 'python'
[2.563s] [34mcolcon.colcon_core.package_identification[0m [1;30mLevel 1[0m _identify(src) by extensions ['python_setup_py']
[2.564s] [34mcolcon.colcon_core.package_identification[0m [1;30mLevel 1[0m _identify(src) by extension 'python_setup_py'
[2.565s] [34mcolcon.colcon_core.package_identification[0m [1;30mLevel 1[0m _identify(src/puppy_brain) by extensions ['ignore', 'ignore_ament_install']
[2.566s] [34mcolcon.colcon_core.package_identification[0m [1;30mLevel 1[0m _identify(src/puppy_brain) by extension 'ignore'
[2.567s] [34mcolcon.colcon_core.package_identification[0m [1;30mLevel 1[0m _identify(src/puppy_brain) by extension 'ignore_ament_install'
[2.569s] [34mcolcon.colcon_core.package_identification[0m [1;30mLevel 1[0m _identify(src/puppy_brain) by extensions ['colcon_pkg']
[2.570s] [34mcolcon.colcon_core.package_identification[0m [1;30mLevel 1[0m _identify(src/puppy_brain) by extension 'colcon_pkg'
[2.571s] [34mcolcon.colcon_core.package_identification[0m [1;30mLevel 1[0m _identify(src/puppy_brain) by extensions ['colcon_meta']
[2.572s] [34mcolcon.colcon_core.package_identification[0m [1;30mLevel 1[0m _identify(src/puppy_brain) by extension 'colcon_meta'
[2.573s] [34mcolcon.colcon_core.package_identification[0m [1;30mLevel 1[0m _identify(src/puppy_brain) by extensions ['ros']
[2.574s] [34mcolcon.colcon_core.package_identification[0m [1;30mLevel 1[0m _identify(src/puppy_brain) by extension 'ros'
[2.597s] [34mcolcon.colcon_core.package_identification[0m [1;30mDEBUG[0m [32mPackage 'src/puppy_brain' with type 'ros.ament_python' and name 'puppy_brain'[0m
[2.599s] [34mcolcon.colcon_core.package_identification[0m [1;30mLevel 1[0m _identify(tools) by extensions ['ignore', 'ignore_ament_install']
[2.600s] [34mcolcon.colcon_core.package_identification[0m [1;30mLevel 1[0m _identify(tools) by extension 'ignore'
[2.601s] [34mcolcon.colcon_core.package_identification[0m [1;30mLevel 1[0m _identify(tools) by extension 'ignore_ament_install'
[2.603s] [34mcolcon.colcon_core.package_identification[0m [1;30mLevel 1[0m _identify(tools) by extensions ['colcon_pkg']
[2.603s] [34mcolcon.colcon_core.package_identification[0m [1;30mLevel 1[0m _identify(tools) by extension 'colcon_pkg'
[2.604s] [34mcolcon.colcon_core.package_identification[0m [1;30mLevel 1[0m _identify(tools) by extensions ['colcon_meta']
[2.604s] [34mcolcon.colcon_core.package_identification[0m [1;30mLevel 1[0m _identify(tools) by extension 'colcon_meta'
[2.605s] [34mcolcon.colcon_core.package_identification[0m [1;30mLevel 1[0m _identify(tools) by extensions ['ros']
[2.605s] [34mcolcon.colcon_core.package_identification[0m [1;30mLevel 1[0m _identify(tools) by extension 'ros'
[2.605s] [34mcolcon.colcon_core.package_identification[0m [1;30mLevel 1[0m _identify(tools) by extensions ['cmake', 'python']
[2.606s] [34mcolcon.colcon_core.package_identification[0m [1;30mLevel 1[0m _identify(tools) by extension 'cmake'
[2.606s] [34mcolcon.colcon_core.package_identification[0m [1;30mLevel 1[0m _identify(tools) by extension 'python'
[2.606s] [34mcolcon.colcon_core.package_identification[0m [1;30mLevel 1[0m _identify(tools) by extensions ['python_setup_py']
[2.606s] [34mcolcon.colcon_core.package_identification[0m [1;30mLevel 1[0m _identify(tools) by extension 'python_setup_py'
[2.607s] [34mcolcon.colcon_core.package_discovery[0m [1;30mLevel 1[0m discover_packages(recursive) using defaults
[2.607s] [34mcolcon.colcon_core.package_discovery[0m [1;30mLevel 1[0m discover_packages(ignore) discover
[2.607s] [34mcolcon.colcon_core.package_discovery[0m [1;30mLevel 1[0m discover_packages(ignore) using defaults
[2.607s] [34mcolcon.colcon_core.package_discovery[0m [1;30mLevel 1[0m discover_packages(path) discover
[2.608s] [34mcolcon.colcon_core.package_discovery[0m [1;30mLevel 1[0m discover_packages(path) using defaults
[2.761s] [34mcolcon.colcon_core.verb[0m [1;30mLevel 5[0m set package 'puppy_brain' build argument 'cmake_args' from command line to 'None'
[2.762s] [34mcolcon.colcon_core.verb[0m [1;30mLevel 5[0m set package 'puppy_brain' build argument 'cmake_target' from command line to 'None'
[2.762s] [34mcolcon.colcon_core.verb[0m [1;30mLevel 5[0m set package 'puppy_brain' build argument 'cmake_target_skip_unavailable' from command line to 'False'
[2.763s] [34mcolcon.colcon_core.verb[0m [1;30mLevel 5[0m set package 'puppy_brain' build argument 'cmake_clean_cache' from command line to 'False'
[2.763s] [34mcolcon.colcon_core.verb[0m [1;30mLevel 5[0m set package 'puppy_brain' build argument 'cmake_clean_first' from command line to 'False'
[2.764s] [34mcolcon.colcon_core.verb[0m [1;30mLevel 5[0m set package 'puppy_brain' build argument 'cmake_force_configure' from command line to 'False'
[2.764s] [34mcolcon.colcon_core.verb[0m [1;30mLevel 5[0m set package 'puppy_brain' build argument 'ament_cmake_args' from command line to 'None'
[2.764s] [34mcolcon.colcon_core.verb[0m [1;30mLevel 5[0m set package 'puppy_brain' build argument 'catkin_cmake_args' from command line to 'None'
[2.765s] [34mcolcon.colcon_core.verb[0m [1;30mLevel 5[0m set package 'puppy_brain' build argument 'catkin_skip_building_tests' from command line to 'False'
[2.766s] [34mcolcon.colcon_core.verb[0m [1;30mDEBUG[0m [32mBuilding package 'puppy_brain' with the following arguments: {'ament_cmake_args': None, 'build_base': '/app/puppy_ws/build/puppy_brain', 'catkin_cmake_args': None, 'catkin_skip_building_tests': False, 'cmake_args': None, 'cmake_clean_cache': False, 'cmake_clean_first': False, 'cmake_force_configure': False, 'cmake_target': None, 'cmake_target_skip_unavailable': False, 'install_base': '/app/puppy_ws/install/puppy_brain', 'merge_install': False, 'path': '/app/puppy_ws/src/puppy_brain', 'symlink_install': True, 'test_result_base': None}[0m
[2.768s] [34mcolcon.colcon_core.executor[0m [1;30mINFO[0m Executing jobs using 'parallel' executor
[2.777s] [34mcolcon.colcon_parallel_executor.executor.parallel[0m [1;30mDEBUG[0m [32mrun_until_complete[0m
[2.779s] [34mcolcon.colcon_ros.task.ament_python.build[0m [1;30mINFO[0m Building ROS package in '/app/puppy_ws/src/puppy_brain' with build type 'ament_python'
[2.780s] [34mcolcon.colcon_core.shell[0m [1;30mLevel 1[0m create_environment_hook('puppy_brain', 'ament_prefix_path')
[2.814s] [34mcolcon.colcon_core.plugin_system[0m [1;30mINFO[0m Skipping extension 'colcon_core.shell.bat': Not used on non-Windows systems
[2.815s] [34mcolcon.colcon_core.shell[0m [1;30mINFO[0m Creating environment hook '/app/puppy_ws/install/puppy_brain/share/puppy_brain/hook/ament_prefix_path.ps1'
[2.821s] [34mcolcon.colcon_core.shell[0m [1;30mINFO[0m Creating environment descriptor '/app/puppy_ws/install/puppy_brain/share/puppy_brain/hook/ament_prefix_path.dsv'
[2.825s] [34mcolcon.colcon_core.shell[0m [1;30mINFO[0m Creating environment hook '/app/puppy_ws/install/puppy_brain/share/puppy_brain/hook/ament_prefix_path.sh'
[2.836s] [34mcolcon.colcon_core.shell[0m [1;30mINFO[0m Skip shell extension 'powershell' for command environment: Not usable outside of PowerShell
[2.837s] [34mcolcon.colcon_core.shell[0m [1;30mDEBUG[0m [32mSkip shell extension 'dsv' for command environment[0m
[5.701s] [34mcolcon.colcon_core.task.python.build[0m [1;30mINFO[0m Building Python package in '/app/puppy_ws/src/puppy_brain'
[5.704s] [34mcolcon.colcon_core.shell[0m [1;30mINFO[0m Skip shell extension 'powershell' for command environment: Not usable outside of PowerShell
[5.704s] [34mcolcon.colcon_core.shell[0m [1;30mDEBUG[0m [32mSkip shell extension 'dsv' for command environment[0m
[12.649s] [34mcolcon.colcon_core.task.python.build[0m [1;30mDEBUG[0m [32mAvailable setuptools commands: build_py, build_clib, symlink_data, build_ext, bdist, check, saveopts, update_catalog, init_catalog, isort, bdist_wheel, sdist, alias, install_egg_info, install_scripts, install_lib, bdist_egg, install_headers, bdist_rpm, install, bdist_dumb, install_data, egg_info, clean, build, develop, editable_wheel, rotate, build_scripts, compile_catalog, dist_info, easy_install, setopt, extract_messages[0m
[17.128s] [34mcolcon.colcon_core.task.python.build[0m [1;30mDEBUG[0m [32mAvailable setuptools 'develop' options: --zip-ok, --build-directory, --no-deps, --always-copy, --upgrade, --prefix, --multi-version, --index-url, --script-dir, --version, --always-unzip, --allow-hosts, --verbose, --quiet, --install-dir, --no-find-links, --site-dirs, --egg-path, --user, --exclude-scripts, --help, --local-snapshots-ok, --optimize, --find-links, --editable, --no-user-cfg, --record, --uninstall, --dry-run[0m
[17.138s] [34mcolcon.colcon_core.event_handler.log_command[0m [1;30mDEBUG[0m [32mInvoking command in '/app/puppy_ws/build/puppy_brain': CONDA_PROMPT_MODIFIER=(puppy) PYTHONPATH=/app/puppy_ws/build/puppy_brain/prefix_override:/usr/local/lib/python3.10/dist-packages/colcon_core/task/python/colcon_distutils_commands:/app/puppy_ws/install/puppy_brain/lib/python3.10/site-packages:${PYTHONPATH} /usr/bin/python3 -W ignore:setup.py install is deprecated -W ignore:easy_install command is deprecated setup.py develop --editable --build-directory /app/puppy_ws/build/puppy_brain/build --no-deps symlink_data[0m
[25.573s] [34mcolcon.colcon_core.shell[0m [1;30mLevel 1[0m create_environment_hook('puppy_brain', 'pythonpath_develop')
[25.579s] [34mcolcon.colcon_core.shell[0m [1;30mINFO[0m Creating environment hook '/app/puppy_ws/build/puppy_brain/share/puppy_brain/hook/pythonpath_develop.ps1'
[25.577s] [34mcolcon.colcon_core.event_handler.log_command[0m [1;30mDEBUG[0m [32mInvoked command in '/app/puppy_ws/build/puppy_brain' returned '0': CONDA_PROMPT_MODIFIER=(puppy) PYTHONPATH=/app/puppy_ws/build/puppy_brain/prefix_override:/usr/local/lib/python3.10/dist-packages/colcon_core/task/python/colcon_distutils_commands:/app/puppy_ws/install/puppy_brain/lib/python3.10/site-packages:${PYTHONPATH} /usr/bin/python3 -W ignore:setup.py install is deprecated -W ignore:easy_install command is deprecated setup.py develop --editable --build-directory /app/puppy_ws/build/puppy_brain/build --no-deps symlink_data[0m
[25.584s] [34mcolcon.colcon_core.shell[0m [1;30mINFO[0m Creating environment descriptor '/app/puppy_ws/build/puppy_brain/share/puppy_brain/hook/pythonpath_develop.dsv'
[25.588s] [34mcolcon.colcon_core.shell[0m [1;30mINFO[0m Creating environment hook '/app/puppy_ws/build/puppy_brain/share/puppy_brain/hook/pythonpath_develop.sh'
[25.611s] [34mcolcon.colcon_core.environment[0m [1;30mLevel 1[0m checking '/app/puppy_ws/install/puppy_brain' for CMake module files
[25.618s] [34mcolcon.colcon_core.environment[0m [1;30mLevel 1[0m checking '/app/puppy_ws/install/puppy_brain' for CMake config files
[25.623s] [34mcolcon.colcon_core.environment[0m [1;30mLevel 1[0m checking '/app/puppy_ws/install/puppy_brain/lib'
[25.625s] [34mcolcon.colcon_core.environment[0m [1;30mLevel 1[0m checking '/app/puppy_ws/install/puppy_brain/bin'
[25.625s] [34mcolcon.colcon_core.environment[0m [1;30mLevel 1[0m checking '/app/puppy_ws/install/puppy_brain/lib/pkgconfig/puppy_brain.pc'
[25.627s] [34mcolcon.colcon_core.environment[0m [1;30mLevel 1[0m checking '/app/puppy_ws/install/puppy_brain/lib/python3.10/site-packages'
[25.628s] [34mcolcon.colcon_core.shell[0m [1;30mLevel 1[0m create_environment_hook('puppy_brain', 'pythonpath')
[25.630s] [34mcolcon.colcon_core.shell[0m [1;30mINFO[0m Creating environment hook '/app/puppy_ws/install/puppy_brain/share/puppy_brain/hook/pythonpath.ps1'
[25.634s] [34mcolcon.colcon_core.shell[0m [1;30mINFO[0m Creating environment descriptor '/app/puppy_ws/install/puppy_brain/share/puppy_brain/hook/pythonpath.dsv'
[25.638s] [34mcolcon.colcon_core.shell[0m [1;30mINFO[0m Creating environment hook '/app/puppy_ws/install/puppy_brain/share/puppy_brain/hook/pythonpath.sh'
[25.650s] [34mcolcon.colcon_core.environment[0m [1;30mLevel 1[0m checking '/app/puppy_ws/install/puppy_brain/bin'
[25.651s] [34mcolcon.colcon_core.environment[0m [1;30mLevel 1[0m create_environment_scripts_only(puppy_brain)
[25.654s] [34mcolcon.colcon_core.shell[0m [1;30mINFO[0m Creating package script '/app/puppy_ws/install/puppy_brain/share/puppy_brain/package.ps1'
[25.667s] [34mcolcon.colcon_core.shell[0m [1;30mINFO[0m Creating package descriptor '/app/puppy_ws/install/puppy_brain/share/puppy_brain/package.dsv'
[25.675s] [34mcolcon.colcon_core.shell[0m [1;30mINFO[0m Creating package script '/app/puppy_ws/install/puppy_brain/share/puppy_brain/package.sh'
[25.688s] [34mcolcon.colcon_core.shell[0m [1;30mINFO[0m Creating package script '/app/puppy_ws/install/puppy_brain/share/puppy_brain/package.bash'
[25.697s] [34mcolcon.colcon_core.shell[0m [1;30mINFO[0m Creating package script '/app/puppy_ws/install/puppy_brain/share/puppy_brain/package.zsh'
[25.703s] [34mcolcon.colcon_core.environment[0m [1;30mLevel 1[0m create_file_with_runtime_dependencies(/app/puppy_ws/install/puppy_brain/share/colcon-core/packages/puppy_brain)
[25.705s] [34mcolcon.colcon_parallel_executor.executor.parallel[0m [1;30mDEBUG[0m [32mclosing loop[0m
[25.707s] [34mcolcon.colcon_parallel_executor.executor.parallel[0m [1;30mDEBUG[0m [32mloop closed[0m
[25.708s] [34mcolcon.colcon_parallel_executor.executor.parallel[0m [1;30mDEBUG[0m [32mrun_until_complete finished with '0'[0m
[25.709s] [34mcolcon.colcon_core.event_reactor[0m [1;30mDEBUG[0m [32mjoining thread[0m
[25.717s] [34mcolcon.colcon_core.event_reactor[0m [1;30mDEBUG[0m [32mjoined thread[0m
[25.719s] [34mcolcon.colcon_core.shell[0m [1;30mINFO[0m Creating prefix script '/app/puppy_ws/install/local_setup.ps1'
[25.727s] [34mcolcon.colcon_core.shell[0m [1;30mINFO[0m Creating prefix util module '/app/puppy_ws/install/_local_setup_util_ps1.py'
[25.741s] [34mcolcon.colcon_core.shell[0m [1;30mINFO[0m Creating prefix chain script '/app/puppy_ws/install/setup.ps1'
[25.758s] [34mcolcon.colcon_core.shell[0m [1;30mINFO[0m Creating prefix script '/app/puppy_ws/install/local_setup.sh'
[25.774s] [34mcolcon.colcon_core.shell[0m [1;30mINFO[0m Creating prefix util module '/app/puppy_ws/install/_local_setup_util_sh.py'
[25.782s] [34mcolcon.colcon_core.shell[0m [1;30mINFO[0m Creating prefix chain script '/app/puppy_ws/install/setup.sh'
[25.798s] [34mcolcon.colcon_core.shell[0m [1;30mINFO[0m Creating prefix script '/app/puppy_ws/install/local_setup.bash'
[25.804s] [34mcolcon.colcon_core.shell[0m [1;30mINFO[0m Creating prefix chain script '/app/puppy_ws/install/setup.bash'
[25.816s] [34mcolcon.colcon_core.shell[0m [1;30mINFO[0m Creating prefix script '/app/puppy_ws/install/local_setup.zsh'
[25.822s] [34mcolcon.colcon_core.shell[0m [1;30mINFO[0m Creating prefix chain script '/app/puppy_ws/install/setup.zsh'
