[3.879s] Invoking command in '/app/puppy_ws/src/puppy_brain': PYTHONPATH=/app/puppy_ws/build/puppy_brain/prefix_override:/usr/lib/python3/dist-packages/colcon_core/task/python/colcon_distutils_commands:/app/puppy_ws/install/puppy_brain/lib/python3.10/site-packages:${PYTHONPATH} /usr/bin/python3 -W ignore:setup.py install is deprecated -W ignore:easy_install command is deprecated setup.py egg_info --egg-base ../../build/puppy_brain build --build-base /app/puppy_ws/build/puppy_brain/build install --record /app/puppy_ws/build/puppy_brain/install.log --single-version-externally-managed install_data
[4.870s] /usr/local/lib/python3.10/dist-packages/setuptools/_distutils/dist.py:289: UserWarning: Unknown distribution option: 'tests_require'
[4.871s]   warnings.warn(msg)
[5.403s] running egg_info
[5.486s] creating ../../build/puppy_brain/puppy_brain.egg-info
[5.487s] writing ../../build/puppy_brain/puppy_brain.egg-info/PKG-INFO
[5.489s] writing dependency_links to ../../build/puppy_brain/puppy_brain.egg-info/dependency_links.txt
[5.491s] writing entry points to ../../build/puppy_brain/puppy_brain.egg-info/entry_points.txt
[5.492s] writing requirements to ../../build/puppy_brain/puppy_brain.egg-info/requires.txt
[5.492s] writing top-level names to ../../build/puppy_brain/puppy_brain.egg-info/top_level.txt
[5.493s] writing manifest file '../../build/puppy_brain/puppy_brain.egg-info/SOURCES.txt'
[5.672s] reading manifest file '../../build/puppy_brain/puppy_brain.egg-info/SOURCES.txt'
[5.680s] writing manifest file '../../build/puppy_brain/puppy_brain.egg-info/SOURCES.txt'
[5.680s] running build
[5.681s] running build_py
[5.682s] creating /app/puppy_ws/build/puppy_brain/build/lib/puppy_brain
[5.683s] copying puppy_brain/gesture_adapter_node.py -> /app/puppy_ws/build/puppy_brain/build/lib/puppy_brain
[5.685s] copying puppy_brain/decision_node_gesture_test.py -> /app/puppy_ws/build/puppy_brain/build/lib/puppy_brain
[5.687s] copying puppy_brain/ros_udp_bridge.py -> /app/puppy_ws/build/puppy_brain/build/lib/puppy_brain
[5.689s] copying puppy_brain/debug_preview_node.py -> /app/puppy_ws/build/puppy_brain/build/lib/puppy_brain
[5.690s] copying puppy_brain/ai_vision_node.py -> /app/puppy_ws/build/puppy_brain/build/lib/puppy_brain
[5.692s] copying puppy_brain/perception_node.py -> /app/puppy_ws/build/puppy_brain/build/lib/puppy_brain
[5.695s] copying puppy_brain/__init__.py -> /app/puppy_ws/build/puppy_brain/build/lib/puppy_brain
[5.696s] copying puppy_brain/decision_node.py -> /app/puppy_ws/build/puppy_brain/build/lib/puppy_brain
[5.698s] running install
[5.730s] running install_lib
[5.813s] creating /app/puppy_ws/install/puppy_brain/lib/python3.10/site-packages/puppy_brain
[5.814s] copying /app/puppy_ws/build/puppy_brain/build/lib/puppy_brain/gesture_adapter_node.py -> /app/puppy_ws/install/puppy_brain/lib/python3.10/site-packages/puppy_brain
[5.815s] copying /app/puppy_ws/build/puppy_brain/build/lib/puppy_brain/decision_node_gesture_test.py -> /app/puppy_ws/install/puppy_brain/lib/python3.10/site-packages/puppy_brain
[5.816s] copying /app/puppy_ws/build/puppy_brain/build/lib/puppy_brain/ros_udp_bridge.py -> /app/puppy_ws/install/puppy_brain/lib/python3.10/site-packages/puppy_brain
[5.817s] copying /app/puppy_ws/build/puppy_brain/build/lib/puppy_brain/debug_preview_node.py -> /app/puppy_ws/install/puppy_brain/lib/python3.10/site-packages/puppy_brain
[5.818s] copying /app/puppy_ws/build/puppy_brain/build/lib/puppy_brain/ai_vision_node.py -> /app/puppy_ws/install/puppy_brain/lib/python3.10/site-packages/puppy_brain
[5.820s] copying /app/puppy_ws/build/puppy_brain/build/lib/puppy_brain/perception_node.py -> /app/puppy_ws/install/puppy_brain/lib/python3.10/site-packages/puppy_brain
[5.821s] copying /app/puppy_ws/build/puppy_brain/build/lib/puppy_brain/__init__.py -> /app/puppy_ws/install/puppy_brain/lib/python3.10/site-packages/puppy_brain
[5.822s] copying /app/puppy_ws/build/puppy_brain/build/lib/puppy_brain/decision_node.py -> /app/puppy_ws/install/puppy_brain/lib/python3.10/site-packages/puppy_brain
[5.825s] byte-compiling /app/puppy_ws/install/puppy_brain/lib/python3.10/site-packages/puppy_brain/gesture_adapter_node.py to gesture_adapter_node.cpython-310.pyc
[5.829s] byte-compiling /app/puppy_ws/install/puppy_brain/lib/python3.10/site-packages/puppy_brain/decision_node_gesture_test.py to decision_node_gesture_test.cpython-310.pyc
[5.835s] byte-compiling /app/puppy_ws/install/puppy_brain/lib/python3.10/site-packages/puppy_brain/ros_udp_bridge.py to ros_udp_bridge.cpython-310.pyc
[5.838s] byte-compiling /app/puppy_ws/install/puppy_brain/lib/python3.10/site-packages/puppy_brain/debug_preview_node.py to debug_preview_node.cpython-310.pyc
[5.851s] byte-compiling /app/puppy_ws/install/puppy_brain/lib/python3.10/site-packages/puppy_brain/ai_vision_node.py to ai_vision_node.cpython-310.pyc
[5.860s] byte-compiling /app/puppy_ws/install/puppy_brain/lib/python3.10/site-packages/puppy_brain/perception_node.py to perception_node.cpython-310.pyc
[5.874s] byte-compiling /app/puppy_ws/install/puppy_brain/lib/python3.10/site-packages/puppy_brain/__init__.py to __init__.cpython-310.pyc
[5.875s] byte-compiling /app/puppy_ws/install/puppy_brain/lib/python3.10/site-packages/puppy_brain/decision_node.py to decision_node.cpython-310.pyc
[5.886s] running install_data
[5.887s] creating /app/puppy_ws/install/puppy_brain/share/ament_index/resource_index/packages
[5.888s] copying resource/puppy_brain -> /app/puppy_ws/install/puppy_brain/share/ament_index/resource_index/packages
[5.889s] copying package.xml -> /app/puppy_ws/install/puppy_brain/share/puppy_brain
[5.890s] creating /app/puppy_ws/install/puppy_brain/share/puppy_brain/launch
[5.891s] copying launch/follow_only.launch.py -> /app/puppy_ws/install/puppy_brain/share/puppy_brain/launch
[5.894s] copying launch/gesture_only.launch.py -> /app/puppy_ws/install/puppy_brain/share/puppy_brain/launch
[5.896s] copying launch/full_system.launch.py -> /app/puppy_ws/install/puppy_brain/share/puppy_brain/launch
[5.898s] copying launch/gesture_control_test.launch.py -> /app/puppy_ws/install/puppy_brain/share/puppy_brain/launch
[5.899s] copying launch/gesture_official_test.launch.py -> /app/puppy_ws/install/puppy_brain/share/puppy_brain/launch
[5.900s] running install_egg_info
[5.992s] Copying ../../build/puppy_brain/puppy_brain.egg-info to /app/puppy_ws/install/puppy_brain/lib/python3.10/site-packages/puppy_brain-0.0.0-py3.10.egg-info
[5.997s] running install_scripts
[6.177s] Installing debug_preview_node script to /app/puppy_ws/install/puppy_brain/lib/puppy_brain
[6.178s] Installing decision_node script to /app/puppy_ws/install/puppy_brain/lib/puppy_brain
[6.179s] Installing decision_node_gesture_test script to /app/puppy_ws/install/puppy_brain/lib/puppy_brain
[6.180s] Installing gesture_adapter_node script to /app/puppy_ws/install/puppy_brain/lib/puppy_brain
[6.181s] Installing perception_node script to /app/puppy_ws/install/puppy_brain/lib/puppy_brain
[6.181s] Installing ros_udp_bridge script to /app/puppy_ws/install/puppy_brain/lib/puppy_brain
[6.184s] writing list of installed files to '/app/puppy_ws/build/puppy_brain/install.log'
[6.393s] Invoked command in '/app/puppy_ws/src/puppy_brain' returned '0': PYTHONPATH=/app/puppy_ws/build/puppy_brain/prefix_override:/usr/lib/python3/dist-packages/colcon_core/task/python/colcon_distutils_commands:/app/puppy_ws/install/puppy_brain/lib/python3.10/site-packages:${PYTHONPATH} /usr/bin/python3 -W ignore:setup.py install is deprecated -W ignore:easy_install command is deprecated setup.py egg_info --egg-base ../../build/puppy_brain build --build-base /app/puppy_ws/build/puppy_brain/build install --record /app/puppy_ws/build/puppy_brain/install.log --single-version-externally-managed install_data
