[3.868s] Invoking command in '/app/puppy_ws/src/puppy_brain': PYTHONPATH=/app/puppy_ws/build/puppy_brain/prefix_override:/usr/lib/python3/dist-packages/colcon_core/task/python/colcon_distutils_commands:/app/puppy_ws/install/puppy_brain/lib/python3.10/site-packages:${PYTHONPATH} /usr/bin/python3 -W ignore:setup.py install is deprecated -W ignore:easy_install command is deprecated setup.py egg_info --egg-base ../../build/puppy_brain build --build-base /app/puppy_ws/build/puppy_brain/build install --record /app/puppy_ws/build/puppy_brain/install.log --single-version-externally-managed install_data
[4.808s] /usr/local/lib/python3.10/dist-packages/setuptools/_distutils/dist.py:289: UserWarning: Unknown distribution option: 'tests_require'
[4.809s]   warnings.warn(msg)
[5.340s] running egg_info
[5.424s] writing ../../build/puppy_brain/puppy_brain.egg-info/PKG-INFO
[5.427s] writing dependency_links to ../../build/puppy_brain/puppy_brain.egg-info/dependency_links.txt
[5.428s] writing entry points to ../../build/puppy_brain/puppy_brain.egg-info/entry_points.txt
[5.430s] writing requirements to ../../build/puppy_brain/puppy_brain.egg-info/requires.txt
[5.430s] writing top-level names to ../../build/puppy_brain/puppy_brain.egg-info/top_level.txt
[5.613s] reading manifest file '../../build/puppy_brain/puppy_brain.egg-info/SOURCES.txt'
[5.623s] writing manifest file '../../build/puppy_brain/puppy_brain.egg-info/SOURCES.txt'
[5.624s] running build
[5.624s] running build_py
[5.626s] copying puppy_brain/gesture_adapter_node.py -> /app/puppy_ws/build/puppy_brain/build/lib/puppy_brain
[5.627s] copying puppy_brain/imu_node_ros2.py -> /app/puppy_ws/build/puppy_brain/build/lib/puppy_brain
[5.628s] copying puppy_brain/ros_udp_bridge.py -> /app/puppy_ws/build/puppy_brain/build/lib/puppy_brain
[5.629s] copying puppy_brain/debug_preview_node.py -> /app/puppy_ws/build/puppy_brain/build/lib/puppy_brain
[5.630s] copying puppy_brain/ai_vision_node.py -> /app/puppy_ws/build/puppy_brain/build/lib/puppy_brain
[5.632s] copying puppy_brain/perception_node.py -> /app/puppy_ws/build/puppy_brain/build/lib/puppy_brain
[5.633s] copying puppy_brain/__init__.py -> /app/puppy_ws/build/puppy_brain/build/lib/puppy_brain
[5.633s] copying puppy_brain/decision_node.py -> /app/puppy_ws/build/puppy_brain/build/lib/puppy_brain
[5.636s] running install
[5.669s] running install_lib
[5.755s] copying /app/puppy_ws/build/puppy_brain/build/lib/puppy_brain/ros_udp_bridge.py -> /app/puppy_ws/install/puppy_brain/lib/python3.10/site-packages/puppy_brain
[5.760s] byte-compiling /app/puppy_ws/install/puppy_brain/lib/python3.10/site-packages/puppy_brain/ros_udp_bridge.py to ros_udp_bridge.cpython-310.pyc
[5.767s] running install_data
[5.768s] copying resource/puppy_brain -> /app/puppy_ws/install/puppy_brain/share/ament_index/resource_index/packages
[5.770s] copying package.xml -> /app/puppy_ws/install/puppy_brain/share/puppy_brain
[5.771s] copying launch/follow_only.launch.py -> /app/puppy_ws/install/puppy_brain/share/puppy_brain/launch
[5.772s] copying launch/gesture_only.launch.py -> /app/puppy_ws/install/puppy_brain/share/puppy_brain/launch
[5.773s] copying launch/full_system.launch.py -> /app/puppy_ws/install/puppy_brain/share/puppy_brain/launch
[5.774s] copying launch/gesture_control_test.launch.py -> /app/puppy_ws/install/puppy_brain/share/puppy_brain/launch
[5.775s] copying launch/gesture_official_test.launch.py -> /app/puppy_ws/install/puppy_brain/share/puppy_brain/launch
[5.776s] running install_egg_info
[5.869s] removing '/app/puppy_ws/install/puppy_brain/lib/python3.10/site-packages/puppy_brain-0.0.0-py3.10.egg-info' (and everything under it)
[5.870s] Copying ../../build/puppy_brain/puppy_brain.egg-info to /app/puppy_ws/install/puppy_brain/lib/python3.10/site-packages/puppy_brain-0.0.0-py3.10.egg-info
[5.875s] running install_scripts
[6.053s] Installing debug_preview_node script to /app/puppy_ws/install/puppy_brain/lib/puppy_brain
[6.054s] Installing decision_node script to /app/puppy_ws/install/puppy_brain/lib/puppy_brain
[6.055s] Installing decision_node_gesture_test script to /app/puppy_ws/install/puppy_brain/lib/puppy_brain
[6.056s] Installing gesture_adapter_node script to /app/puppy_ws/install/puppy_brain/lib/puppy_brain
[6.057s] Installing imu_node_ros2 script to /app/puppy_ws/install/puppy_brain/lib/puppy_brain
[6.058s] Installing perception_node script to /app/puppy_ws/install/puppy_brain/lib/puppy_brain
[6.059s] Installing ros_udp_bridge script to /app/puppy_ws/install/puppy_brain/lib/puppy_brain
[6.063s] writing list of installed files to '/app/puppy_ws/build/puppy_brain/install.log'
[6.269s] Invoked command in '/app/puppy_ws/src/puppy_brain' returned '0': PYTHONPATH=/app/puppy_ws/build/puppy_brain/prefix_override:/usr/lib/python3/dist-packages/colcon_core/task/python/colcon_distutils_commands:/app/puppy_ws/install/puppy_brain/lib/python3.10/site-packages:${PYTHONPATH} /usr/bin/python3 -W ignore:setup.py install is deprecated -W ignore:easy_install command is deprecated setup.py egg_info --egg-base ../../build/puppy_brain build --build-base /app/puppy_ws/build/puppy_brain/build install --record /app/puppy_ws/build/puppy_brain/install.log --single-version-externally-managed install_data
