[0.727s] DEBUG:colcon:Command line arguments: ['/usr/bin/colcon', 'build', '--packages-select', 'puppy_brain', '--event-handlers', 'console_direct+']
[0.728s] DEBUG:colcon:Parsed command line arguments: Namespace(log_base=None, log_level=None, verb_name='build', build_base='build', install_base='install', merge_install=False, symlink_install=False, test_result_base=None, continue_on_error=False, executor='parallel', parallel_workers=8, event_handlers=['console_direct+'], ignore_user_meta=False, metas=['./colcon.meta'], base_paths=['.'], packages_ignore=None, packages_ignore_regex=None, paths=None, packages_up_to=None, packages_up_to_regex=None, packages_above=None, packages_above_and_dependencies=None, packages_above_depth=None, packages_select_by_dep=None, packages_skip_by_dep=None, packages_skip_up_to=None, packages_select_build_failed=False, packages_skip_build_finished=False, packages_select_test_failures=False, packages_skip_test_passed=False, packages_select=['puppy_brain'], packages_skip=None, packages_select_regex=None, packages_skip_regex=None, packages_start=None, packages_end=None, allow_overriding=[], cmake_args=None, cmake_target=None, cmake_target_skip_unavailable=False, cmake_clean_cache=False, cmake_clean_first=False, cmake_force_configure=False, ament_cmake_args=None, catkin_cmake_args=None, catkin_skip_building_tests=False, verb_parser=<colcon_defaults.argument_parser.defaults.DefaultArgumentsDecorator object at 0xffff7f0437c0>, verb_extension=<colcon_core.verb.build.BuildVerb object at 0xffff7f043280>, main=<bound method BuildVerb.main of <colcon_core.verb.build.BuildVerb object at 0xffff7f043280>>)
[1.038s] Level 1:colcon.colcon_core.package_discovery:discover_packages(colcon_meta) check parameters
[1.039s] Level 1:colcon.colcon_core.package_discovery:discover_packages(recursive) check parameters
[1.039s] Level 1:colcon.colcon_core.package_discovery:discover_packages(ignore) check parameters
[1.039s] Level 1:colcon.colcon_core.package_discovery:discover_packages(path) check parameters
[1.039s] Level 1:colcon.colcon_core.package_discovery:discover_packages(colcon_meta) discover
[1.040s] Level 1:colcon.colcon_core.package_discovery:discover_packages(recursive) discover
[1.040s] INFO:colcon.colcon_core.package_discovery:Crawling recursively for packages in '/app/puppy_ws'
[1.040s] Level 1:colcon.colcon_core.package_identification:_identify(.) by extensions ['ignore', 'ignore_ament_install']
[1.041s] Level 1:colcon.colcon_core.package_identification:_identify(.) by extension 'ignore'
[1.041s] Level 1:colcon.colcon_core.package_identification:_identify(.) by extension 'ignore_ament_install'
[1.042s] Level 1:colcon.colcon_core.package_identification:_identify(.) by extensions ['colcon_pkg']
[1.042s] Level 1:colcon.colcon_core.package_identification:_identify(.) by extension 'colcon_pkg'
[1.042s] Level 1:colcon.colcon_core.package_identification:_identify(.) by extensions ['colcon_meta']
[1.042s] Level 1:colcon.colcon_core.package_identification:_identify(.) by extension 'colcon_meta'
[1.043s] Level 1:colcon.colcon_core.package_identification:_identify(.) by extensions ['ros']
[1.043s] Level 1:colcon.colcon_core.package_identification:_identify(.) by extension 'ros'
[1.153s] Level 1:colcon.colcon_core.package_identification:_identify(.) by extensions ['cmake', 'python']
[1.154s] Level 1:colcon.colcon_core.package_identification:_identify(.) by extension 'cmake'
[1.154s] Level 1:colcon.colcon_core.package_identification:_identify(.) by extension 'python'
[1.154s] Level 1:colcon.colcon_core.package_identification:_identify(.) by extensions ['python_setup_py']
[1.155s] Level 1:colcon.colcon_core.package_identification:_identify(.) by extension 'python_setup_py'
[1.155s] Level 1:colcon.colcon_core.package_identification:_identify(build) by extensions ['ignore', 'ignore_ament_install']
[1.156s] Level 1:colcon.colcon_core.package_identification:_identify(build) by extension 'ignore'
[1.156s] Level 1:colcon.colcon_core.package_identification:_identify(build) ignored
[1.157s] Level 1:colcon.colcon_core.package_identification:_identify(install) by extensions ['ignore', 'ignore_ament_install']
[1.157s] Level 1:colcon.colcon_core.package_identification:_identify(install) by extension 'ignore'
[1.158s] Level 1:colcon.colcon_core.package_identification:_identify(install) ignored
[1.158s] Level 1:colcon.colcon_core.package_identification:_identify(log) by extensions ['ignore', 'ignore_ament_install']
[1.159s] Level 1:colcon.colcon_core.package_identification:_identify(log) by extension 'ignore'
[1.159s] Level 1:colcon.colcon_core.package_identification:_identify(log) ignored
[1.160s] Level 1:colcon.colcon_core.package_identification:_identify(models) by extensions ['ignore', 'ignore_ament_install']
[1.160s] Level 1:colcon.colcon_core.package_identification:_identify(models) by extension 'ignore'
[1.160s] Level 1:colcon.colcon_core.package_identification:_identify(models) by extension 'ignore_ament_install'
[1.161s] Level 1:colcon.colcon_core.package_identification:_identify(models) by extensions ['colcon_pkg']
[1.161s] Level 1:colcon.colcon_core.package_identification:_identify(models) by extension 'colcon_pkg'
[1.161s] Level 1:colcon.colcon_core.package_identification:_identify(models) by extensions ['colcon_meta']
[1.161s] Level 1:colcon.colcon_core.package_identification:_identify(models) by extension 'colcon_meta'
[1.162s] Level 1:colcon.colcon_core.package_identification:_identify(models) by extensions ['ros']
[1.162s] Level 1:colcon.colcon_core.package_identification:_identify(models) by extension 'ros'
[1.163s] Level 1:colcon.colcon_core.package_identification:_identify(models) by extensions ['cmake', 'python']
[1.163s] Level 1:colcon.colcon_core.package_identification:_identify(models) by extension 'cmake'
[1.163s] Level 1:colcon.colcon_core.package_identification:_identify(models) by extension 'python'
[1.163s] Level 1:colcon.colcon_core.package_identification:_identify(models) by extensions ['python_setup_py']
[1.163s] Level 1:colcon.colcon_core.package_identification:_identify(models) by extension 'python_setup_py'
[1.164s] Level 1:colcon.colcon_core.package_identification:_identify(models/sherpa_kws) by extensions ['ignore', 'ignore_ament_install']
[1.164s] Level 1:colcon.colcon_core.package_identification:_identify(models/sherpa_kws) by extension 'ignore'
[1.165s] Level 1:colcon.colcon_core.package_identification:_identify(models/sherpa_kws) by extension 'ignore_ament_install'
[1.165s] Level 1:colcon.colcon_core.package_identification:_identify(models/sherpa_kws) by extensions ['colcon_pkg']
[1.165s] Level 1:colcon.colcon_core.package_identification:_identify(models/sherpa_kws) by extension 'colcon_pkg'
[1.166s] Level 1:colcon.colcon_core.package_identification:_identify(models/sherpa_kws) by extensions ['colcon_meta']
[1.166s] Level 1:colcon.colcon_core.package_identification:_identify(models/sherpa_kws) by extension 'colcon_meta'
[1.166s] Level 1:colcon.colcon_core.package_identification:_identify(models/sherpa_kws) by extensions ['ros']
[1.166s] Level 1:colcon.colcon_core.package_identification:_identify(models/sherpa_kws) by extension 'ros'
[1.167s] Level 1:colcon.colcon_core.package_identification:_identify(models/sherpa_kws) by extensions ['cmake', 'python']
[1.167s] Level 1:colcon.colcon_core.package_identification:_identify(models/sherpa_kws) by extension 'cmake'
[1.167s] Level 1:colcon.colcon_core.package_identification:_identify(models/sherpa_kws) by extension 'python'
[1.168s] Level 1:colcon.colcon_core.package_identification:_identify(models/sherpa_kws) by extensions ['python_setup_py']
[1.168s] Level 1:colcon.colcon_core.package_identification:_identify(models/sherpa_kws) by extension 'python_setup_py'
[1.168s] Level 1:colcon.colcon_core.package_identification:_identify(models/sherpa_kws/sherpa-onnx-kws-zipformer-zh-en-3M-2025-12-20) by extensions ['ignore', 'ignore_ament_install']
[1.169s] Level 1:colcon.colcon_core.package_identification:_identify(models/sherpa_kws/sherpa-onnx-kws-zipformer-zh-en-3M-2025-12-20) by extension 'ignore'
[1.169s] Level 1:colcon.colcon_core.package_identification:_identify(models/sherpa_kws/sherpa-onnx-kws-zipformer-zh-en-3M-2025-12-20) by extension 'ignore_ament_install'
[1.170s] Level 1:colcon.colcon_core.package_identification:_identify(models/sherpa_kws/sherpa-onnx-kws-zipformer-zh-en-3M-2025-12-20) by extensions ['colcon_pkg']
[1.170s] Level 1:colcon.colcon_core.package_identification:_identify(models/sherpa_kws/sherpa-onnx-kws-zipformer-zh-en-3M-2025-12-20) by extension 'colcon_pkg'
[1.170s] Level 1:colcon.colcon_core.package_identification:_identify(models/sherpa_kws/sherpa-onnx-kws-zipformer-zh-en-3M-2025-12-20) by extensions ['colcon_meta']
[1.170s] Level 1:colcon.colcon_core.package_identification:_identify(models/sherpa_kws/sherpa-onnx-kws-zipformer-zh-en-3M-2025-12-20) by extension 'colcon_meta'
[1.171s] Level 1:colcon.colcon_core.package_identification:_identify(models/sherpa_kws/sherpa-onnx-kws-zipformer-zh-en-3M-2025-12-20) by extensions ['ros']
[1.171s] Level 1:colcon.colcon_core.package_identification:_identify(models/sherpa_kws/sherpa-onnx-kws-zipformer-zh-en-3M-2025-12-20) by extension 'ros'
[1.172s] Level 1:colcon.colcon_core.package_identification:_identify(models/sherpa_kws/sherpa-onnx-kws-zipformer-zh-en-3M-2025-12-20) by extensions ['cmake', 'python']
[1.172s] Level 1:colcon.colcon_core.package_identification:_identify(models/sherpa_kws/sherpa-onnx-kws-zipformer-zh-en-3M-2025-12-20) by extension 'cmake'
[1.172s] Level 1:colcon.colcon_core.package_identification:_identify(models/sherpa_kws/sherpa-onnx-kws-zipformer-zh-en-3M-2025-12-20) by extension 'python'
[1.173s] Level 1:colcon.colcon_core.package_identification:_identify(models/sherpa_kws/sherpa-onnx-kws-zipformer-zh-en-3M-2025-12-20) by extensions ['python_setup_py']
[1.173s] Level 1:colcon.colcon_core.package_identification:_identify(models/sherpa_kws/sherpa-onnx-kws-zipformer-zh-en-3M-2025-12-20) by extension 'python_setup_py'
[1.173s] Level 1:colcon.colcon_core.package_identification:_identify(models/sherpa_kws/sherpa-onnx-kws-zipformer-zh-en-3M-2025-12-20/test_wavs) by extensions ['ignore', 'ignore_ament_install']
[1.174s] Level 1:colcon.colcon_core.package_identification:_identify(models/sherpa_kws/sherpa-onnx-kws-zipformer-zh-en-3M-2025-12-20/test_wavs) by extension 'ignore'
[1.174s] Level 1:colcon.colcon_core.package_identification:_identify(models/sherpa_kws/sherpa-onnx-kws-zipformer-zh-en-3M-2025-12-20/test_wavs) by extension 'ignore_ament_install'
[1.175s] Level 1:colcon.colcon_core.package_identification:_identify(models/sherpa_kws/sherpa-onnx-kws-zipformer-zh-en-3M-2025-12-20/test_wavs) by extensions ['colcon_pkg']
[1.175s] Level 1:colcon.colcon_core.package_identification:_identify(models/sherpa_kws/sherpa-onnx-kws-zipformer-zh-en-3M-2025-12-20/test_wavs) by extension 'colcon_pkg'
[1.175s] Level 1:colcon.colcon_core.package_identification:_identify(models/sherpa_kws/sherpa-onnx-kws-zipformer-zh-en-3M-2025-12-20/test_wavs) by extensions ['colcon_meta']
[1.175s] Level 1:colcon.colcon_core.package_identification:_identify(models/sherpa_kws/sherpa-onnx-kws-zipformer-zh-en-3M-2025-12-20/test_wavs) by extension 'colcon_meta'
[1.176s] Level 1:colcon.colcon_core.package_identification:_identify(models/sherpa_kws/sherpa-onnx-kws-zipformer-zh-en-3M-2025-12-20/test_wavs) by extensions ['ros']
[1.176s] Level 1:colcon.colcon_core.package_identification:_identify(models/sherpa_kws/sherpa-onnx-kws-zipformer-zh-en-3M-2025-12-20/test_wavs) by extension 'ros'
[1.177s] Level 1:colcon.colcon_core.package_identification:_identify(models/sherpa_kws/sherpa-onnx-kws-zipformer-zh-en-3M-2025-12-20/test_wavs) by extensions ['cmake', 'python']
[1.177s] Level 1:colcon.colcon_core.package_identification:_identify(models/sherpa_kws/sherpa-onnx-kws-zipformer-zh-en-3M-2025-12-20/test_wavs) by extension 'cmake'
[1.177s] Level 1:colcon.colcon_core.package_identification:_identify(models/sherpa_kws/sherpa-onnx-kws-zipformer-zh-en-3M-2025-12-20/test_wavs) by extension 'python'
[1.177s] Level 1:colcon.colcon_core.package_identification:_identify(models/sherpa_kws/sherpa-onnx-kws-zipformer-zh-en-3M-2025-12-20/test_wavs) by extensions ['python_setup_py']
[1.178s] Level 1:colcon.colcon_core.package_identification:_identify(models/sherpa_kws/sherpa-onnx-kws-zipformer-zh-en-3M-2025-12-20/test_wavs) by extension 'python_setup_py'
[1.178s] Level 1:colcon.colcon_core.package_identification:_identify(models/vosk-model-small-cn-0.22) by extensions ['ignore', 'ignore_ament_install']
[1.179s] Level 1:colcon.colcon_core.package_identification:_identify(models/vosk-model-small-cn-0.22) by extension 'ignore'
[1.179s] Level 1:colcon.colcon_core.package_identification:_identify(models/vosk-model-small-cn-0.22) by extension 'ignore_ament_install'
[1.179s] Level 1:colcon.colcon_core.package_identification:_identify(models/vosk-model-small-cn-0.22) by extensions ['colcon_pkg']
[1.180s] Level 1:colcon.colcon_core.package_identification:_identify(models/vosk-model-small-cn-0.22) by extension 'colcon_pkg'
[1.180s] Level 1:colcon.colcon_core.package_identification:_identify(models/vosk-model-small-cn-0.22) by extensions ['colcon_meta']
[1.180s] Level 1:colcon.colcon_core.package_identification:_identify(models/vosk-model-small-cn-0.22) by extension 'colcon_meta'
[1.181s] Level 1:colcon.colcon_core.package_identification:_identify(models/vosk-model-small-cn-0.22) by extensions ['ros']
[1.181s] Level 1:colcon.colcon_core.package_identification:_identify(models/vosk-model-small-cn-0.22) by extension 'ros'
[1.181s] Level 1:colcon.colcon_core.package_identification:_identify(models/vosk-model-small-cn-0.22) by extensions ['cmake', 'python']
[1.182s] Level 1:colcon.colcon_core.package_identification:_identify(models/vosk-model-small-cn-0.22) by extension 'cmake'
[1.182s] Level 1:colcon.colcon_core.package_identification:_identify(models/vosk-model-small-cn-0.22) by extension 'python'
[1.182s] Level 1:colcon.colcon_core.package_identification:_identify(models/vosk-model-small-cn-0.22) by extensions ['python_setup_py']
[1.182s] Level 1:colcon.colcon_core.package_identification:_identify(models/vosk-model-small-cn-0.22) by extension 'python_setup_py'
[1.183s] Level 1:colcon.colcon_core.package_identification:_identify(models/vosk-model-small-cn-0.22/am) by extensions ['ignore', 'ignore_ament_install']
[1.184s] Level 1:colcon.colcon_core.package_identification:_identify(models/vosk-model-small-cn-0.22/am) by extension 'ignore'
[1.184s] Level 1:colcon.colcon_core.package_identification:_identify(models/vosk-model-small-cn-0.22/am) by extension 'ignore_ament_install'
[1.184s] Level 1:colcon.colcon_core.package_identification:_identify(models/vosk-model-small-cn-0.22/am) by extensions ['colcon_pkg']
[1.185s] Level 1:colcon.colcon_core.package_identification:_identify(models/vosk-model-small-cn-0.22/am) by extension 'colcon_pkg'
[1.185s] Level 1:colcon.colcon_core.package_identification:_identify(models/vosk-model-small-cn-0.22/am) by extensions ['colcon_meta']
[1.185s] Level 1:colcon.colcon_core.package_identification:_identify(models/vosk-model-small-cn-0.22/am) by extension 'colcon_meta'
[1.185s] Level 1:colcon.colcon_core.package_identification:_identify(models/vosk-model-small-cn-0.22/am) by extensions ['ros']
[1.186s] Level 1:colcon.colcon_core.package_identification:_identify(models/vosk-model-small-cn-0.22/am) by extension 'ros'
[1.186s] Level 1:colcon.colcon_core.package_identification:_identify(models/vosk-model-small-cn-0.22/am) by extensions ['cmake', 'python']
[1.186s] Level 1:colcon.colcon_core.package_identification:_identify(models/vosk-model-small-cn-0.22/am) by extension 'cmake'
[1.187s] Level 1:colcon.colcon_core.package_identification:_identify(models/vosk-model-small-cn-0.22/am) by extension 'python'
[1.187s] Level 1:colcon.colcon_core.package_identification:_identify(models/vosk-model-small-cn-0.22/am) by extensions ['python_setup_py']
[1.187s] Level 1:colcon.colcon_core.package_identification:_identify(models/vosk-model-small-cn-0.22/am) by extension 'python_setup_py'
[1.188s] Level 1:colcon.colcon_core.package_identification:_identify(models/vosk-model-small-cn-0.22/conf) by extensions ['ignore', 'ignore_ament_install']
[1.188s] Level 1:colcon.colcon_core.package_identification:_identify(models/vosk-model-small-cn-0.22/conf) by extension 'ignore'
[1.189s] Level 1:colcon.colcon_core.package_identification:_identify(models/vosk-model-small-cn-0.22/conf) by extension 'ignore_ament_install'
[1.189s] Level 1:colcon.colcon_core.package_identification:_identify(models/vosk-model-small-cn-0.22/conf) by extensions ['colcon_pkg']
[1.189s] Level 1:colcon.colcon_core.package_identification:_identify(models/vosk-model-small-cn-0.22/conf) by extension 'colcon_pkg'
[1.189s] Level 1:colcon.colcon_core.package_identification:_identify(models/vosk-model-small-cn-0.22/conf) by extensions ['colcon_meta']
[1.190s] Level 1:colcon.colcon_core.package_identification:_identify(models/vosk-model-small-cn-0.22/conf) by extension 'colcon_meta'
[1.190s] Level 1:colcon.colcon_core.package_identification:_identify(models/vosk-model-small-cn-0.22/conf) by extensions ['ros']
[1.190s] Level 1:colcon.colcon_core.package_identification:_identify(models/vosk-model-small-cn-0.22/conf) by extension 'ros'
[1.191s] Level 1:colcon.colcon_core.package_identification:_identify(models/vosk-model-small-cn-0.22/conf) by extensions ['cmake', 'python']
[1.191s] Level 1:colcon.colcon_core.package_identification:_identify(models/vosk-model-small-cn-0.22/conf) by extension 'cmake'
[1.191s] Level 1:colcon.colcon_core.package_identification:_identify(models/vosk-model-small-cn-0.22/conf) by extension 'python'
[1.191s] Level 1:colcon.colcon_core.package_identification:_identify(models/vosk-model-small-cn-0.22/conf) by extensions ['python_setup_py']
[1.192s] Level 1:colcon.colcon_core.package_identification:_identify(models/vosk-model-small-cn-0.22/conf) by extension 'python_setup_py'
[1.192s] Level 1:colcon.colcon_core.package_identification:_identify(models/vosk-model-small-cn-0.22/graph) by extensions ['ignore', 'ignore_ament_install']
[1.193s] Level 1:colcon.colcon_core.package_identification:_identify(models/vosk-model-small-cn-0.22/graph) by extension 'ignore'
[1.193s] Level 1:colcon.colcon_core.package_identification:_identify(models/vosk-model-small-cn-0.22/graph) by extension 'ignore_ament_install'
[1.193s] Level 1:colcon.colcon_core.package_identification:_identify(models/vosk-model-small-cn-0.22/graph) by extensions ['colcon_pkg']
[1.194s] Level 1:colcon.colcon_core.package_identification:_identify(models/vosk-model-small-cn-0.22/graph) by extension 'colcon_pkg'
[1.194s] Level 1:colcon.colcon_core.package_identification:_identify(models/vosk-model-small-cn-0.22/graph) by extensions ['colcon_meta']
[1.194s] Level 1:colcon.colcon_core.package_identification:_identify(models/vosk-model-small-cn-0.22/graph) by extension 'colcon_meta'
[1.194s] Level 1:colcon.colcon_core.package_identification:_identify(models/vosk-model-small-cn-0.22/graph) by extensions ['ros']
[1.194s] Level 1:colcon.colcon_core.package_identification:_identify(models/vosk-model-small-cn-0.22/graph) by extension 'ros'
[1.195s] Level 1:colcon.colcon_core.package_identification:_identify(models/vosk-model-small-cn-0.22/graph) by extensions ['cmake', 'python']
[1.195s] Level 1:colcon.colcon_core.package_identification:_identify(models/vosk-model-small-cn-0.22/graph) by extension 'cmake'
[1.195s] Level 1:colcon.colcon_core.package_identification:_identify(models/vosk-model-small-cn-0.22/graph) by extension 'python'
[1.196s] Level 1:colcon.colcon_core.package_identification:_identify(models/vosk-model-small-cn-0.22/graph) by extensions ['python_setup_py']
[1.196s] Level 1:colcon.colcon_core.package_identification:_identify(models/vosk-model-small-cn-0.22/graph) by extension 'python_setup_py'
[1.197s] Level 1:colcon.colcon_core.package_identification:_identify(models/vosk-model-small-cn-0.22/graph/phones) by extensions ['ignore', 'ignore_ament_install']
[1.197s] Level 1:colcon.colcon_core.package_identification:_identify(models/vosk-model-small-cn-0.22/graph/phones) by extension 'ignore'
[1.198s] Level 1:colcon.colcon_core.package_identification:_identify(models/vosk-model-small-cn-0.22/graph/phones) by extension 'ignore_ament_install'
[1.198s] Level 1:colcon.colcon_core.package_identification:_identify(models/vosk-model-small-cn-0.22/graph/phones) by extensions ['colcon_pkg']
[1.198s] Level 1:colcon.colcon_core.package_identification:_identify(models/vosk-model-small-cn-0.22/graph/phones) by extension 'colcon_pkg'
[1.198s] Level 1:colcon.colcon_core.package_identification:_identify(models/vosk-model-small-cn-0.22/graph/phones) by extensions ['colcon_meta']
[1.199s] Level 1:colcon.colcon_core.package_identification:_identify(models/vosk-model-small-cn-0.22/graph/phones) by extension 'colcon_meta'
[1.199s] Level 1:colcon.colcon_core.package_identification:_identify(models/vosk-model-small-cn-0.22/graph/phones) by extensions ['ros']
[1.199s] Level 1:colcon.colcon_core.package_identification:_identify(models/vosk-model-small-cn-0.22/graph/phones) by extension 'ros'
[1.200s] Level 1:colcon.colcon_core.package_identification:_identify(models/vosk-model-small-cn-0.22/graph/phones) by extensions ['cmake', 'python']
[1.200s] Level 1:colcon.colcon_core.package_identification:_identify(models/vosk-model-small-cn-0.22/graph/phones) by extension 'cmake'
[1.200s] Level 1:colcon.colcon_core.package_identification:_identify(models/vosk-model-small-cn-0.22/graph/phones) by extension 'python'
[1.201s] Level 1:colcon.colcon_core.package_identification:_identify(models/vosk-model-small-cn-0.22/graph/phones) by extensions ['python_setup_py']
[1.201s] Level 1:colcon.colcon_core.package_identification:_identify(models/vosk-model-small-cn-0.22/graph/phones) by extension 'python_setup_py'
[1.201s] Level 1:colcon.colcon_core.package_identification:_identify(models/vosk-model-small-cn-0.22/ivector) by extensions ['ignore', 'ignore_ament_install']
[1.202s] Level 1:colcon.colcon_core.package_identification:_identify(models/vosk-model-small-cn-0.22/ivector) by extension 'ignore'
[1.202s] Level 1:colcon.colcon_core.package_identification:_identify(models/vosk-model-small-cn-0.22/ivector) by extension 'ignore_ament_install'
[1.202s] Level 1:colcon.colcon_core.package_identification:_identify(models/vosk-model-small-cn-0.22/ivector) by extensions ['colcon_pkg']
[1.203s] Level 1:colcon.colcon_core.package_identification:_identify(models/vosk-model-small-cn-0.22/ivector) by extension 'colcon_pkg'
[1.203s] Level 1:colcon.colcon_core.package_identification:_identify(models/vosk-model-small-cn-0.22/ivector) by extensions ['colcon_meta']
[1.203s] Level 1:colcon.colcon_core.package_identification:_identify(models/vosk-model-small-cn-0.22/ivector) by extension 'colcon_meta'
[1.203s] Level 1:colcon.colcon_core.package_identification:_identify(models/vosk-model-small-cn-0.22/ivector) by extensions ['ros']
[1.204s] Level 1:colcon.colcon_core.package_identification:_identify(models/vosk-model-small-cn-0.22/ivector) by extension 'ros'
[1.204s] Level 1:colcon.colcon_core.package_identification:_identify(models/vosk-model-small-cn-0.22/ivector) by extensions ['cmake', 'python']
[1.204s] Level 1:colcon.colcon_core.package_identification:_identify(models/vosk-model-small-cn-0.22/ivector) by extension 'cmake'
[1.205s] Level 1:colcon.colcon_core.package_identification:_identify(models/vosk-model-small-cn-0.22/ivector) by extension 'python'
[1.205s] Level 1:colcon.colcon_core.package_identification:_identify(models/vosk-model-small-cn-0.22/ivector) by extensions ['python_setup_py']
[1.205s] Level 1:colcon.colcon_core.package_identification:_identify(models/vosk-model-small-cn-0.22/ivector) by extension 'python_setup_py'
[1.206s] Level 1:colcon.colcon_core.package_identification:_identify(src) by extensions ['ignore', 'ignore_ament_install']
[1.206s] Level 1:colcon.colcon_core.package_identification:_identify(src) by extension 'ignore'
[1.206s] Level 1:colcon.colcon_core.package_identification:_identify(src) by extension 'ignore_ament_install'
[1.207s] Level 1:colcon.colcon_core.package_identification:_identify(src) by extensions ['colcon_pkg']
[1.207s] Level 1:colcon.colcon_core.package_identification:_identify(src) by extension 'colcon_pkg'
[1.207s] Level 1:colcon.colcon_core.package_identification:_identify(src) by extensions ['colcon_meta']
[1.208s] Level 1:colcon.colcon_core.package_identification:_identify(src) by extension 'colcon_meta'
[1.208s] Level 1:colcon.colcon_core.package_identification:_identify(src) by extensions ['ros']
[1.208s] Level 1:colcon.colcon_core.package_identification:_identify(src) by extension 'ros'
[1.209s] Level 1:colcon.colcon_core.package_identification:_identify(src) by extensions ['cmake', 'python']
[1.209s] Level 1:colcon.colcon_core.package_identification:_identify(src) by extension 'cmake'
[1.209s] Level 1:colcon.colcon_core.package_identification:_identify(src) by extension 'python'
[1.209s] Level 1:colcon.colcon_core.package_identification:_identify(src) by extensions ['python_setup_py']
[1.209s] Level 1:colcon.colcon_core.package_identification:_identify(src) by extension 'python_setup_py'
[1.210s] Level 1:colcon.colcon_core.package_identification:_identify(src/puppy_brain) by extensions ['ignore', 'ignore_ament_install']
[1.211s] Level 1:colcon.colcon_core.package_identification:_identify(src/puppy_brain) by extension 'ignore'
[1.211s] Level 1:colcon.colcon_core.package_identification:_identify(src/puppy_brain) by extension 'ignore_ament_install'
[1.211s] Level 1:colcon.colcon_core.package_identification:_identify(src/puppy_brain) by extensions ['colcon_pkg']
[1.211s] Level 1:colcon.colcon_core.package_identification:_identify(src/puppy_brain) by extension 'colcon_pkg'
[1.212s] Level 1:colcon.colcon_core.package_identification:_identify(src/puppy_brain) by extensions ['colcon_meta']
[1.212s] Level 1:colcon.colcon_core.package_identification:_identify(src/puppy_brain) by extension 'colcon_meta'
[1.212s] Level 1:colcon.colcon_core.package_identification:_identify(src/puppy_brain) by extensions ['ros']
[1.212s] Level 1:colcon.colcon_core.package_identification:_identify(src/puppy_brain) by extension 'ros'
[1.235s] DEBUG:colcon.colcon_core.package_identification:Package 'src/puppy_brain' with type 'ros.ament_python' and name 'puppy_brain'
[1.236s] Level 1:colcon.colcon_core.package_identification:_identify(tools) by extensions ['ignore', 'ignore_ament_install']
[1.236s] Level 1:colcon.colcon_core.package_identification:_identify(tools) by extension 'ignore'
[1.237s] Level 1:colcon.colcon_core.package_identification:_identify(tools) by extension 'ignore_ament_install'
[1.237s] Level 1:colcon.colcon_core.package_identification:_identify(tools) by extensions ['colcon_pkg']
[1.237s] Level 1:colcon.colcon_core.package_identification:_identify(tools) by extension 'colcon_pkg'
[1.238s] Level 1:colcon.colcon_core.package_identification:_identify(tools) by extensions ['colcon_meta']
[1.238s] Level 1:colcon.colcon_core.package_identification:_identify(tools) by extension 'colcon_meta'
[1.238s] Level 1:colcon.colcon_core.package_identification:_identify(tools) by extensions ['ros']
[1.238s] Level 1:colcon.colcon_core.package_identification:_identify(tools) by extension 'ros'
[1.239s] Level 1:colcon.colcon_core.package_identification:_identify(tools) by extensions ['cmake', 'python']
[1.239s] Level 1:colcon.colcon_core.package_identification:_identify(tools) by extension 'cmake'
[1.239s] Level 1:colcon.colcon_core.package_identification:_identify(tools) by extension 'python'
[1.240s] Level 1:colcon.colcon_core.package_identification:_identify(tools) by extensions ['python_setup_py']
[1.240s] Level 1:colcon.colcon_core.package_identification:_identify(tools) by extension 'python_setup_py'
[1.240s] Level 1:colcon.colcon_core.package_discovery:discover_packages(recursive) using defaults
[1.241s] Level 1:colcon.colcon_core.package_discovery:discover_packages(ignore) discover
[1.241s] Level 1:colcon.colcon_core.package_discovery:discover_packages(ignore) using defaults
[1.241s] Level 1:colcon.colcon_core.package_discovery:discover_packages(path) discover
[1.241s] Level 1:colcon.colcon_core.package_discovery:discover_packages(path) using defaults
[1.381s] Level 1:colcon.colcon_core.package_discovery:discover_packages(prefix_path) check parameters
[1.382s] Level 1:colcon.colcon_core.package_discovery:discover_packages(prefix_path) discover
[1.394s] DEBUG:colcon.colcon_installed_package_information.package_discovery:Found 1 installed packages in /app/puppy_ws/install
[1.397s] DEBUG:colcon.colcon_installed_package_information.package_discovery:Found 58 installed packages in /opt/tros/humble
[1.414s] DEBUG:colcon.colcon_installed_package_information.package_discovery:Found 183 installed packages in /opt/ros/humble
[1.422s] Level 1:colcon.colcon_core.package_discovery:discover_packages(prefix_path) using defaults
[1.637s] Level 5:colcon.colcon_core.verb:set package 'puppy_brain' build argument 'cmake_args' from command line to 'None'
[1.637s] Level 5:colcon.colcon_core.verb:set package 'puppy_brain' build argument 'cmake_target' from command line to 'None'
[1.637s] Level 5:colcon.colcon_core.verb:set package 'puppy_brain' build argument 'cmake_target_skip_unavailable' from command line to 'False'
[1.638s] Level 5:colcon.colcon_core.verb:set package 'puppy_brain' build argument 'cmake_clean_cache' from command line to 'False'
[1.638s] Level 5:colcon.colcon_core.verb:set package 'puppy_brain' build argument 'cmake_clean_first' from command line to 'False'
[1.638s] Level 5:colcon.colcon_core.verb:set package 'puppy_brain' build argument 'cmake_force_configure' from command line to 'False'
[1.638s] Level 5:colcon.colcon_core.verb:set package 'puppy_brain' build argument 'ament_cmake_args' from command line to 'None'
[1.638s] Level 5:colcon.colcon_core.verb:set package 'puppy_brain' build argument 'catkin_cmake_args' from command line to 'None'
[1.639s] Level 5:colcon.colcon_core.verb:set package 'puppy_brain' build argument 'catkin_skip_building_tests' from command line to 'False'
[1.639s] DEBUG:colcon.colcon_core.verb:Building package 'puppy_brain' with the following arguments: {'ament_cmake_args': None, 'build_base': '/app/puppy_ws/build/puppy_brain', 'catkin_cmake_args': None, 'catkin_skip_building_tests': False, 'cmake_args': None, 'cmake_clean_cache': False, 'cmake_clean_first': False, 'cmake_force_configure': False, 'cmake_target': None, 'cmake_target_skip_unavailable': False, 'install_base': '/app/puppy_ws/install/puppy_brain', 'merge_install': False, 'path': '/app/puppy_ws/src/puppy_brain', 'symlink_install': False, 'test_result_base': None}
[1.640s] INFO:colcon.colcon_core.executor:Executing jobs using 'parallel' executor
[1.645s] DEBUG:colcon.colcon_parallel_executor.executor.parallel:run_until_complete
[1.646s] INFO:colcon.colcon_ros.task.ament_python.build:Building ROS package in '/app/puppy_ws/src/puppy_brain' with build type 'ament_python'
[1.647s] Level 1:colcon.colcon_core.shell:create_environment_hook('puppy_brain', 'ament_prefix_path')
[1.667s] INFO:colcon.colcon_core.plugin_system:Skipping extension 'colcon_core.shell.bat': Not used on non-Windows systems
[1.668s] INFO:colcon.colcon_core.shell:Creating environment hook '/app/puppy_ws/install/puppy_brain/share/puppy_brain/hook/ament_prefix_path.ps1'
[1.672s] INFO:colcon.colcon_core.shell:Creating environment descriptor '/app/puppy_ws/install/puppy_brain/share/puppy_brain/hook/ament_prefix_path.dsv'
[1.676s] INFO:colcon.colcon_core.shell:Creating environment hook '/app/puppy_ws/install/puppy_brain/share/puppy_brain/hook/ament_prefix_path.sh'
[1.681s] INFO:colcon.colcon_core.shell:Skip shell extension 'powershell' for command environment: Not usable outside of PowerShell
[1.681s] DEBUG:colcon.colcon_core.shell:Skip shell extension 'dsv' for command environment
[2.977s] INFO:colcon.colcon_core.task.python.build:Building Python package in '/app/puppy_ws/src/puppy_brain'
[2.979s] INFO:colcon.colcon_core.shell:Skip shell extension 'powershell' for command environment: Not usable outside of PowerShell
[2.979s] DEBUG:colcon.colcon_core.shell:Skip shell extension 'dsv' for command environment
[5.581s] DEBUG:colcon.colcon_core.event_handler.log_command:Invoking command in '/app/puppy_ws/src/puppy_brain': PYTHONPATH=/app/puppy_ws/build/puppy_brain/prefix_override:/usr/lib/python3/dist-packages/colcon_core/task/python/colcon_distutils_commands:/app/puppy_ws/install/puppy_brain/lib/python3.10/site-packages:${PYTHONPATH} /usr/bin/python3 -W ignore:setup.py install is deprecated -W ignore:easy_install command is deprecated setup.py egg_info --egg-base ../../build/puppy_brain build --build-base /app/puppy_ws/build/puppy_brain/build install --record /app/puppy_ws/build/puppy_brain/install.log --single-version-externally-managed install_data
[8.006s] DEBUG:colcon.colcon_core.event_handler.log_command:Invoked command in '/app/puppy_ws/src/puppy_brain' returned '0': PYTHONPATH=/app/puppy_ws/build/puppy_brain/prefix_override:/usr/lib/python3/dist-packages/colcon_core/task/python/colcon_distutils_commands:/app/puppy_ws/install/puppy_brain/lib/python3.10/site-packages:${PYTHONPATH} /usr/bin/python3 -W ignore:setup.py install is deprecated -W ignore:easy_install command is deprecated setup.py egg_info --egg-base ../../build/puppy_brain build --build-base /app/puppy_ws/build/puppy_brain/build install --record /app/puppy_ws/build/puppy_brain/install.log --single-version-externally-managed install_data
[8.034s] Level 1:colcon.colcon_core.environment:checking '/app/puppy_ws/install/puppy_brain' for CMake module files
[8.038s] Level 1:colcon.colcon_core.environment:checking '/app/puppy_ws/install/puppy_brain' for CMake config files
[8.042s] Level 1:colcon.colcon_core.environment:checking '/app/puppy_ws/install/puppy_brain/lib'
[8.043s] Level 1:colcon.colcon_core.environment:checking '/app/puppy_ws/install/puppy_brain/bin'
[8.044s] Level 1:colcon.colcon_core.environment:checking '/app/puppy_ws/install/puppy_brain/lib/pkgconfig/puppy_brain.pc'
[8.046s] Level 1:colcon.colcon_core.environment:checking '/app/puppy_ws/install/puppy_brain/lib/python3.10/site-packages'
[8.046s] Level 1:colcon.colcon_core.shell:create_environment_hook('puppy_brain', 'pythonpath')
[8.048s] INFO:colcon.colcon_core.shell:Creating environment hook '/app/puppy_ws/install/puppy_brain/share/puppy_brain/hook/pythonpath.ps1'
[8.050s] INFO:colcon.colcon_core.shell:Creating environment descriptor '/app/puppy_ws/install/puppy_brain/share/puppy_brain/hook/pythonpath.dsv'
[8.052s] INFO:colcon.colcon_core.shell:Creating environment hook '/app/puppy_ws/install/puppy_brain/share/puppy_brain/hook/pythonpath.sh'
[8.057s] Level 1:colcon.colcon_core.environment:checking '/app/puppy_ws/install/puppy_brain/bin'
[8.057s] Level 1:colcon.colcon_core.environment:create_environment_scripts_only(puppy_brain)
[8.060s] INFO:colcon.colcon_core.shell:Creating package script '/app/puppy_ws/install/puppy_brain/share/puppy_brain/package.ps1'
[8.067s] INFO:colcon.colcon_core.shell:Creating package descriptor '/app/puppy_ws/install/puppy_brain/share/puppy_brain/package.dsv'
[8.072s] INFO:colcon.colcon_core.shell:Creating package script '/app/puppy_ws/install/puppy_brain/share/puppy_brain/package.sh'
[8.078s] INFO:colcon.colcon_core.shell:Creating package script '/app/puppy_ws/install/puppy_brain/share/puppy_brain/package.bash'
[8.085s] INFO:colcon.colcon_core.shell:Creating package script '/app/puppy_ws/install/puppy_brain/share/puppy_brain/package.zsh'
[8.091s] Level 1:colcon.colcon_core.environment:create_file_with_runtime_dependencies(/app/puppy_ws/install/puppy_brain/share/colcon-core/packages/puppy_brain)
[8.094s] DEBUG:colcon.colcon_parallel_executor.executor.parallel:closing loop
[8.095s] DEBUG:colcon.colcon_parallel_executor.executor.parallel:loop closed
[8.096s] DEBUG:colcon.colcon_parallel_executor.executor.parallel:run_until_complete finished with '0'
[8.096s] DEBUG:colcon.colcon_core.event_reactor:joining thread
[8.136s] INFO:colcon.colcon_core.plugin_system:Skipping extension 'colcon_notification.desktop_notification.notify_send': Could not find 'notify-send'
[8.137s] INFO:colcon.colcon_core.plugin_system:Skipping extension 'colcon_notification.desktop_notification.terminal_notifier': Not used on non-Darwin systems
[8.137s] INFO:colcon.colcon_core.plugin_system:Skipping extension 'colcon_notification.desktop_notification.win32': Not used on non-Windows systems
[8.138s] INFO:colcon.colcon_notification.desktop_notification:Sending desktop notification using 'notify2'
[8.504s] DEBUG:colcon.colcon_core.event_reactor:joined thread
[8.507s] INFO:colcon.colcon_core.shell:Creating prefix script '/app/puppy_ws/install/local_setup.ps1'
[8.516s] INFO:colcon.colcon_core.shell:Creating prefix util module '/app/puppy_ws/install/_local_setup_util_ps1.py'
[8.530s] INFO:colcon.colcon_core.shell:Creating prefix chain script '/app/puppy_ws/install/setup.ps1'
[8.540s] INFO:colcon.colcon_core.shell:Creating prefix script '/app/puppy_ws/install/local_setup.sh'
[8.544s] INFO:colcon.colcon_core.shell:Creating prefix util module '/app/puppy_ws/install/_local_setup_util_sh.py'
[8.549s] INFO:colcon.colcon_core.shell:Creating prefix chain script '/app/puppy_ws/install/setup.sh'
[8.557s] INFO:colcon.colcon_core.shell:Creating prefix script '/app/puppy_ws/install/local_setup.bash'
[8.561s] INFO:colcon.colcon_core.shell:Creating prefix chain script '/app/puppy_ws/install/setup.bash'
[8.569s] INFO:colcon.colcon_core.shell:Creating prefix script '/app/puppy_ws/install/local_setup.zsh'
[8.573s] INFO:colcon.colcon_core.shell:Creating prefix chain script '/app/puppy_ws/install/setup.zsh'
